[0.236s] Invoking command in '/home/krishna/ROS2/catkin_ws/src/my_py_pkg': PYTHONPATH=/home/krishna/ROS2/catkin_ws/src/my_py_pkg/install/my_py_pkg/lib/python3.8/site-packages:${PYTHONPATH} /usr/bin/python3 setup.py egg_info --egg-base build/my_py_pkg build --build-base /home/krishna/ROS2/catkin_ws/src/my_py_pkg/build/my_py_pkg/build install --prefix /home/krishna/ROS2/catkin_ws/src/my_py_pkg/install/my_py_pkg --record /home/krishna/ROS2/catkin_ws/src/my_py_pkg/build/my_py_pkg/install.log --single-version-externally-managed
[0.431s] running egg_info
[0.431s] writing build/my_py_pkg/my_py_pkg.egg-info/PKG-INFO
[0.432s] writing dependency_links to build/my_py_pkg/my_py_pkg.egg-info/dependency_links.txt
[0.432s] writing entry points to build/my_py_pkg/my_py_pkg.egg-info/entry_points.txt
[0.432s] writing requirements to build/my_py_pkg/my_py_pkg.egg-info/requires.txt
[0.432s] writing top-level names to build/my_py_pkg/my_py_pkg.egg-info/top_level.txt
[0.463s] reading manifest file 'build/my_py_pkg/my_py_pkg.egg-info/SOURCES.txt'
[0.464s] writing manifest file 'build/my_py_pkg/my_py_pkg.egg-info/SOURCES.txt'
[0.464s] running build
[0.464s] running build_py
[0.465s] running install
[0.465s] running install_lib
[0.467s] running install_data
[0.467s] running install_egg_info
[0.469s] removing '/home/krishna/ROS2/catkin_ws/src/my_py_pkg/install/my_py_pkg/lib/python3.8/site-packages/my_py_pkg-0.0.0-py3.8.egg-info' (and everything under it)
[0.469s] Copying build/my_py_pkg/my_py_pkg.egg-info to /home/krishna/ROS2/catkin_ws/src/my_py_pkg/install/my_py_pkg/lib/python3.8/site-packages/my_py_pkg-0.0.0-py3.8.egg-info
[0.471s] running install_scripts
[0.490s] Installing py_exe = my_py_pkg.first_py_node:mainpyclass_exe script to /home/krishna/ROS2/catkin_ws/src/my_py_pkg/install/my_py_pkg/lib/my_py_pkg
[0.491s] writing list of installed files to '/home/krishna/ROS2/catkin_ws/src/my_py_pkg/build/my_py_pkg/install.log'
[0.510s] Invoked command in '/home/krishna/ROS2/catkin_ws/src/my_py_pkg' returned '0': PYTHONPATH=/home/krishna/ROS2/catkin_ws/src/my_py_pkg/install/my_py_pkg/lib/python3.8/site-packages:${PYTHONPATH} /usr/bin/python3 setup.py egg_info --egg-base build/my_py_pkg build --build-base /home/krishna/ROS2/catkin_ws/src/my_py_pkg/build/my_py_pkg/build install --prefix /home/krishna/ROS2/catkin_ws/src/my_py_pkg/install/my_py_pkg --record /home/krishna/ROS2/catkin_ws/src/my_py_pkg/build/my_py_pkg/install.log --single-version-externally-managed
