[0.327s] DEBUG:colcon:Command line arguments: ['/usr/bin/colcon', 'build']
[0.327s] DEBUG:colcon:Parsed command line arguments: Namespace(ament_cmake_args=None, base_paths=['.'], build_base='build', catkin_cmake_args=None, catkin_skip_building_tests=False, cmake_args=None, cmake_clean_cache=False, cmake_clean_first=False, cmake_force_configure=False, cmake_target=None, cmake_target_skip_unavailable=False, continue_on_error=False, event_handlers=None, executor='parallel', ignore_user_meta=False, install_base='install', log_base=None, log_level=None, main=<bound method BuildVerb.main of <colcon_core.verb.build.BuildVerb object at 0x7f8c71d576d0>>, merge_install=False, metas=['./colcon.meta'], packages_above=None, packages_above_and_dependencies=None, packages_above_depth=None, packages_end=None, packages_ignore=None, packages_ignore_regex=None, packages_select=None, packages_select_build_failed=False, packages_select_by_dep=None, packages_select_regex=None, packages_select_test_failures=False, packages_skip=None, packages_skip_build_finished=False, packages_skip_by_dep=None, packages_skip_regex=None, packages_skip_test_passed=False, packages_skip_up_to=None, packages_start=None, packages_up_to=None, packages_up_to_regex=None, parallel_workers=8, paths=None, symlink_install=False, test_result_base=None, verb_extension=<colcon_core.verb.build.BuildVerb object at 0x7f8c71d576d0>, verb_name='build', verb_parser=<colcon_defaults.argument_parser.defaults.DefaultArgumentsDecorator object at 0x7f8c71d57c10>)
[0.334s] Level 1:colcon.colcon_core.package_discovery:discover_packages(colcon_meta) check parameters
[0.334s] Level 1:colcon.colcon_core.package_discovery:discover_packages(recursive) check parameters
[0.334s] Level 1:colcon.colcon_core.package_discovery:discover_packages(ignore) check parameters
[0.334s] Level 1:colcon.colcon_core.package_discovery:discover_packages(path) check parameters
[0.334s] Level 1:colcon.colcon_core.package_discovery:discover_packages(colcon_meta) discover
[0.334s] Level 1:colcon.colcon_core.package_discovery:discover_packages(recursive) discover
[0.334s] INFO:colcon.colcon_core.package_discovery:Crawling recursively for packages in '/home/krishna/Altran_Folders/ROS2/catkin_ws'
[0.334s] Level 1:colcon.colcon_core.package_identification:_identify(.) by extensions ['ignore', 'ignore_ament_install']
[0.334s] Level 1:colcon.colcon_core.package_identification:_identify(.) by extension 'ignore'
[0.334s] Level 1:colcon.colcon_core.package_identification:_identify(.) by extension 'ignore_ament_install'
[0.334s] Level 1:colcon.colcon_core.package_identification:_identify(.) by extensions ['colcon_pkg']
[0.334s] Level 1:colcon.colcon_core.package_identification:_identify(.) by extension 'colcon_pkg'
[0.334s] Level 1:colcon.colcon_core.package_identification:_identify(.) by extensions ['colcon_meta']
[0.334s] Level 1:colcon.colcon_core.package_identification:_identify(.) by extension 'colcon_meta'
[0.334s] Level 1:colcon.colcon_core.package_identification:_identify(.) by extensions ['ros']
[0.334s] Level 1:colcon.colcon_core.package_identification:_identify(.) by extension 'ros'
[0.344s] Level 1:colcon.colcon_core.package_identification:_identify(.) by extensions ['cmake', 'python']
[0.344s] Level 1:colcon.colcon_core.package_identification:_identify(.) by extension 'cmake'
[0.344s] Level 1:colcon.colcon_core.package_identification:_identify(.) by extension 'python'
[0.344s] Level 1:colcon.colcon_core.package_identification:_identify(.) by extensions ['python_setup_py']
[0.344s] Level 1:colcon.colcon_core.package_identification:_identify(.) by extension 'python_setup_py'
[0.344s] Level 1:colcon.colcon_core.package_identification:_identify(build) by extensions ['ignore', 'ignore_ament_install']
[0.344s] Level 1:colcon.colcon_core.package_identification:_identify(build) by extension 'ignore'
[0.344s] Level 1:colcon.colcon_core.package_identification:_identify(build) ignored
[0.344s] Level 1:colcon.colcon_core.package_identification:_identify(install) by extensions ['ignore', 'ignore_ament_install']
[0.344s] Level 1:colcon.colcon_core.package_identification:_identify(install) by extension 'ignore'
[0.344s] Level 1:colcon.colcon_core.package_identification:_identify(install) ignored
[0.345s] Level 1:colcon.colcon_core.package_identification:_identify(log) by extensions ['ignore', 'ignore_ament_install']
[0.345s] Level 1:colcon.colcon_core.package_identification:_identify(log) by extension 'ignore'
[0.345s] Level 1:colcon.colcon_core.package_identification:_identify(log) ignored
[0.345s] Level 1:colcon.colcon_core.package_identification:_identify(src) by extensions ['ignore', 'ignore_ament_install']
[0.345s] Level 1:colcon.colcon_core.package_identification:_identify(src) by extension 'ignore'
[0.345s] Level 1:colcon.colcon_core.package_identification:_identify(src) by extension 'ignore_ament_install'
[0.345s] Level 1:colcon.colcon_core.package_identification:_identify(src) by extensions ['colcon_pkg']
[0.345s] Level 1:colcon.colcon_core.package_identification:_identify(src) by extension 'colcon_pkg'
[0.345s] Level 1:colcon.colcon_core.package_identification:_identify(src) by extensions ['colcon_meta']
[0.345s] Level 1:colcon.colcon_core.package_identification:_identify(src) by extension 'colcon_meta'
[0.345s] Level 1:colcon.colcon_core.package_identification:_identify(src) by extensions ['ros']
[0.345s] Level 1:colcon.colcon_core.package_identification:_identify(src) by extension 'ros'
[0.345s] Level 1:colcon.colcon_core.package_identification:_identify(src) by extensions ['cmake', 'python']
[0.345s] Level 1:colcon.colcon_core.package_identification:_identify(src) by extension 'cmake'
[0.345s] Level 1:colcon.colcon_core.package_identification:_identify(src) by extension 'python'
[0.345s] Level 1:colcon.colcon_core.package_identification:_identify(src) by extensions ['python_setup_py']
[0.345s] Level 1:colcon.colcon_core.package_identification:_identify(src) by extension 'python_setup_py'
[0.345s] Level 1:colcon.colcon_core.package_identification:_identify(src/custom_interfaces) by extensions ['ignore', 'ignore_ament_install']
[0.345s] Level 1:colcon.colcon_core.package_identification:_identify(src/custom_interfaces) by extension 'ignore'
[0.345s] Level 1:colcon.colcon_core.package_identification:_identify(src/custom_interfaces) by extension 'ignore_ament_install'
[0.345s] Level 1:colcon.colcon_core.package_identification:_identify(src/custom_interfaces) by extensions ['colcon_pkg']
[0.345s] Level 1:colcon.colcon_core.package_identification:_identify(src/custom_interfaces) by extension 'colcon_pkg'
[0.345s] Level 1:colcon.colcon_core.package_identification:_identify(src/custom_interfaces) by extensions ['colcon_meta']
[0.345s] Level 1:colcon.colcon_core.package_identification:_identify(src/custom_interfaces) by extension 'colcon_meta'
[0.346s] Level 1:colcon.colcon_core.package_identification:_identify(src/custom_interfaces) by extensions ['ros']
[0.346s] Level 1:colcon.colcon_core.package_identification:_identify(src/custom_interfaces) by extension 'ros'
[0.348s] DEBUG:colcon.colcon_core.package_identification:Package 'src/custom_interfaces' with type 'ros.ament_cmake' and name 'custom_interfaces'
[0.348s] Level 1:colcon.colcon_core.package_identification:_identify(src/my_cpp_pkg) by extensions ['ignore', 'ignore_ament_install']
[0.348s] Level 1:colcon.colcon_core.package_identification:_identify(src/my_cpp_pkg) by extension 'ignore'
[0.348s] Level 1:colcon.colcon_core.package_identification:_identify(src/my_cpp_pkg) by extension 'ignore_ament_install'
[0.348s] Level 1:colcon.colcon_core.package_identification:_identify(src/my_cpp_pkg) by extensions ['colcon_pkg']
[0.348s] Level 1:colcon.colcon_core.package_identification:_identify(src/my_cpp_pkg) by extension 'colcon_pkg'
[0.348s] Level 1:colcon.colcon_core.package_identification:_identify(src/my_cpp_pkg) by extensions ['colcon_meta']
[0.348s] Level 1:colcon.colcon_core.package_identification:_identify(src/my_cpp_pkg) by extension 'colcon_meta'
[0.348s] Level 1:colcon.colcon_core.package_identification:_identify(src/my_cpp_pkg) by extensions ['ros']
[0.348s] Level 1:colcon.colcon_core.package_identification:_identify(src/my_cpp_pkg) by extension 'ros'
[0.349s] DEBUG:colcon.colcon_core.package_identification:Package 'src/my_cpp_pkg' with type 'ros.ament_cmake' and name 'my_cpp_pkg'
[0.349s] Level 1:colcon.colcon_core.package_identification:_identify(src/my_py_pkg) by extensions ['ignore', 'ignore_ament_install']
[0.349s] Level 1:colcon.colcon_core.package_identification:_identify(src/my_py_pkg) by extension 'ignore'
[0.349s] Level 1:colcon.colcon_core.package_identification:_identify(src/my_py_pkg) by extension 'ignore_ament_install'
[0.349s] Level 1:colcon.colcon_core.package_identification:_identify(src/my_py_pkg) by extensions ['colcon_pkg']
[0.349s] Level 1:colcon.colcon_core.package_identification:_identify(src/my_py_pkg) by extension 'colcon_pkg'
[0.349s] Level 1:colcon.colcon_core.package_identification:_identify(src/my_py_pkg) by extensions ['colcon_meta']
[0.349s] Level 1:colcon.colcon_core.package_identification:_identify(src/my_py_pkg) by extension 'colcon_meta'
[0.349s] Level 1:colcon.colcon_core.package_identification:_identify(src/my_py_pkg) by extensions ['ros']
[0.349s] Level 1:colcon.colcon_core.package_identification:_identify(src/my_py_pkg) by extension 'ros'
[0.350s] DEBUG:colcon.colcon_core.package_identification:Package 'src/my_py_pkg' with type 'ros.ament_python' and name 'my_py_pkg'
[0.350s] Level 1:colcon.colcon_core.package_identification:_identify(src/my_robot_bringup) by extensions ['ignore', 'ignore_ament_install']
[0.350s] Level 1:colcon.colcon_core.package_identification:_identify(src/my_robot_bringup) by extension 'ignore'
[0.350s] Level 1:colcon.colcon_core.package_identification:_identify(src/my_robot_bringup) by extension 'ignore_ament_install'
[0.350s] Level 1:colcon.colcon_core.package_identification:_identify(src/my_robot_bringup) by extensions ['colcon_pkg']
[0.350s] Level 1:colcon.colcon_core.package_identification:_identify(src/my_robot_bringup) by extension 'colcon_pkg'
[0.350s] Level 1:colcon.colcon_core.package_identification:_identify(src/my_robot_bringup) by extensions ['colcon_meta']
[0.350s] Level 1:colcon.colcon_core.package_identification:_identify(src/my_robot_bringup) by extension 'colcon_meta'
[0.350s] Level 1:colcon.colcon_core.package_identification:_identify(src/my_robot_bringup) by extensions ['ros']
[0.350s] Level 1:colcon.colcon_core.package_identification:_identify(src/my_robot_bringup) by extension 'ros'
[0.350s] DEBUG:colcon.colcon_core.package_identification:Package 'src/my_robot_bringup' with type 'ros.ament_cmake' and name 'my_robot_bringup'
[0.350s] Level 1:colcon.colcon_core.package_discovery:discover_packages(recursive) using defaults
[0.350s] Level 1:colcon.colcon_core.package_discovery:discover_packages(ignore) discover
[0.350s] Level 1:colcon.colcon_core.package_discovery:discover_packages(ignore) using defaults
[0.350s] Level 1:colcon.colcon_core.package_discovery:discover_packages(path) discover
[0.350s] Level 1:colcon.colcon_core.package_discovery:discover_packages(path) using defaults
[0.374s] Level 5:colcon.colcon_core.verb:set package 'custom_interfaces' build argument 'cmake_args' from command line to 'None'
[0.374s] Level 5:colcon.colcon_core.verb:set package 'custom_interfaces' build argument 'cmake_target' from command line to 'None'
[0.374s] Level 5:colcon.colcon_core.verb:set package 'custom_interfaces' build argument 'cmake_target_skip_unavailable' from command line to 'False'
[0.374s] Level 5:colcon.colcon_core.verb:set package 'custom_interfaces' build argument 'cmake_clean_cache' from command line to 'False'
[0.374s] Level 5:colcon.colcon_core.verb:set package 'custom_interfaces' build argument 'cmake_clean_first' from command line to 'False'
[0.374s] Level 5:colcon.colcon_core.verb:set package 'custom_interfaces' build argument 'cmake_force_configure' from command line to 'False'
[0.374s] Level 5:colcon.colcon_core.verb:set package 'custom_interfaces' build argument 'ament_cmake_args' from command line to 'None'
[0.374s] Level 5:colcon.colcon_core.verb:set package 'custom_interfaces' build argument 'catkin_cmake_args' from command line to 'None'
[0.374s] Level 5:colcon.colcon_core.verb:set package 'custom_interfaces' build argument 'catkin_skip_building_tests' from command line to 'False'
[0.374s] DEBUG:colcon.colcon_core.verb:Building package 'custom_interfaces' with the following arguments: {'ament_cmake_args': None, 'build_base': '/home/krishna/Altran_Folders/ROS2/catkin_ws/build/custom_interfaces', 'catkin_cmake_args': None, 'catkin_skip_building_tests': False, 'cmake_args': None, 'cmake_clean_cache': False, 'cmake_clean_first': False, 'cmake_force_configure': False, 'cmake_target': None, 'cmake_target_skip_unavailable': False, 'install_base': '/home/krishna/Altran_Folders/ROS2/catkin_ws/install/custom_interfaces', 'merge_install': False, 'path': '/home/krishna/Altran_Folders/ROS2/catkin_ws/src/custom_interfaces', 'symlink_install': False, 'test_result_base': None}
[0.378s] Level 5:colcon.colcon_core.verb:set package 'my_cpp_pkg' build argument 'cmake_args' from command line to 'None'
[0.378s] Level 5:colcon.colcon_core.verb:set package 'my_cpp_pkg' build argument 'cmake_target' from command line to 'None'
[0.378s] Level 5:colcon.colcon_core.verb:set package 'my_cpp_pkg' build argument 'cmake_target_skip_unavailable' from command line to 'False'
[0.378s] Level 5:colcon.colcon_core.verb:set package 'my_cpp_pkg' build argument 'cmake_clean_cache' from command line to 'False'
[0.378s] Level 5:colcon.colcon_core.verb:set package 'my_cpp_pkg' build argument 'cmake_clean_first' from command line to 'False'
[0.378s] Level 5:colcon.colcon_core.verb:set package 'my_cpp_pkg' build argument 'cmake_force_configure' from command line to 'False'
[0.378s] Level 5:colcon.colcon_core.verb:set package 'my_cpp_pkg' build argument 'ament_cmake_args' from command line to 'None'
[0.378s] Level 5:colcon.colcon_core.verb:set package 'my_cpp_pkg' build argument 'catkin_cmake_args' from command line to 'None'
[0.378s] Level 5:colcon.colcon_core.verb:set package 'my_cpp_pkg' build argument 'catkin_skip_building_tests' from command line to 'False'
[0.378s] DEBUG:colcon.colcon_core.verb:Building package 'my_cpp_pkg' with the following arguments: {'ament_cmake_args': None, 'build_base': '/home/krishna/Altran_Folders/ROS2/catkin_ws/build/my_cpp_pkg', 'catkin_cmake_args': None, 'catkin_skip_building_tests': False, 'cmake_args': None, 'cmake_clean_cache': False, 'cmake_clean_first': False, 'cmake_force_configure': False, 'cmake_target': None, 'cmake_target_skip_unavailable': False, 'install_base': '/home/krishna/Altran_Folders/ROS2/catkin_ws/install/my_cpp_pkg', 'merge_install': False, 'path': '/home/krishna/Altran_Folders/ROS2/catkin_ws/src/my_cpp_pkg', 'symlink_install': False, 'test_result_base': None}
[0.381s] Level 5:colcon.colcon_core.verb:set package 'my_py_pkg' build argument 'cmake_args' from command line to 'None'
[0.381s] Level 5:colcon.colcon_core.verb:set package 'my_py_pkg' build argument 'cmake_target' from command line to 'None'
[0.381s] Level 5:colcon.colcon_core.verb:set package 'my_py_pkg' build argument 'cmake_target_skip_unavailable' from command line to 'False'
[0.381s] Level 5:colcon.colcon_core.verb:set package 'my_py_pkg' build argument 'cmake_clean_cache' from command line to 'False'
[0.381s] Level 5:colcon.colcon_core.verb:set package 'my_py_pkg' build argument 'cmake_clean_first' from command line to 'False'
[0.381s] Level 5:colcon.colcon_core.verb:set package 'my_py_pkg' build argument 'cmake_force_configure' from command line to 'False'
[0.381s] Level 5:colcon.colcon_core.verb:set package 'my_py_pkg' build argument 'ament_cmake_args' from command line to 'None'
[0.381s] Level 5:colcon.colcon_core.verb:set package 'my_py_pkg' build argument 'catkin_cmake_args' from command line to 'None'
[0.381s] Level 5:colcon.colcon_core.verb:set package 'my_py_pkg' build argument 'catkin_skip_building_tests' from command line to 'False'
[0.381s] DEBUG:colcon.colcon_core.verb:Building package 'my_py_pkg' with the following arguments: {'ament_cmake_args': None, 'build_base': '/home/krishna/Altran_Folders/ROS2/catkin_ws/build/my_py_pkg', 'catkin_cmake_args': None, 'catkin_skip_building_tests': False, 'cmake_args': None, 'cmake_clean_cache': False, 'cmake_clean_first': False, 'cmake_force_configure': False, 'cmake_target': None, 'cmake_target_skip_unavailable': False, 'install_base': '/home/krishna/Altran_Folders/ROS2/catkin_ws/install/my_py_pkg', 'merge_install': False, 'path': '/home/krishna/Altran_Folders/ROS2/catkin_ws/src/my_py_pkg', 'symlink_install': False, 'test_result_base': None}
[0.384s] Level 5:colcon.colcon_core.verb:set package 'my_robot_bringup' build argument 'cmake_args' from command line to 'None'
[0.384s] Level 5:colcon.colcon_core.verb:set package 'my_robot_bringup' build argument 'cmake_target' from command line to 'None'
[0.384s] Level 5:colcon.colcon_core.verb:set package 'my_robot_bringup' build argument 'cmake_target_skip_unavailable' from command line to 'False'
[0.384s] Level 5:colcon.colcon_core.verb:set package 'my_robot_bringup' build argument 'cmake_clean_cache' from command line to 'False'
[0.384s] Level 5:colcon.colcon_core.verb:set package 'my_robot_bringup' build argument 'cmake_clean_first' from command line to 'False'
[0.384s] Level 5:colcon.colcon_core.verb:set package 'my_robot_bringup' build argument 'cmake_force_configure' from command line to 'False'
[0.384s] Level 5:colcon.colcon_core.verb:set package 'my_robot_bringup' build argument 'ament_cmake_args' from command line to 'None'
[0.384s] Level 5:colcon.colcon_core.verb:set package 'my_robot_bringup' build argument 'catkin_cmake_args' from command line to 'None'
[0.384s] Level 5:colcon.colcon_core.verb:set package 'my_robot_bringup' build argument 'catkin_skip_building_tests' from command line to 'False'
[0.384s] DEBUG:colcon.colcon_core.verb:Building package 'my_robot_bringup' with the following arguments: {'ament_cmake_args': None, 'build_base': '/home/krishna/Altran_Folders/ROS2/catkin_ws/build/my_robot_bringup', 'catkin_cmake_args': None, 'catkin_skip_building_tests': False, 'cmake_args': None, 'cmake_clean_cache': False, 'cmake_clean_first': False, 'cmake_force_configure': False, 'cmake_target': None, 'cmake_target_skip_unavailable': False, 'install_base': '/home/krishna/Altran_Folders/ROS2/catkin_ws/install/my_robot_bringup', 'merge_install': False, 'path': '/home/krishna/Altran_Folders/ROS2/catkin_ws/src/my_robot_bringup', 'symlink_install': False, 'test_result_base': None}
[0.385s] INFO:colcon.colcon_core.executor:Executing jobs using 'parallel' executor
[0.387s] DEBUG:colcon.colcon_parallel_executor.executor.parallel:run_until_complete
[0.387s] INFO:colcon.colcon_ros.task.ament_cmake.build:Building ROS package in '/home/krishna/Altran_Folders/ROS2/catkin_ws/src/custom_interfaces' with build type 'ament_cmake'
[0.387s] INFO:colcon.colcon_cmake.task.cmake.build:Building CMake package in '/home/krishna/Altran_Folders/ROS2/catkin_ws/src/custom_interfaces'
[0.391s] INFO:colcon.colcon_core.plugin_system:Skipping extension 'colcon_core.shell.bat': Not used on non-Windows systems
[0.391s] INFO:colcon.colcon_core.shell:Skip shell extension 'powershell' for command environment: Not usable outside of PowerShell
[0.391s] DEBUG:colcon.colcon_core.shell:Skip shell extension 'dsv' for command environment
[0.395s] DEBUG:colcon.colcon_core.shell:Ignoring prefix path '/opt/ros/galactic'
[0.405s] DEBUG:colcon.colcon_core.event_handler.log_command:Invoking command in '/home/krishna/Altran_Folders/ROS2/catkin_ws/build/custom_interfaces': CMAKE_PREFIX_PATH=${CMAKE_PREFIX_PATH}:/home/krishna/Git_Aorta/aorta/ROS/install/tuk_filter:/home/krishna/Git_Aorta/aorta/ROS/install/trajectory_planning:/home/krishna/Git_Aorta/aorta/ROS/install/trajectory_following_parameter:/home/krishna/Git_Aorta/aorta/ROS/install/trajectory_following:/home/krishna/Git_Aorta/aorta/ROS/install/traffic_light_control:/home/krishna/Git_Aorta/aorta/ROS/install/carla_aorta_test:/home/krishna/Git_Aorta/aorta/ROS/install/carla_ad_demo:/home/krishna/Git_Aorta/aorta/ROS/install/rqt_carla_control:/home/krishna/Git_Aorta/aorta/ROS/install/carla_waypoint_publisher:/home/krishna/Git_Aorta/aorta/ROS/install/carla_ackermann_control:/home/krishna/Git_Aorta/aorta/ROS/install/carla_ros_bridge:/home/krishna/Git_Aorta/aorta/ROS/install/carla_spawn_objects:/home/krishna/Git_Aorta/aorta/ROS/install/carla_manual_control:/home/krishna/Git_Aorta/aorta/ROS/install/carla_ad_agent:/home/krishna/Git_Aorta/aorta/ROS/install/ros_compatibility:/home/krishna/Git_Aorta/aorta/ROS/install/ros_bridge_addon:/home/krishna/Git_Aorta/aorta/ROS/install/emergency_filter:/home/krishna/Git_Aorta/aorta/ROS/install/edge_device:/home/krishna/Git_Aorta/aorta/ROS/install/dummy_manual_control:/home/krishna/Git_Aorta/aorta/ROS/install/default_filter:/home/krishna/Git_Aorta/aorta/ROS/install/car_tuk:/home/krishna/Git_Aorta/aorta/ROS/install/car_emergency:/home/krishna/Git_Aorta/aorta/ROS/install/car_default:/home/krishna/Git_Aorta/aorta/ROS/install/car_altran:/home/krishna/Git_Aorta/aorta/ROS/install/car_akka:/home/krishna/Git_Aorta/aorta/ROS/install/aorta_server:/home/krishna/Git_Aorta/aorta/ROS/install/aorta_demo:/home/krishna/Git_Aorta/aorta/ROS/install/altran_filter:/home/krishna/Git_Aorta/aorta/ROS/install/akka_sensor_dummy:/home/krishna/Git_Aorta/aorta/ROS/install/akka_filter:/home/krishna/Git_Aorta/aorta/ROS/install/carla_walker_agent:/home/krishna/Git_Aorta/aorta/ROS/install/carla_twist_to_control:/home/krishna/Git_Aorta/aorta/ROS/install/carla_ros_scenario_runner:/home/krishna/Git_Aorta/aorta/ROS/install/carla_common:/opt/ros/galactic /usr/bin/cmake /home/krishna/Altran_Folders/ROS2/catkin_ws/src/custom_interfaces -DCMAKE_INSTALL_PREFIX=/home/krishna/Altran_Folders/ROS2/catkin_ws/install/custom_interfaces
[1.728s] DEBUG:colcon.colcon_core.event_handler.log_command:Invoked command in '/home/krishna/Altran_Folders/ROS2/catkin_ws/build/custom_interfaces' returned '0': CMAKE_PREFIX_PATH=${CMAKE_PREFIX_PATH}:/home/krishna/Git_Aorta/aorta/ROS/install/tuk_filter:/home/krishna/Git_Aorta/aorta/ROS/install/trajectory_planning:/home/krishna/Git_Aorta/aorta/ROS/install/trajectory_following_parameter:/home/krishna/Git_Aorta/aorta/ROS/install/trajectory_following:/home/krishna/Git_Aorta/aorta/ROS/install/traffic_light_control:/home/krishna/Git_Aorta/aorta/ROS/install/carla_aorta_test:/home/krishna/Git_Aorta/aorta/ROS/install/carla_ad_demo:/home/krishna/Git_Aorta/aorta/ROS/install/rqt_carla_control:/home/krishna/Git_Aorta/aorta/ROS/install/carla_waypoint_publisher:/home/krishna/Git_Aorta/aorta/ROS/install/carla_ackermann_control:/home/krishna/Git_Aorta/aorta/ROS/install/carla_ros_bridge:/home/krishna/Git_Aorta/aorta/ROS/install/carla_spawn_objects:/home/krishna/Git_Aorta/aorta/ROS/install/carla_manual_control:/home/krishna/Git_Aorta/aorta/ROS/install/carla_ad_agent:/home/krishna/Git_Aorta/aorta/ROS/install/ros_compatibility:/home/krishna/Git_Aorta/aorta/ROS/install/ros_bridge_addon:/home/krishna/Git_Aorta/aorta/ROS/install/emergency_filter:/home/krishna/Git_Aorta/aorta/ROS/install/edge_device:/home/krishna/Git_Aorta/aorta/ROS/install/dummy_manual_control:/home/krishna/Git_Aorta/aorta/ROS/install/default_filter:/home/krishna/Git_Aorta/aorta/ROS/install/car_tuk:/home/krishna/Git_Aorta/aorta/ROS/install/car_emergency:/home/krishna/Git_Aorta/aorta/ROS/install/car_default:/home/krishna/Git_Aorta/aorta/ROS/install/car_altran:/home/krishna/Git_Aorta/aorta/ROS/install/car_akka:/home/krishna/Git_Aorta/aorta/ROS/install/aorta_server:/home/krishna/Git_Aorta/aorta/ROS/install/aorta_demo:/home/krishna/Git_Aorta/aorta/ROS/install/altran_filter:/home/krishna/Git_Aorta/aorta/ROS/install/akka_sensor_dummy:/home/krishna/Git_Aorta/aorta/ROS/install/akka_filter:/home/krishna/Git_Aorta/aorta/ROS/install/carla_walker_agent:/home/krishna/Git_Aorta/aorta/ROS/install/carla_twist_to_control:/home/krishna/Git_Aorta/aorta/ROS/install/carla_ros_scenario_runner:/home/krishna/Git_Aorta/aorta/ROS/install/carla_common:/opt/ros/galactic /usr/bin/cmake /home/krishna/Altran_Folders/ROS2/catkin_ws/src/custom_interfaces -DCMAKE_INSTALL_PREFIX=/home/krishna/Altran_Folders/ROS2/catkin_ws/install/custom_interfaces
[1.731s] DEBUG:colcon.colcon_core.event_handler.log_command:Invoking command in '/home/krishna/Altran_Folders/ROS2/catkin_ws/build/custom_interfaces': CMAKE_PREFIX_PATH=${CMAKE_PREFIX_PATH}:/home/krishna/Git_Aorta/aorta/ROS/install/tuk_filter:/home/krishna/Git_Aorta/aorta/ROS/install/trajectory_planning:/home/krishna/Git_Aorta/aorta/ROS/install/trajectory_following_parameter:/home/krishna/Git_Aorta/aorta/ROS/install/trajectory_following:/home/krishna/Git_Aorta/aorta/ROS/install/traffic_light_control:/home/krishna/Git_Aorta/aorta/ROS/install/carla_aorta_test:/home/krishna/Git_Aorta/aorta/ROS/install/carla_ad_demo:/home/krishna/Git_Aorta/aorta/ROS/install/rqt_carla_control:/home/krishna/Git_Aorta/aorta/ROS/install/carla_waypoint_publisher:/home/krishna/Git_Aorta/aorta/ROS/install/carla_ackermann_control:/home/krishna/Git_Aorta/aorta/ROS/install/carla_ros_bridge:/home/krishna/Git_Aorta/aorta/ROS/install/carla_spawn_objects:/home/krishna/Git_Aorta/aorta/ROS/install/carla_manual_control:/home/krishna/Git_Aorta/aorta/ROS/install/carla_ad_agent:/home/krishna/Git_Aorta/aorta/ROS/install/ros_compatibility:/home/krishna/Git_Aorta/aorta/ROS/install/ros_bridge_addon:/home/krishna/Git_Aorta/aorta/ROS/install/emergency_filter:/home/krishna/Git_Aorta/aorta/ROS/install/edge_device:/home/krishna/Git_Aorta/aorta/ROS/install/dummy_manual_control:/home/krishna/Git_Aorta/aorta/ROS/install/default_filter:/home/krishna/Git_Aorta/aorta/ROS/install/car_tuk:/home/krishna/Git_Aorta/aorta/ROS/install/car_emergency:/home/krishna/Git_Aorta/aorta/ROS/install/car_default:/home/krishna/Git_Aorta/aorta/ROS/install/car_altran:/home/krishna/Git_Aorta/aorta/ROS/install/car_akka:/home/krishna/Git_Aorta/aorta/ROS/install/aorta_server:/home/krishna/Git_Aorta/aorta/ROS/install/aorta_demo:/home/krishna/Git_Aorta/aorta/ROS/install/altran_filter:/home/krishna/Git_Aorta/aorta/ROS/install/akka_sensor_dummy:/home/krishna/Git_Aorta/aorta/ROS/install/akka_filter:/home/krishna/Git_Aorta/aorta/ROS/install/carla_walker_agent:/home/krishna/Git_Aorta/aorta/ROS/install/carla_twist_to_control:/home/krishna/Git_Aorta/aorta/ROS/install/carla_ros_scenario_runner:/home/krishna/Git_Aorta/aorta/ROS/install/carla_common:/opt/ros/galactic /usr/bin/cmake --build /home/krishna/Altran_Folders/ROS2/catkin_ws/build/custom_interfaces -- -j8 -l8
[5.469s] DEBUG:colcon.colcon_core.event_handler.log_command:Invoked command in '/home/krishna/Altran_Folders/ROS2/catkin_ws/build/custom_interfaces' returned '0': CMAKE_PREFIX_PATH=${CMAKE_PREFIX_PATH}:/home/krishna/Git_Aorta/aorta/ROS/install/tuk_filter:/home/krishna/Git_Aorta/aorta/ROS/install/trajectory_planning:/home/krishna/Git_Aorta/aorta/ROS/install/trajectory_following_parameter:/home/krishna/Git_Aorta/aorta/ROS/install/trajectory_following:/home/krishna/Git_Aorta/aorta/ROS/install/traffic_light_control:/home/krishna/Git_Aorta/aorta/ROS/install/carla_aorta_test:/home/krishna/Git_Aorta/aorta/ROS/install/carla_ad_demo:/home/krishna/Git_Aorta/aorta/ROS/install/rqt_carla_control:/home/krishna/Git_Aorta/aorta/ROS/install/carla_waypoint_publisher:/home/krishna/Git_Aorta/aorta/ROS/install/carla_ackermann_control:/home/krishna/Git_Aorta/aorta/ROS/install/carla_ros_bridge:/home/krishna/Git_Aorta/aorta/ROS/install/carla_spawn_objects:/home/krishna/Git_Aorta/aorta/ROS/install/carla_manual_control:/home/krishna/Git_Aorta/aorta/ROS/install/carla_ad_agent:/home/krishna/Git_Aorta/aorta/ROS/install/ros_compatibility:/home/krishna/Git_Aorta/aorta/ROS/install/ros_bridge_addon:/home/krishna/Git_Aorta/aorta/ROS/install/emergency_filter:/home/krishna/Git_Aorta/aorta/ROS/install/edge_device:/home/krishna/Git_Aorta/aorta/ROS/install/dummy_manual_control:/home/krishna/Git_Aorta/aorta/ROS/install/default_filter:/home/krishna/Git_Aorta/aorta/ROS/install/car_tuk:/home/krishna/Git_Aorta/aorta/ROS/install/car_emergency:/home/krishna/Git_Aorta/aorta/ROS/install/car_default:/home/krishna/Git_Aorta/aorta/ROS/install/car_altran:/home/krishna/Git_Aorta/aorta/ROS/install/car_akka:/home/krishna/Git_Aorta/aorta/ROS/install/aorta_server:/home/krishna/Git_Aorta/aorta/ROS/install/aorta_demo:/home/krishna/Git_Aorta/aorta/ROS/install/altran_filter:/home/krishna/Git_Aorta/aorta/ROS/install/akka_sensor_dummy:/home/krishna/Git_Aorta/aorta/ROS/install/akka_filter:/home/krishna/Git_Aorta/aorta/ROS/install/carla_walker_agent:/home/krishna/Git_Aorta/aorta/ROS/install/carla_twist_to_control:/home/krishna/Git_Aorta/aorta/ROS/install/carla_ros_scenario_runner:/home/krishna/Git_Aorta/aorta/ROS/install/carla_common:/opt/ros/galactic /usr/bin/cmake --build /home/krishna/Altran_Folders/ROS2/catkin_ws/build/custom_interfaces -- -j8 -l8
[5.574s] DEBUG:colcon.colcon_core.event_handler.log_command:Invoking command in '/home/krishna/Altran_Folders/ROS2/catkin_ws/build/custom_interfaces': CMAKE_PREFIX_PATH=${CMAKE_PREFIX_PATH}:/home/krishna/Git_Aorta/aorta/ROS/install/tuk_filter:/home/krishna/Git_Aorta/aorta/ROS/install/trajectory_planning:/home/krishna/Git_Aorta/aorta/ROS/install/trajectory_following_parameter:/home/krishna/Git_Aorta/aorta/ROS/install/trajectory_following:/home/krishna/Git_Aorta/aorta/ROS/install/traffic_light_control:/home/krishna/Git_Aorta/aorta/ROS/install/carla_aorta_test:/home/krishna/Git_Aorta/aorta/ROS/install/carla_ad_demo:/home/krishna/Git_Aorta/aorta/ROS/install/rqt_carla_control:/home/krishna/Git_Aorta/aorta/ROS/install/carla_waypoint_publisher:/home/krishna/Git_Aorta/aorta/ROS/install/carla_ackermann_control:/home/krishna/Git_Aorta/aorta/ROS/install/carla_ros_bridge:/home/krishna/Git_Aorta/aorta/ROS/install/carla_spawn_objects:/home/krishna/Git_Aorta/aorta/ROS/install/carla_manual_control:/home/krishna/Git_Aorta/aorta/ROS/install/carla_ad_agent:/home/krishna/Git_Aorta/aorta/ROS/install/ros_compatibility:/home/krishna/Git_Aorta/aorta/ROS/install/ros_bridge_addon:/home/krishna/Git_Aorta/aorta/ROS/install/emergency_filter:/home/krishna/Git_Aorta/aorta/ROS/install/edge_device:/home/krishna/Git_Aorta/aorta/ROS/install/dummy_manual_control:/home/krishna/Git_Aorta/aorta/ROS/install/default_filter:/home/krishna/Git_Aorta/aorta/ROS/install/car_tuk:/home/krishna/Git_Aorta/aorta/ROS/install/car_emergency:/home/krishna/Git_Aorta/aorta/ROS/install/car_default:/home/krishna/Git_Aorta/aorta/ROS/install/car_altran:/home/krishna/Git_Aorta/aorta/ROS/install/car_akka:/home/krishna/Git_Aorta/aorta/ROS/install/aorta_server:/home/krishna/Git_Aorta/aorta/ROS/install/aorta_demo:/home/krishna/Git_Aorta/aorta/ROS/install/altran_filter:/home/krishna/Git_Aorta/aorta/ROS/install/akka_sensor_dummy:/home/krishna/Git_Aorta/aorta/ROS/install/akka_filter:/home/krishna/Git_Aorta/aorta/ROS/install/carla_walker_agent:/home/krishna/Git_Aorta/aorta/ROS/install/carla_twist_to_control:/home/krishna/Git_Aorta/aorta/ROS/install/carla_ros_scenario_runner:/home/krishna/Git_Aorta/aorta/ROS/install/carla_common:/opt/ros/galactic /usr/bin/cmake --install /home/krishna/Altran_Folders/ROS2/catkin_ws/build/custom_interfaces
[5.644s] Level 1:colcon.colcon_core.environment:create_environment_scripts_only(custom_interfaces)
[5.645s] DEBUG:colcon.colcon_core.event_handler.log_command:Invoked command in '/home/krishna/Altran_Folders/ROS2/catkin_ws/build/custom_interfaces' returned '0': CMAKE_PREFIX_PATH=${CMAKE_PREFIX_PATH}:/home/krishna/Git_Aorta/aorta/ROS/install/tuk_filter:/home/krishna/Git_Aorta/aorta/ROS/install/trajectory_planning:/home/krishna/Git_Aorta/aorta/ROS/install/trajectory_following_parameter:/home/krishna/Git_Aorta/aorta/ROS/install/trajectory_following:/home/krishna/Git_Aorta/aorta/ROS/install/traffic_light_control:/home/krishna/Git_Aorta/aorta/ROS/install/carla_aorta_test:/home/krishna/Git_Aorta/aorta/ROS/install/carla_ad_demo:/home/krishna/Git_Aorta/aorta/ROS/install/rqt_carla_control:/home/krishna/Git_Aorta/aorta/ROS/install/carla_waypoint_publisher:/home/krishna/Git_Aorta/aorta/ROS/install/carla_ackermann_control:/home/krishna/Git_Aorta/aorta/ROS/install/carla_ros_bridge:/home/krishna/Git_Aorta/aorta/ROS/install/carla_spawn_objects:/home/krishna/Git_Aorta/aorta/ROS/install/carla_manual_control:/home/krishna/Git_Aorta/aorta/ROS/install/carla_ad_agent:/home/krishna/Git_Aorta/aorta/ROS/install/ros_compatibility:/home/krishna/Git_Aorta/aorta/ROS/install/ros_bridge_addon:/home/krishna/Git_Aorta/aorta/ROS/install/emergency_filter:/home/krishna/Git_Aorta/aorta/ROS/install/edge_device:/home/krishna/Git_Aorta/aorta/ROS/install/dummy_manual_control:/home/krishna/Git_Aorta/aorta/ROS/install/default_filter:/home/krishna/Git_Aorta/aorta/ROS/install/car_tuk:/home/krishna/Git_Aorta/aorta/ROS/install/car_emergency:/home/krishna/Git_Aorta/aorta/ROS/install/car_default:/home/krishna/Git_Aorta/aorta/ROS/install/car_altran:/home/krishna/Git_Aorta/aorta/ROS/install/car_akka:/home/krishna/Git_Aorta/aorta/ROS/install/aorta_server:/home/krishna/Git_Aorta/aorta/ROS/install/aorta_demo:/home/krishna/Git_Aorta/aorta/ROS/install/altran_filter:/home/krishna/Git_Aorta/aorta/ROS/install/akka_sensor_dummy:/home/krishna/Git_Aorta/aorta/ROS/install/akka_filter:/home/krishna/Git_Aorta/aorta/ROS/install/carla_walker_agent:/home/krishna/Git_Aorta/aorta/ROS/install/carla_twist_to_control:/home/krishna/Git_Aorta/aorta/ROS/install/carla_ros_scenario_runner:/home/krishna/Git_Aorta/aorta/ROS/install/carla_common:/opt/ros/galactic /usr/bin/cmake --install /home/krishna/Altran_Folders/ROS2/catkin_ws/build/custom_interfaces
[5.648s] Level 1:colcon.colcon_core.environment:checking '/home/krishna/Altran_Folders/ROS2/catkin_ws/install/custom_interfaces' for CMake module files
[5.648s] Level 1:colcon.colcon_core.environment:checking '/home/krishna/Altran_Folders/ROS2/catkin_ws/install/custom_interfaces' for CMake config files
[5.648s] Level 1:colcon.colcon_core.shell:create_environment_hook('custom_interfaces', 'cmake_prefix_path')
[5.649s] INFO:colcon.colcon_core.shell:Creating environment hook '/home/krishna/Altran_Folders/ROS2/catkin_ws/install/custom_interfaces/share/custom_interfaces/hook/cmake_prefix_path.ps1'
[5.649s] INFO:colcon.colcon_core.shell:Creating environment descriptor '/home/krishna/Altran_Folders/ROS2/catkin_ws/install/custom_interfaces/share/custom_interfaces/hook/cmake_prefix_path.dsv'
[5.650s] INFO:colcon.colcon_core.shell:Creating environment hook '/home/krishna/Altran_Folders/ROS2/catkin_ws/install/custom_interfaces/share/custom_interfaces/hook/cmake_prefix_path.sh'
[5.650s] Level 1:colcon.colcon_core.environment:checking '/home/krishna/Altran_Folders/ROS2/catkin_ws/install/custom_interfaces/lib'
[5.650s] Level 1:colcon.colcon_core.shell:create_environment_hook('custom_interfaces', 'ld_library_path_lib')
[5.651s] INFO:colcon.colcon_core.shell:Creating environment hook '/home/krishna/Altran_Folders/ROS2/catkin_ws/install/custom_interfaces/share/custom_interfaces/hook/ld_library_path_lib.ps1'
[5.651s] INFO:colcon.colcon_core.shell:Creating environment descriptor '/home/krishna/Altran_Folders/ROS2/catkin_ws/install/custom_interfaces/share/custom_interfaces/hook/ld_library_path_lib.dsv'
[5.651s] INFO:colcon.colcon_core.shell:Creating environment hook '/home/krishna/Altran_Folders/ROS2/catkin_ws/install/custom_interfaces/share/custom_interfaces/hook/ld_library_path_lib.sh'
[5.652s] Level 1:colcon.colcon_core.environment:checking '/home/krishna/Altran_Folders/ROS2/catkin_ws/install/custom_interfaces/bin'
[5.652s] Level 1:colcon.colcon_core.environment:checking '/home/krishna/Altran_Folders/ROS2/catkin_ws/install/custom_interfaces/lib/pkgconfig/custom_interfaces.pc'
[5.652s] Level 1:colcon.colcon_core.environment:checking '/home/krishna/Altran_Folders/ROS2/catkin_ws/install/custom_interfaces/lib/python3.8/site-packages'
[5.652s] Level 1:colcon.colcon_core.shell:create_environment_hook('custom_interfaces', 'pythonpath')
[5.652s] INFO:colcon.colcon_core.shell:Creating environment hook '/home/krishna/Altran_Folders/ROS2/catkin_ws/install/custom_interfaces/share/custom_interfaces/hook/pythonpath.ps1'
[5.652s] INFO:colcon.colcon_core.shell:Creating environment descriptor '/home/krishna/Altran_Folders/ROS2/catkin_ws/install/custom_interfaces/share/custom_interfaces/hook/pythonpath.dsv'
[5.653s] INFO:colcon.colcon_core.shell:Creating environment hook '/home/krishna/Altran_Folders/ROS2/catkin_ws/install/custom_interfaces/share/custom_interfaces/hook/pythonpath.sh'
[5.653s] INFO:colcon.colcon_core.shell:Creating package script '/home/krishna/Altran_Folders/ROS2/catkin_ws/install/custom_interfaces/share/custom_interfaces/package.ps1'
[5.654s] INFO:colcon.colcon_core.shell:Creating package descriptor '/home/krishna/Altran_Folders/ROS2/catkin_ws/install/custom_interfaces/share/custom_interfaces/package.dsv'
[5.654s] INFO:colcon.colcon_core.shell:Creating package script '/home/krishna/Altran_Folders/ROS2/catkin_ws/install/custom_interfaces/share/custom_interfaces/package.sh'
[5.655s] INFO:colcon.colcon_core.shell:Creating package script '/home/krishna/Altran_Folders/ROS2/catkin_ws/install/custom_interfaces/share/custom_interfaces/package.bash'
[5.655s] INFO:colcon.colcon_core.shell:Creating package script '/home/krishna/Altran_Folders/ROS2/catkin_ws/install/custom_interfaces/share/custom_interfaces/package.zsh'
[5.655s] Level 1:colcon.colcon_core.environment:create_file_with_runtime_dependencies(/home/krishna/Altran_Folders/ROS2/catkin_ws/install/custom_interfaces/share/colcon-core/packages/custom_interfaces)
[5.755s] Level 1:colcon.colcon_core.environment:create_environment_scripts_only(custom_interfaces)
[5.756s] Level 1:colcon.colcon_core.environment:checking '/home/krishna/Altran_Folders/ROS2/catkin_ws/install/custom_interfaces' for CMake module files
[5.756s] Level 1:colcon.colcon_core.environment:checking '/home/krishna/Altran_Folders/ROS2/catkin_ws/install/custom_interfaces' for CMake config files
[5.756s] Level 1:colcon.colcon_core.shell:create_environment_hook('custom_interfaces', 'cmake_prefix_path')
[5.757s] INFO:colcon.colcon_core.shell:Creating environment hook '/home/krishna/Altran_Folders/ROS2/catkin_ws/install/custom_interfaces/share/custom_interfaces/hook/cmake_prefix_path.ps1'
[5.757s] INFO:colcon.colcon_core.shell:Creating environment descriptor '/home/krishna/Altran_Folders/ROS2/catkin_ws/install/custom_interfaces/share/custom_interfaces/hook/cmake_prefix_path.dsv'
[5.757s] INFO:colcon.colcon_core.shell:Creating environment hook '/home/krishna/Altran_Folders/ROS2/catkin_ws/install/custom_interfaces/share/custom_interfaces/hook/cmake_prefix_path.sh'
[5.758s] Level 1:colcon.colcon_core.environment:checking '/home/krishna/Altran_Folders/ROS2/catkin_ws/install/custom_interfaces/lib'
[5.758s] Level 1:colcon.colcon_core.shell:create_environment_hook('custom_interfaces', 'ld_library_path_lib')
[5.758s] INFO:colcon.colcon_core.shell:Creating environment hook '/home/krishna/Altran_Folders/ROS2/catkin_ws/install/custom_interfaces/share/custom_interfaces/hook/ld_library_path_lib.ps1'
[5.758s] INFO:colcon.colcon_core.shell:Creating environment descriptor '/home/krishna/Altran_Folders/ROS2/catkin_ws/install/custom_interfaces/share/custom_interfaces/hook/ld_library_path_lib.dsv'
[5.758s] INFO:colcon.colcon_core.shell:Creating environment hook '/home/krishna/Altran_Folders/ROS2/catkin_ws/install/custom_interfaces/share/custom_interfaces/hook/ld_library_path_lib.sh'
[5.759s] Level 1:colcon.colcon_core.environment:checking '/home/krishna/Altran_Folders/ROS2/catkin_ws/install/custom_interfaces/bin'
[5.759s] Level 1:colcon.colcon_core.environment:checking '/home/krishna/Altran_Folders/ROS2/catkin_ws/install/custom_interfaces/lib/pkgconfig/custom_interfaces.pc'
[5.759s] Level 1:colcon.colcon_core.environment:checking '/home/krishna/Altran_Folders/ROS2/catkin_ws/install/custom_interfaces/lib/python3.8/site-packages'
[5.759s] Level 1:colcon.colcon_core.shell:create_environment_hook('custom_interfaces', 'pythonpath')
[5.759s] INFO:colcon.colcon_core.shell:Creating environment hook '/home/krishna/Altran_Folders/ROS2/catkin_ws/install/custom_interfaces/share/custom_interfaces/hook/pythonpath.ps1'
[5.759s] INFO:colcon.colcon_core.shell:Creating environment descriptor '/home/krishna/Altran_Folders/ROS2/catkin_ws/install/custom_interfaces/share/custom_interfaces/hook/pythonpath.dsv'
[5.759s] INFO:colcon.colcon_core.shell:Creating environment hook '/home/krishna/Altran_Folders/ROS2/catkin_ws/install/custom_interfaces/share/custom_interfaces/hook/pythonpath.sh'
[5.760s] INFO:colcon.colcon_core.shell:Creating package script '/home/krishna/Altran_Folders/ROS2/catkin_ws/install/custom_interfaces/share/custom_interfaces/package.ps1'
[5.761s] INFO:colcon.colcon_core.shell:Creating package descriptor '/home/krishna/Altran_Folders/ROS2/catkin_ws/install/custom_interfaces/share/custom_interfaces/package.dsv'
[5.762s] INFO:colcon.colcon_core.shell:Creating package script '/home/krishna/Altran_Folders/ROS2/catkin_ws/install/custom_interfaces/share/custom_interfaces/package.sh'
[5.762s] INFO:colcon.colcon_core.shell:Creating package script '/home/krishna/Altran_Folders/ROS2/catkin_ws/install/custom_interfaces/share/custom_interfaces/package.bash'
[5.762s] INFO:colcon.colcon_core.shell:Creating package script '/home/krishna/Altran_Folders/ROS2/catkin_ws/install/custom_interfaces/share/custom_interfaces/package.zsh'
[5.762s] Level 1:colcon.colcon_core.environment:create_file_with_runtime_dependencies(/home/krishna/Altran_Folders/ROS2/catkin_ws/install/custom_interfaces/share/colcon-core/packages/custom_interfaces)
[5.763s] INFO:colcon.colcon_ros.task.ament_cmake.build:Building ROS package in '/home/krishna/Altran_Folders/ROS2/catkin_ws/src/my_cpp_pkg' with build type 'ament_cmake'
[5.763s] INFO:colcon.colcon_cmake.task.cmake.build:Building CMake package in '/home/krishna/Altran_Folders/ROS2/catkin_ws/src/my_cpp_pkg'
[5.764s] INFO:colcon.colcon_core.shell:Skip shell extension 'powershell' for command environment: Not usable outside of PowerShell
[5.764s] DEBUG:colcon.colcon_core.shell:Skip shell extension 'dsv' for command environment
[5.767s] DEBUG:colcon.colcon_core.shell:Ignoring prefix path '/opt/ros/galactic'
[5.769s] INFO:colcon.colcon_ros.task.ament_python.build:Building ROS package in '/home/krishna/Altran_Folders/ROS2/catkin_ws/src/my_py_pkg' with build type 'ament_python'
[5.770s] Level 1:colcon.colcon_core.shell:create_environment_hook('my_py_pkg', 'ament_prefix_path')
[5.771s] INFO:colcon.colcon_core.shell:Creating environment hook '/home/krishna/Altran_Folders/ROS2/catkin_ws/install/my_py_pkg/share/my_py_pkg/hook/ament_prefix_path.ps1'
[5.772s] INFO:colcon.colcon_core.shell:Creating environment descriptor '/home/krishna/Altran_Folders/ROS2/catkin_ws/install/my_py_pkg/share/my_py_pkg/hook/ament_prefix_path.dsv'
[5.772s] INFO:colcon.colcon_core.shell:Creating environment hook '/home/krishna/Altran_Folders/ROS2/catkin_ws/install/my_py_pkg/share/my_py_pkg/hook/ament_prefix_path.sh'
[5.773s] INFO:colcon.colcon_core.shell:Skip shell extension 'powershell' for command environment: Not usable outside of PowerShell
[5.773s] DEBUG:colcon.colcon_core.shell:Skip shell extension 'dsv' for command environment
[5.777s] DEBUG:colcon.colcon_core.shell:Ignoring prefix path '/opt/ros/galactic'
[5.782s] DEBUG:colcon.colcon_core.event_handler.log_command:Invoking command in '/home/krishna/Altran_Folders/ROS2/catkin_ws/build/my_cpp_pkg': AMENT_PREFIX_PATH=/home/krishna/Altran_Folders/ROS2/catkin_ws/install/custom_interfaces:${AMENT_PREFIX_PATH} CMAKE_PREFIX_PATH=/home/krishna/Altran_Folders/ROS2/catkin_ws/install/custom_interfaces:/home/krishna/Git_Aorta/aorta/ROS/install/trajectory_visualization_plugin:/home/krishna/Git_Aorta/aorta/ROS/install/rviz_carla_plugin:/home/krishna/Git_Aorta/aorta/ROS/install/pcl_recorder:/home/krishna/Git_Aorta/aorta/ROS/install/custom_messages:/home/krishna/Git_Aorta/aorta/ROS/install/carla_waypoint_types:/home/krishna/Git_Aorta/aorta/ROS/install/carla_ros_scenario_runner_types:/home/krishna/Git_Aorta/aorta/ROS/install/carla_ackermann_msgs:/home/krishna/Git_Aorta/aorta/ROS/install/carla_msgs:/home/krishna/Git_Aorta/astuff_sensor_msgs/derived_object_msgs/install/derived_object_msgs:/home/krishna/Git_Aorta/aorta/ROS/install/tuk_filter:/home/krishna/Git_Aorta/aorta/ROS/install/trajectory_planning:/home/krishna/Git_Aorta/aorta/ROS/install/trajectory_following_parameter:/home/krishna/Git_Aorta/aorta/ROS/install/trajectory_following:/home/krishna/Git_Aorta/aorta/ROS/install/traffic_light_control:/home/krishna/Git_Aorta/aorta/ROS/install/carla_aorta_test:/home/krishna/Git_Aorta/aorta/ROS/install/carla_ad_demo:/home/krishna/Git_Aorta/aorta/ROS/install/rqt_carla_control:/home/krishna/Git_Aorta/aorta/ROS/install/carla_waypoint_publisher:/home/krishna/Git_Aorta/aorta/ROS/install/carla_ackermann_control:/home/krishna/Git_Aorta/aorta/ROS/install/carla_ros_bridge:/home/krishna/Git_Aorta/aorta/ROS/install/carla_spawn_objects:/home/krishna/Git_Aorta/aorta/ROS/install/carla_manual_control:/home/krishna/Git_Aorta/aorta/ROS/install/carla_ad_agent:/home/krishna/Git_Aorta/aorta/ROS/install/ros_compatibility:/home/krishna/Git_Aorta/aorta/ROS/install/ros_bridge_addon:/home/krishna/Git_Aorta/aorta/ROS/install/emergency_filter:/home/krishna/Git_Aorta/aorta/ROS/install/edge_device:/home/krishna/Git_Aorta/aorta/ROS/install/dummy_manual_control:/home/krishna/Git_Aorta/aorta/ROS/install/default_filter:/home/krishna/Git_Aorta/aorta/ROS/install/car_tuk:/home/krishna/Git_Aorta/aorta/ROS/install/car_emergency:/home/krishna/Git_Aorta/aorta/ROS/install/car_default:/home/krishna/Git_Aorta/aorta/ROS/install/car_altran:/home/krishna/Git_Aorta/aorta/ROS/install/car_akka:/home/krishna/Git_Aorta/aorta/ROS/install/aorta_server:/home/krishna/Git_Aorta/aorta/ROS/install/aorta_demo:/home/krishna/Git_Aorta/aorta/ROS/install/altran_filter:/home/krishna/Git_Aorta/aorta/ROS/install/akka_sensor_dummy:/home/krishna/Git_Aorta/aorta/ROS/install/akka_filter:/home/krishna/Git_Aorta/aorta/ROS/install/carla_walker_agent:/home/krishna/Git_Aorta/aorta/ROS/install/carla_twist_to_control:/home/krishna/Git_Aorta/aorta/ROS/install/carla_ros_scenario_runner:/home/krishna/Git_Aorta/aorta/ROS/install/carla_common:/opt/ros/galactic LD_LIBRARY_PATH=/home/krishna/Altran_Folders/ROS2/catkin_ws/install/custom_interfaces/lib:${LD_LIBRARY_PATH} PYTHONPATH=/home/krishna/Altran_Folders/ROS2/catkin_ws/install/custom_interfaces/lib/python3.8/site-packages:${PYTHONPATH} /usr/bin/cmake /home/krishna/Altran_Folders/ROS2/catkin_ws/src/my_cpp_pkg -DCMAKE_INSTALL_PREFIX=/home/krishna/Altran_Folders/ROS2/catkin_ws/install/my_cpp_pkg
[6.114s] INFO:colcon.colcon_core.task.python.build:Building Python package in '/home/krishna/Altran_Folders/ROS2/catkin_ws/src/my_py_pkg'
[6.115s] INFO:colcon.colcon_core.shell:Skip shell extension 'powershell' for command environment: Not usable outside of PowerShell
[6.115s] DEBUG:colcon.colcon_core.shell:Skip shell extension 'dsv' for command environment
[6.119s] DEBUG:colcon.colcon_core.shell:Ignoring prefix path '/opt/ros/galactic'
[6.132s] DEBUG:colcon.colcon_core.event_handler.log_command:Invoking command in '/home/krishna/Altran_Folders/ROS2/catkin_ws/src/my_py_pkg': AMENT_PREFIX_PATH=/home/krishna/Altran_Folders/ROS2/catkin_ws/install/custom_interfaces:${AMENT_PREFIX_PATH} CMAKE_PREFIX_PATH=/home/krishna/Altran_Folders/ROS2/catkin_ws/install/custom_interfaces:${CMAKE_PREFIX_PATH} LD_LIBRARY_PATH=/home/krishna/Altran_Folders/ROS2/catkin_ws/install/custom_interfaces/lib:${LD_LIBRARY_PATH} PYTHONPATH=/home/krishna/Altran_Folders/ROS2/catkin_ws/install/my_py_pkg/lib/python3.8/site-packages:/home/krishna/Altran_Folders/ROS2/catkin_ws/install/custom_interfaces/lib/python3.8/site-packages:${PYTHONPATH} /usr/bin/python3 setup.py egg_info --egg-base ../../build/my_py_pkg build --build-base /home/krishna/Altran_Folders/ROS2/catkin_ws/build/my_py_pkg/build install --prefix /home/krishna/Altran_Folders/ROS2/catkin_ws/install/my_py_pkg --record /home/krishna/Altran_Folders/ROS2/catkin_ws/build/my_py_pkg/install.log --single-version-externally-managed
[6.477s] Level 1:colcon.colcon_core.environment:checking '/home/krishna/Altran_Folders/ROS2/catkin_ws/install/my_py_pkg' for CMake module files
[6.478s] DEBUG:colcon.colcon_core.event_handler.log_command:Invoked command in '/home/krishna/Altran_Folders/ROS2/catkin_ws/src/my_py_pkg' returned '0': AMENT_PREFIX_PATH=/home/krishna/Altran_Folders/ROS2/catkin_ws/install/custom_interfaces:${AMENT_PREFIX_PATH} CMAKE_PREFIX_PATH=/home/krishna/Altran_Folders/ROS2/catkin_ws/install/custom_interfaces:${CMAKE_PREFIX_PATH} LD_LIBRARY_PATH=/home/krishna/Altran_Folders/ROS2/catkin_ws/install/custom_interfaces/lib:${LD_LIBRARY_PATH} PYTHONPATH=/home/krishna/Altran_Folders/ROS2/catkin_ws/install/my_py_pkg/lib/python3.8/site-packages:/home/krishna/Altran_Folders/ROS2/catkin_ws/install/custom_interfaces/lib/python3.8/site-packages:${PYTHONPATH} /usr/bin/python3 setup.py egg_info --egg-base ../../build/my_py_pkg build --build-base /home/krishna/Altran_Folders/ROS2/catkin_ws/build/my_py_pkg/build install --prefix /home/krishna/Altran_Folders/ROS2/catkin_ws/install/my_py_pkg --record /home/krishna/Altran_Folders/ROS2/catkin_ws/build/my_py_pkg/install.log --single-version-externally-managed
[6.478s] Level 1:colcon.colcon_core.environment:checking '/home/krishna/Altran_Folders/ROS2/catkin_ws/install/my_py_pkg' for CMake config files
[6.479s] Level 1:colcon.colcon_core.environment:checking '/home/krishna/Altran_Folders/ROS2/catkin_ws/install/my_py_pkg/lib'
[6.479s] Level 1:colcon.colcon_core.environment:checking '/home/krishna/Altran_Folders/ROS2/catkin_ws/install/my_py_pkg/bin'
[6.479s] Level 1:colcon.colcon_core.environment:checking '/home/krishna/Altran_Folders/ROS2/catkin_ws/install/my_py_pkg/lib/pkgconfig/my_py_pkg.pc'
[6.479s] Level 1:colcon.colcon_core.environment:checking '/home/krishna/Altran_Folders/ROS2/catkin_ws/install/my_py_pkg/lib/python3.8/site-packages'
[6.479s] Level 1:colcon.colcon_core.shell:create_environment_hook('my_py_pkg', 'pythonpath')
[6.479s] INFO:colcon.colcon_core.shell:Creating environment hook '/home/krishna/Altran_Folders/ROS2/catkin_ws/install/my_py_pkg/share/my_py_pkg/hook/pythonpath.ps1'
[6.480s] INFO:colcon.colcon_core.shell:Creating environment descriptor '/home/krishna/Altran_Folders/ROS2/catkin_ws/install/my_py_pkg/share/my_py_pkg/hook/pythonpath.dsv'
[6.480s] INFO:colcon.colcon_core.shell:Creating environment hook '/home/krishna/Altran_Folders/ROS2/catkin_ws/install/my_py_pkg/share/my_py_pkg/hook/pythonpath.sh'
[6.480s] Level 1:colcon.colcon_core.environment:create_environment_scripts_only(my_py_pkg)
[6.481s] INFO:colcon.colcon_core.shell:Creating package script '/home/krishna/Altran_Folders/ROS2/catkin_ws/install/my_py_pkg/share/my_py_pkg/package.ps1'
[6.481s] INFO:colcon.colcon_core.shell:Creating package descriptor '/home/krishna/Altran_Folders/ROS2/catkin_ws/install/my_py_pkg/share/my_py_pkg/package.dsv'
[6.481s] INFO:colcon.colcon_core.shell:Creating package script '/home/krishna/Altran_Folders/ROS2/catkin_ws/install/my_py_pkg/share/my_py_pkg/package.sh'
[6.482s] INFO:colcon.colcon_core.shell:Creating package script '/home/krishna/Altran_Folders/ROS2/catkin_ws/install/my_py_pkg/share/my_py_pkg/package.bash'
[6.482s] INFO:colcon.colcon_core.shell:Creating package script '/home/krishna/Altran_Folders/ROS2/catkin_ws/install/my_py_pkg/share/my_py_pkg/package.zsh'
[6.482s] Level 1:colcon.colcon_core.environment:create_file_with_runtime_dependencies(/home/krishna/Altran_Folders/ROS2/catkin_ws/install/my_py_pkg/share/colcon-core/packages/my_py_pkg)
[7.333s] DEBUG:colcon.colcon_core.event_handler.log_command:Invoked command in '/home/krishna/Altran_Folders/ROS2/catkin_ws/build/my_cpp_pkg' returned '0': AMENT_PREFIX_PATH=/home/krishna/Altran_Folders/ROS2/catkin_ws/install/custom_interfaces:${AMENT_PREFIX_PATH} CMAKE_PREFIX_PATH=/home/krishna/Altran_Folders/ROS2/catkin_ws/install/custom_interfaces:/home/krishna/Git_Aorta/aorta/ROS/install/trajectory_visualization_plugin:/home/krishna/Git_Aorta/aorta/ROS/install/rviz_carla_plugin:/home/krishna/Git_Aorta/aorta/ROS/install/pcl_recorder:/home/krishna/Git_Aorta/aorta/ROS/install/custom_messages:/home/krishna/Git_Aorta/aorta/ROS/install/carla_waypoint_types:/home/krishna/Git_Aorta/aorta/ROS/install/carla_ros_scenario_runner_types:/home/krishna/Git_Aorta/aorta/ROS/install/carla_ackermann_msgs:/home/krishna/Git_Aorta/aorta/ROS/install/carla_msgs:/home/krishna/Git_Aorta/astuff_sensor_msgs/derived_object_msgs/install/derived_object_msgs:/home/krishna/Git_Aorta/aorta/ROS/install/tuk_filter:/home/krishna/Git_Aorta/aorta/ROS/install/trajectory_planning:/home/krishna/Git_Aorta/aorta/ROS/install/trajectory_following_parameter:/home/krishna/Git_Aorta/aorta/ROS/install/trajectory_following:/home/krishna/Git_Aorta/aorta/ROS/install/traffic_light_control:/home/krishna/Git_Aorta/aorta/ROS/install/carla_aorta_test:/home/krishna/Git_Aorta/aorta/ROS/install/carla_ad_demo:/home/krishna/Git_Aorta/aorta/ROS/install/rqt_carla_control:/home/krishna/Git_Aorta/aorta/ROS/install/carla_waypoint_publisher:/home/krishna/Git_Aorta/aorta/ROS/install/carla_ackermann_control:/home/krishna/Git_Aorta/aorta/ROS/install/carla_ros_bridge:/home/krishna/Git_Aorta/aorta/ROS/install/carla_spawn_objects:/home/krishna/Git_Aorta/aorta/ROS/install/carla_manual_control:/home/krishna/Git_Aorta/aorta/ROS/install/carla_ad_agent:/home/krishna/Git_Aorta/aorta/ROS/install/ros_compatibility:/home/krishna/Git_Aorta/aorta/ROS/install/ros_bridge_addon:/home/krishna/Git_Aorta/aorta/ROS/install/emergency_filter:/home/krishna/Git_Aorta/aorta/ROS/install/edge_device:/home/krishna/Git_Aorta/aorta/ROS/install/dummy_manual_control:/home/krishna/Git_Aorta/aorta/ROS/install/default_filter:/home/krishna/Git_Aorta/aorta/ROS/install/car_tuk:/home/krishna/Git_Aorta/aorta/ROS/install/car_emergency:/home/krishna/Git_Aorta/aorta/ROS/install/car_default:/home/krishna/Git_Aorta/aorta/ROS/install/car_altran:/home/krishna/Git_Aorta/aorta/ROS/install/car_akka:/home/krishna/Git_Aorta/aorta/ROS/install/aorta_server:/home/krishna/Git_Aorta/aorta/ROS/install/aorta_demo:/home/krishna/Git_Aorta/aorta/ROS/install/altran_filter:/home/krishna/Git_Aorta/aorta/ROS/install/akka_sensor_dummy:/home/krishna/Git_Aorta/aorta/ROS/install/akka_filter:/home/krishna/Git_Aorta/aorta/ROS/install/carla_walker_agent:/home/krishna/Git_Aorta/aorta/ROS/install/carla_twist_to_control:/home/krishna/Git_Aorta/aorta/ROS/install/carla_ros_scenario_runner:/home/krishna/Git_Aorta/aorta/ROS/install/carla_common:/opt/ros/galactic LD_LIBRARY_PATH=/home/krishna/Altran_Folders/ROS2/catkin_ws/install/custom_interfaces/lib:${LD_LIBRARY_PATH} PYTHONPATH=/home/krishna/Altran_Folders/ROS2/catkin_ws/install/custom_interfaces/lib/python3.8/site-packages:${PYTHONPATH} /usr/bin/cmake /home/krishna/Altran_Folders/ROS2/catkin_ws/src/my_cpp_pkg -DCMAKE_INSTALL_PREFIX=/home/krishna/Altran_Folders/ROS2/catkin_ws/install/my_cpp_pkg
[7.336s] DEBUG:colcon.colcon_core.event_handler.log_command:Invoking command in '/home/krishna/Altran_Folders/ROS2/catkin_ws/build/my_cpp_pkg': AMENT_PREFIX_PATH=/home/krishna/Altran_Folders/ROS2/catkin_ws/install/custom_interfaces:${AMENT_PREFIX_PATH} CMAKE_PREFIX_PATH=/home/krishna/Altran_Folders/ROS2/catkin_ws/install/custom_interfaces:/home/krishna/Git_Aorta/aorta/ROS/install/trajectory_visualization_plugin:/home/krishna/Git_Aorta/aorta/ROS/install/rviz_carla_plugin:/home/krishna/Git_Aorta/aorta/ROS/install/pcl_recorder:/home/krishna/Git_Aorta/aorta/ROS/install/custom_messages:/home/krishna/Git_Aorta/aorta/ROS/install/carla_waypoint_types:/home/krishna/Git_Aorta/aorta/ROS/install/carla_ros_scenario_runner_types:/home/krishna/Git_Aorta/aorta/ROS/install/carla_ackermann_msgs:/home/krishna/Git_Aorta/aorta/ROS/install/carla_msgs:/home/krishna/Git_Aorta/astuff_sensor_msgs/derived_object_msgs/install/derived_object_msgs:/home/krishna/Git_Aorta/aorta/ROS/install/tuk_filter:/home/krishna/Git_Aorta/aorta/ROS/install/trajectory_planning:/home/krishna/Git_Aorta/aorta/ROS/install/trajectory_following_parameter:/home/krishna/Git_Aorta/aorta/ROS/install/trajectory_following:/home/krishna/Git_Aorta/aorta/ROS/install/traffic_light_control:/home/krishna/Git_Aorta/aorta/ROS/install/carla_aorta_test:/home/krishna/Git_Aorta/aorta/ROS/install/carla_ad_demo:/home/krishna/Git_Aorta/aorta/ROS/install/rqt_carla_control:/home/krishna/Git_Aorta/aorta/ROS/install/carla_waypoint_publisher:/home/krishna/Git_Aorta/aorta/ROS/install/carla_ackermann_control:/home/krishna/Git_Aorta/aorta/ROS/install/carla_ros_bridge:/home/krishna/Git_Aorta/aorta/ROS/install/carla_spawn_objects:/home/krishna/Git_Aorta/aorta/ROS/install/carla_manual_control:/home/krishna/Git_Aorta/aorta/ROS/install/carla_ad_agent:/home/krishna/Git_Aorta/aorta/ROS/install/ros_compatibility:/home/krishna/Git_Aorta/aorta/ROS/install/ros_bridge_addon:/home/krishna/Git_Aorta/aorta/ROS/install/emergency_filter:/home/krishna/Git_Aorta/aorta/ROS/install/edge_device:/home/krishna/Git_Aorta/aorta/ROS/install/dummy_manual_control:/home/krishna/Git_Aorta/aorta/ROS/install/default_filter:/home/krishna/Git_Aorta/aorta/ROS/install/car_tuk:/home/krishna/Git_Aorta/aorta/ROS/install/car_emergency:/home/krishna/Git_Aorta/aorta/ROS/install/car_default:/home/krishna/Git_Aorta/aorta/ROS/install/car_altran:/home/krishna/Git_Aorta/aorta/ROS/install/car_akka:/home/krishna/Git_Aorta/aorta/ROS/install/aorta_server:/home/krishna/Git_Aorta/aorta/ROS/install/aorta_demo:/home/krishna/Git_Aorta/aorta/ROS/install/altran_filter:/home/krishna/Git_Aorta/aorta/ROS/install/akka_sensor_dummy:/home/krishna/Git_Aorta/aorta/ROS/install/akka_filter:/home/krishna/Git_Aorta/aorta/ROS/install/carla_walker_agent:/home/krishna/Git_Aorta/aorta/ROS/install/carla_twist_to_control:/home/krishna/Git_Aorta/aorta/ROS/install/carla_ros_scenario_runner:/home/krishna/Git_Aorta/aorta/ROS/install/carla_common:/opt/ros/galactic LD_LIBRARY_PATH=/home/krishna/Altran_Folders/ROS2/catkin_ws/install/custom_interfaces/lib:${LD_LIBRARY_PATH} PYTHONPATH=/home/krishna/Altran_Folders/ROS2/catkin_ws/install/custom_interfaces/lib/python3.8/site-packages:${PYTHONPATH} /usr/bin/cmake --build /home/krishna/Altran_Folders/ROS2/catkin_ws/build/my_cpp_pkg -- -j8 -l8
[12.994s] DEBUG:colcon.colcon_core.event_handler.log_command:Invoked command in '/home/krishna/Altran_Folders/ROS2/catkin_ws/build/my_cpp_pkg' returned '2': AMENT_PREFIX_PATH=/home/krishna/Altran_Folders/ROS2/catkin_ws/install/custom_interfaces:${AMENT_PREFIX_PATH} CMAKE_PREFIX_PATH=/home/krishna/Altran_Folders/ROS2/catkin_ws/install/custom_interfaces:/home/krishna/Git_Aorta/aorta/ROS/install/trajectory_visualization_plugin:/home/krishna/Git_Aorta/aorta/ROS/install/rviz_carla_plugin:/home/krishna/Git_Aorta/aorta/ROS/install/pcl_recorder:/home/krishna/Git_Aorta/aorta/ROS/install/custom_messages:/home/krishna/Git_Aorta/aorta/ROS/install/carla_waypoint_types:/home/krishna/Git_Aorta/aorta/ROS/install/carla_ros_scenario_runner_types:/home/krishna/Git_Aorta/aorta/ROS/install/carla_ackermann_msgs:/home/krishna/Git_Aorta/aorta/ROS/install/carla_msgs:/home/krishna/Git_Aorta/astuff_sensor_msgs/derived_object_msgs/install/derived_object_msgs:/home/krishna/Git_Aorta/aorta/ROS/install/tuk_filter:/home/krishna/Git_Aorta/aorta/ROS/install/trajectory_planning:/home/krishna/Git_Aorta/aorta/ROS/install/trajectory_following_parameter:/home/krishna/Git_Aorta/aorta/ROS/install/trajectory_following:/home/krishna/Git_Aorta/aorta/ROS/install/traffic_light_control:/home/krishna/Git_Aorta/aorta/ROS/install/carla_aorta_test:/home/krishna/Git_Aorta/aorta/ROS/install/carla_ad_demo:/home/krishna/Git_Aorta/aorta/ROS/install/rqt_carla_control:/home/krishna/Git_Aorta/aorta/ROS/install/carla_waypoint_publisher:/home/krishna/Git_Aorta/aorta/ROS/install/carla_ackermann_control:/home/krishna/Git_Aorta/aorta/ROS/install/carla_ros_bridge:/home/krishna/Git_Aorta/aorta/ROS/install/carla_spawn_objects:/home/krishna/Git_Aorta/aorta/ROS/install/carla_manual_control:/home/krishna/Git_Aorta/aorta/ROS/install/carla_ad_agent:/home/krishna/Git_Aorta/aorta/ROS/install/ros_compatibility:/home/krishna/Git_Aorta/aorta/ROS/install/ros_bridge_addon:/home/krishna/Git_Aorta/aorta/ROS/install/emergency_filter:/home/krishna/Git_Aorta/aorta/ROS/install/edge_device:/home/krishna/Git_Aorta/aorta/ROS/install/dummy_manual_control:/home/krishna/Git_Aorta/aorta/ROS/install/default_filter:/home/krishna/Git_Aorta/aorta/ROS/install/car_tuk:/home/krishna/Git_Aorta/aorta/ROS/install/car_emergency:/home/krishna/Git_Aorta/aorta/ROS/install/car_default:/home/krishna/Git_Aorta/aorta/ROS/install/car_altran:/home/krishna/Git_Aorta/aorta/ROS/install/car_akka:/home/krishna/Git_Aorta/aorta/ROS/install/aorta_server:/home/krishna/Git_Aorta/aorta/ROS/install/aorta_demo:/home/krishna/Git_Aorta/aorta/ROS/install/altran_filter:/home/krishna/Git_Aorta/aorta/ROS/install/akka_sensor_dummy:/home/krishna/Git_Aorta/aorta/ROS/install/akka_filter:/home/krishna/Git_Aorta/aorta/ROS/install/carla_walker_agent:/home/krishna/Git_Aorta/aorta/ROS/install/carla_twist_to_control:/home/krishna/Git_Aorta/aorta/ROS/install/carla_ros_scenario_runner:/home/krishna/Git_Aorta/aorta/ROS/install/carla_common:/opt/ros/galactic LD_LIBRARY_PATH=/home/krishna/Altran_Folders/ROS2/catkin_ws/install/custom_interfaces/lib:${LD_LIBRARY_PATH} PYTHONPATH=/home/krishna/Altran_Folders/ROS2/catkin_ws/install/custom_interfaces/lib/python3.8/site-packages:${PYTHONPATH} /usr/bin/cmake --build /home/krishna/Altran_Folders/ROS2/catkin_ws/build/my_cpp_pkg -- -j8 -l8
[13.047s] Level 1:colcon.colcon_core.environment:create_environment_scripts_only(my_cpp_pkg)
[13.048s] Level 1:colcon.colcon_core.environment:checking '/home/krishna/Altran_Folders/ROS2/catkin_ws/install/my_cpp_pkg' for CMake module files
[13.048s] Level 1:colcon.colcon_core.environment:checking '/home/krishna/Altran_Folders/ROS2/catkin_ws/install/my_cpp_pkg' for CMake config files
[13.049s] Level 1:colcon.colcon_core.environment:checking '/home/krishna/Altran_Folders/ROS2/catkin_ws/install/my_cpp_pkg/bin'
[13.049s] Level 1:colcon.colcon_core.environment:checking '/home/krishna/Altran_Folders/ROS2/catkin_ws/install/my_cpp_pkg/lib/pkgconfig/my_cpp_pkg.pc'
[13.049s] Level 1:colcon.colcon_core.environment:checking '/home/krishna/Altran_Folders/ROS2/catkin_ws/install/my_cpp_pkg/lib/python3.8/site-packages'
[13.049s] INFO:colcon.colcon_core.shell:Creating package script '/home/krishna/Altran_Folders/ROS2/catkin_ws/install/my_cpp_pkg/share/my_cpp_pkg/package.ps1'
[13.050s] INFO:colcon.colcon_core.shell:Creating package descriptor '/home/krishna/Altran_Folders/ROS2/catkin_ws/install/my_cpp_pkg/share/my_cpp_pkg/package.dsv'
[13.050s] INFO:colcon.colcon_core.shell:Creating package script '/home/krishna/Altran_Folders/ROS2/catkin_ws/install/my_cpp_pkg/share/my_cpp_pkg/package.sh'
[13.050s] INFO:colcon.colcon_core.shell:Creating package script '/home/krishna/Altran_Folders/ROS2/catkin_ws/install/my_cpp_pkg/share/my_cpp_pkg/package.bash'
[13.051s] INFO:colcon.colcon_core.shell:Creating package script '/home/krishna/Altran_Folders/ROS2/catkin_ws/install/my_cpp_pkg/share/my_cpp_pkg/package.zsh'
[13.051s] Level 1:colcon.colcon_core.environment:create_file_with_runtime_dependencies(/home/krishna/Altran_Folders/ROS2/catkin_ws/install/my_cpp_pkg/share/colcon-core/packages/my_cpp_pkg)
[13.061s] DEBUG:colcon.colcon_parallel_executor.executor.parallel:closing loop
[13.062s] DEBUG:colcon.colcon_parallel_executor.executor.parallel:loop closed
[13.062s] DEBUG:colcon.colcon_parallel_executor.executor.parallel:run_until_complete finished with '2'
[13.062s] DEBUG:colcon.colcon_core.event_reactor:joining thread
[13.069s] INFO:colcon.colcon_core.plugin_system:Skipping extension 'colcon_notification.desktop_notification.terminal_notifier': Not used on non-Darwin systems
[13.069s] INFO:colcon.colcon_core.plugin_system:Skipping extension 'colcon_notification.desktop_notification.win32': Not used on non-Windows systems
[13.069s] INFO:colcon.colcon_notification.desktop_notification:Sending desktop notification using 'notify2'
[13.084s] DEBUG:colcon.colcon_core.event_reactor:joined thread
[13.085s] INFO:colcon.colcon_core.shell:Creating prefix script '/home/krishna/Altran_Folders/ROS2/catkin_ws/install/local_setup.ps1'
[13.086s] INFO:colcon.colcon_core.shell:Creating prefix util module '/home/krishna/Altran_Folders/ROS2/catkin_ws/install/_local_setup_util_ps1.py'
[13.087s] INFO:colcon.colcon_core.shell:Creating prefix chain script '/home/krishna/Altran_Folders/ROS2/catkin_ws/install/setup.ps1'
[13.091s] INFO:colcon.colcon_core.shell:Creating prefix script '/home/krishna/Altran_Folders/ROS2/catkin_ws/install/local_setup.sh'
[13.092s] INFO:colcon.colcon_core.shell:Creating prefix util module '/home/krishna/Altran_Folders/ROS2/catkin_ws/install/_local_setup_util_sh.py'
[13.092s] INFO:colcon.colcon_core.shell:Creating prefix chain script '/home/krishna/Altran_Folders/ROS2/catkin_ws/install/setup.sh'
[13.096s] INFO:colcon.colcon_core.shell:Creating prefix script '/home/krishna/Altran_Folders/ROS2/catkin_ws/install/local_setup.bash'
[13.097s] INFO:colcon.colcon_core.shell:Creating prefix chain script '/home/krishna/Altran_Folders/ROS2/catkin_ws/install/setup.bash'
[13.103s] INFO:colcon.colcon_core.shell:Creating prefix script '/home/krishna/Altran_Folders/ROS2/catkin_ws/install/local_setup.zsh'
[13.103s] INFO:colcon.colcon_core.shell:Creating prefix chain script '/home/krishna/Altran_Folders/ROS2/catkin_ws/install/setup.zsh'
