-- The C compiler identification is GNU 10.3.0
-- The CXX compiler identification is GNU 10.3.0
-- Check for working C compiler: /usr/bin/cc
-- Check for working C compiler: /usr/bin/cc -- works
-- Detecting C compiler ABI info
-- Detecting C compiler ABI info - done
-- Detecting C compile features
-- Detecting C compile features - done
-- Check for working CXX compiler: /usr/bin/c++
-- Check for working CXX compiler: /usr/bin/c++ -- works
-- Detecting CXX compiler ABI info
-- Detecting CXX compiler ABI info - done
-- Detecting CXX compile features
-- Detecting CXX compile features - done
-- Found ament_cmake: 1.1.4 (/opt/ros/galactic/share/ament_cmake/cmake)
-- Found PythonInterp: /usr/bin/python3 (found suitable version "3.8.10", minimum required is "3") 
-- Using PYTHON_EXECUTABLE: /usr/bin/python3
-- Found rclcpp: 9.1.0 (/opt/ros/galactic/share/rclcpp/cmake)
-- Using all available rosidl_typesupport_c: rosidl_typesupport_fastrtps_c;rosidl_typesupport_introspection_c
-- Found rosidl_adapter: 2.2.1 (/opt/ros/galactic/share/rosidl_adapter/cmake)
-- Found OpenSSL: /usr/lib/x86_64-linux-gnu/libcrypto.so (found version "1.1.1f")  
-- Found FastRTPS: /opt/ros/galactic/include  
-- Using all available rosidl_typesupport_cpp: rosidl_typesupport_fastrtps_cpp;rosidl_typesupport_introspection_cpp
-- Found rmw_implementation_cmake: 3.3.1 (/opt/ros/galactic/share/rmw_implementation_cmake/cmake)
-- Found rmw_cyclonedds_cpp: 0.22.3 (/opt/ros/galactic/share/rmw_cyclonedds_cpp/cmake)
-- Using RMW implementation 'rmw_cyclonedds_cpp' as default
-- Looking for pthread.h
-- Looking for pthread.h - found
-- Performing Test CMAKE_HAVE_LIBC_PTHREAD
-- Performing Test CMAKE_HAVE_LIBC_PTHREAD - Failed
-- Looking for pthread_create in pthreads
-- Looking for pthread_create in pthreads - not found
-- Looking for pthread_create in pthread
-- Looking for pthread_create in pthread - found
-- Found Threads: TRUE  
-- Found example_interfaces: 0.9.2 (/opt/ros/galactic/share/example_interfaces/cmake)
-- Found custom_interfaces: 0.0.0 (/home/krishna/Altran_Folders/ROS2/catkin_ws/install/custom_interfaces/share/custom_interfaces/cmake)
-- Configuring done
-- Generating done
-- Build files have been written to: /home/krishna/Altran_Folders/ROS2/catkin_ws/build/my_cpp_pkg
[35m[1mScanning dependencies of target rosClientOOPS[0m
[35m[1mScanning dependencies of target cppNode[0m
[35m[1mScanning dependencies of target cppClassNode[0m
[35m[1mScanning dependencies of target rosServer[0m
[35m[1mScanning dependencies of target rosPub[0m
[35m[1mScanning dependencies of target Act3Client[0m
[35m[1mScanning dependencies of target testMem[0m
[35m[1mScanning dependencies of target rosSub[0m
[  3%] [32mBuilding CXX object CMakeFiles/rosServer.dir/src/cppServer.cpp.o[0m
[  7%] [32mBuilding CXX object CMakeFiles/cppNode.dir/src/firstNode.cpp.o[0m
[ 11%] [32mBuilding CXX object CMakeFiles/rosSub.dir/src/Subscriber.cpp.o[0m
[ 15%] [32mBuilding CXX object CMakeFiles/cppClassNode.dir/src/ClassNode.cpp.o[0m
[ 19%] [32mBuilding CXX object CMakeFiles/rosPub.dir/src/PublisherNode.cpp.o[0m
[ 23%] [32mBuilding CXX object CMakeFiles/Act3Client.dir/src/Act3ResetClient.cpp.o[0m
[ 26%] [32mBuilding CXX object CMakeFiles/testMem.dir/src/RosWrapper.cpp.o[0m
[ 30%] [32mBuilding CXX object CMakeFiles/rosClientOOPS.dir/src/rosClientOOPS.cpp.o[0m
[ 34%] [32m[1mLinking CXX executable cppNode[0m
[ 38%] [32m[1mLinking CXX executable cppClassNode[0m
[ 38%] Built target cppNode
[ 38%] Built target cppClassNode
[ 42%] [32m[1mLinking CXX executable testMem[0m
[ 42%] Built target testMem
[ 50%] [32m[1mLinking CXX executable rosServer[0m
[ 50%] [32m[1mLinking CXX executable rosClientOOPS[0m
[ 50%] Built target rosClientOOPS
[ 50%] Built target rosServer
[ 53%] [32m[1mLinking CXX executable rosPub[0m
[ 53%] Built target rosPub
