-- The C compiler identification is GNU 10.3.0
-- The CXX compiler identification is GNU 10.3.0
-- Check for working C compiler: /usr/bin/cc
-- Check for working C compiler: /usr/bin/cc -- works
-- Detecting C compiler ABI info
-- Detecting C compiler ABI info - done
-- Detecting C compile features
-- Detecting C compile features - done
-- Check for working CXX compiler: /usr/bin/c++
-- Check for working CXX compiler: /usr/bin/c++ -- works
-- Detecting CXX compiler ABI info
-- Detecting CXX compiler ABI info - done
-- Detecting CXX compile features
-- Detecting CXX compile features - done
-- Found ament_cmake: 1.1.4 (/opt/ros/galactic/share/ament_cmake/cmake)
-- Found PythonInterp: /usr/bin/python3 (found suitable version "3.8.10", minimum required is "3") 
-- Using PYTHON_EXECUTABLE: /usr/bin/python3
-- Found rosidl_default_generators: 1.1.1 (/opt/ros/galactic/share/rosidl_default_generators/cmake)
-- Using all available rosidl_typesupport_c: rosidl_typesupport_fastrtps_c;rosidl_typesupport_introspection_c
-- Found rosidl_adapter: 2.2.1 (/opt/ros/galactic/share/rosidl_adapter/cmake)
-- Found OpenSSL: /usr/lib/x86_64-linux-gnu/libcrypto.so (found version "1.1.1f")  
-- Found FastRTPS: /opt/ros/galactic/include  
-- Using all available rosidl_typesupport_cpp: rosidl_typesupport_fastrtps_cpp;rosidl_typesupport_introspection_cpp
-- Found PythonInterp: /usr/bin/python3 (found version "3.8.10") 
-- Found ament_cmake_ros: 0.9.2 (/opt/ros/galactic/share/ament_cmake_ros/cmake)
-- Using all available rosidl_typesupport_c: rosidl_typesupport_fastrtps_c;rosidl_typesupport_introspection_c
-- Using all available rosidl_typesupport_cpp: rosidl_typesupport_fastrtps_cpp;rosidl_typesupport_introspection_cpp
-- Found PythonInterp: /usr/bin/python3 (found suitable version "3.8.10", minimum required is "3.5") 
-- Found python_cmake_module: 0.8.1 (/opt/ros/galactic/share/python_cmake_module/cmake)
-- Found PythonLibs: /usr/lib/x86_64-linux-gnu/libpython3.8.so (found suitable version "3.8.10", minimum required is "3.5") 
-- Using PYTHON_EXECUTABLE: /usr/bin/python3
-- Using PYTHON_INCLUDE_DIRS: /usr/include/python3.8
-- Using PYTHON_LIBRARIES: /usr/lib/x86_64-linux-gnu/libpython3.8.so
-- Found PythonExtra: .so  
-- Configuring done
-- Generating done
-- Build files have been written to: /home/krishna/Altran_Folders/ROS2/catkin_ws/build/custom_interfaces
[35m[1mScanning dependencies of target custom_interfaces__cpp[0m
[  1%] [34m[1mGenerating C code for ROS interfaces[0m
[  3%] [34m[1mGenerating C++ code for ROS interfaces[0m
[35m[1mScanning dependencies of target custom_interfaces__rosidl_generator_c[0m
[  4%] [32mBuilding C object CMakeFiles/custom_interfaces__rosidl_generator_c.dir/rosidl_generator_c/custom_interfaces/msg/detail/hw_status__functions.c.o[0m
[  6%] [32mBuilding C object CMakeFiles/custom_interfaces__rosidl_generator_c.dir/rosidl_generator_c/custom_interfaces/msg/detail/led_state__functions.c.o[0m
[  7%] [32mBuilding C object CMakeFiles/custom_interfaces__rosidl_generator_c.dir/rosidl_generator_c/custom_interfaces/msg/detail/led_states__functions.c.o[0m
[  9%] [32mBuilding C object CMakeFiles/custom_interfaces__rosidl_generator_c.dir/rosidl_generator_c/custom_interfaces/srv/detail/set_led__functions.c.o[0m
[ 11%] [32mBuilding C object CMakeFiles/custom_interfaces__rosidl_generator_c.dir/rosidl_generator_c/custom_interfaces/srv/detail/compute_area_of_rectangle__functions.c.o[0m
[ 11%] Built target custom_interfaces__cpp
[ 15%] [32m[1mLinking C shared library libcustom_interfaces__rosidl_generator_c.so[0m
[ 15%] [34m[1mGenerating C++ introspection for ROS interfaces[0m
[ 17%] [34m[1mGenerating C++ type support dispatch for ROS interfaces[0m
[ 17%] [34m[1mGenerating C++ type support for eProsima Fast-RTPS[0m
[ 17%] Built target custom_interfaces__rosidl_generator_c
[ 19%] [34m[1mGenerating C type support dispatch for ROS interfaces[0m
[ 20%] [34m[1mGenerating C introspection for ROS interfaces[0m
[35m[1mScanning dependencies of target custom_interfaces__rosidl_typesupport_introspection_cpp[0m
[ 22%] [32mBuilding CXX object CMakeFiles/custom_interfaces__rosidl_typesupport_introspection_cpp.dir/rosidl_typesupport_introspection_cpp/custom_interfaces/msg/detail/led_state__type_support.cpp.o[0m
[ 23%] [32mBuilding CXX object CMakeFiles/custom_interfaces__rosidl_typesupport_introspection_cpp.dir/rosidl_typesupport_introspection_cpp/custom_interfaces/msg/detail/hw_status__type_support.cpp.o[0m
[ 25%] [32mBuilding CXX object CMakeFiles/custom_interfaces__rosidl_typesupport_introspection_cpp.dir/rosidl_typesupport_introspection_cpp/custom_interfaces/srv/detail/set_led__type_support.cpp.o[0m
[ 26%] [32mBuilding CXX object CMakeFiles/custom_interfaces__rosidl_typesupport_introspection_cpp.dir/rosidl_typesupport_introspection_cpp/custom_interfaces/msg/detail/led_states__type_support.cpp.o[0m
[35m[1mScanning dependencies of target custom_interfaces__rosidl_typesupport_cpp[0m
[35m[1mScanning dependencies of target custom_interfaces__rosidl_typesupport_c[0m
[ 28%] [32mBuilding CXX object CMakeFiles/custom_interfaces__rosidl_typesupport_cpp.dir/rosidl_typesupport_cpp/custom_interfaces/msg/hw_status__type_support.cpp.o[0m
[ 30%] [32mBuilding CXX object CMakeFiles/custom_interfaces__rosidl_typesupport_c.dir/rosidl_typesupport_c/custom_interfaces/msg/hw_status__type_support.cpp.o[0m
[ 31%] [32mBuilding CXX object CMakeFiles/custom_interfaces__rosidl_typesupport_c.dir/rosidl_typesupport_c/custom_interfaces/msg/led_state__type_support.cpp.o[0m
[ 33%] [32mBuilding CXX object CMakeFiles/custom_interfaces__rosidl_typesupport_c.dir/rosidl_typesupport_c/custom_interfaces/msg/led_states__type_support.cpp.o[0m
[ 34%] [32mBuilding CXX object CMakeFiles/custom_interfaces__rosidl_typesupport_c.dir/rosidl_typesupport_c/custom_interfaces/srv/set_led__type_support.cpp.o[0m
[35m[1mScanning dependencies of target custom_interfaces__rosidl_typesupport_fastrtps_cpp[0m
[ 36%] [32mBuilding CXX object CMakeFiles/custom_interfaces__rosidl_typesupport_c.dir/rosidl_typesupport_c/custom_interfaces/srv/compute_area_of_rectangle__type_support.cpp.o[0m
[ 38%] [32mBuilding CXX object CMakeFiles/custom_interfaces__rosidl_typesupport_fastrtps_cpp.dir/rosidl_typesupport_fastrtps_cpp/custom_interfaces/msg/detail/dds_fastrtps/hw_status__type_support.cpp.o[0m
[ 39%] [32mBuilding CXX object CMakeFiles/custom_interfaces__rosidl_typesupport_fastrtps_cpp.dir/rosidl_typesupport_fastrtps_cpp/custom_interfaces/msg/detail/dds_fastrtps/led_state__type_support.cpp.o[0m
[ 41%] [32m[1mLinking CXX shared library libcustom_interfaces__rosidl_typesupport_c.so[0m
[ 42%] [32mBuilding CXX object CMakeFiles/custom_interfaces__rosidl_typesupport_fastrtps_cpp.dir/rosidl_typesupport_fastrtps_cpp/custom_interfaces/msg/detail/dds_fastrtps/led_states__type_support.cpp.o[0m
[ 44%] [32mBuilding CXX object CMakeFiles/custom_interfaces__rosidl_typesupport_fastrtps_cpp.dir/rosidl_typesupport_fastrtps_cpp/custom_interfaces/srv/detail/dds_fastrtps/set_led__type_support.cpp.o[0m
[35m[1mScanning dependencies of target custom_interfaces__rosidl_typesupport_introspection_c[0m
[ 46%] [32mBuilding CXX object CMakeFiles/custom_interfaces__rosidl_typesupport_introspection_cpp.dir/rosidl_typesupport_introspection_cpp/custom_interfaces/srv/detail/compute_area_of_rectangle__type_support.cpp.o[0m
[ 46%] Built target custom_interfaces__rosidl_typesupport_c
[ 47%] [32mBuilding C object CMakeFiles/custom_interfaces__rosidl_typesupport_introspection_c.dir/rosidl_typesupport_introspection_c/custom_interfaces/msg/detail/hw_status__type_support.c.o[0m
[ 49%] [32mBuilding CXX object CMakeFiles/custom_interfaces__rosidl_typesupport_cpp.dir/rosidl_typesupport_cpp/custom_interfaces/msg/led_state__type_support.cpp.o[0m
[ 50%] [32mBuilding CXX object CMakeFiles/custom_interfaces__rosidl_typesupport_fastrtps_cpp.dir/rosidl_typesupport_fastrtps_cpp/custom_interfaces/srv/detail/dds_fastrtps/compute_area_of_rectangle__type_support.cpp.o[0m
[ 52%] [32mBuilding C object CMakeFiles/custom_interfaces__rosidl_typesupport_introspection_c.dir/rosidl_typesupport_introspection_c/custom_interfaces/msg/detail/led_state__type_support.c.o[0m
[ 53%] [32mBuilding C object CMakeFiles/custom_interfaces__rosidl_typesupport_introspection_c.dir/rosidl_typesupport_introspection_c/custom_interfaces/msg/detail/led_states__type_support.c.o[0m
[ 55%] [32mBuilding C object CMakeFiles/custom_interfaces__rosidl_typesupport_introspection_c.dir/rosidl_typesupport_introspection_c/custom_interfaces/srv/detail/set_led__type_support.c.o[0m
[ 57%] [32m[1mLinking CXX shared library libcustom_interfaces__rosidl_typesupport_introspection_cpp.so[0m
[ 58%] [32mBuilding C object CMakeFiles/custom_interfaces__rosidl_typesupport_introspection_c.dir/rosidl_typesupport_introspection_c/custom_interfaces/srv/detail/compute_area_of_rectangle__type_support.c.o[0m
[ 60%] [32mBuilding CXX object CMakeFiles/custom_interfaces__rosidl_typesupport_cpp.dir/rosidl_typesupport_cpp/custom_interfaces/msg/led_states__type_support.cpp.o[0m
[ 61%] [32m[1mLinking C shared library libcustom_interfaces__rosidl_typesupport_introspection_c.so[0m
[ 61%] Built target custom_interfaces__rosidl_typesupport_introspection_c
[ 63%] [32mBuilding CXX object CMakeFiles/custom_interfaces__rosidl_typesupport_cpp.dir/rosidl_typesupport_cpp/custom_interfaces/srv/set_led__type_support.cpp.o[0m
[ 65%] [32mBuilding CXX object CMakeFiles/custom_interfaces__rosidl_typesupport_cpp.dir/rosidl_typesupport_cpp/custom_interfaces/srv/compute_area_of_rectangle__type_support.cpp.o[0m
[ 65%] Built target custom_interfaces__rosidl_typesupport_introspection_cpp
[ 66%] [32m[1mLinking CXX shared library libcustom_interfaces__rosidl_typesupport_fastrtps_cpp.so[0m
[ 66%] Built target custom_interfaces__rosidl_typesupport_fastrtps_cpp
[ 68%] [34m[1mGenerating C type support for eProsima Fast-RTPS[0m
[ 69%] [32m[1mLinking CXX shared library libcustom_interfaces__rosidl_typesupport_cpp.so[0m
[ 69%] Built target custom_interfaces__rosidl_typesupport_cpp
[35m[1mScanning dependencies of target custom_interfaces__rosidl_typesupport_fastrtps_c[0m
[ 71%] [32mBuilding CXX object CMakeFiles/custom_interfaces__rosidl_typesupport_fastrtps_c.dir/rosidl_typesupport_fastrtps_c/custom_interfaces/srv/detail/set_led__type_support_c.cpp.o[0m
[ 73%] [32mBuilding CXX object CMakeFiles/custom_interfaces__rosidl_typesupport_fastrtps_c.dir/rosidl_typesupport_fastrtps_c/custom_interfaces/msg/detail/led_state__type_support_c.cpp.o[0m
[ 74%] [32mBuilding CXX object CMakeFiles/custom_interfaces__rosidl_typesupport_fastrtps_c.dir/rosidl_typesupport_fastrtps_c/custom_interfaces/msg/detail/led_states__type_support_c.cpp.o[0m
[ 76%] [32mBuilding CXX object CMakeFiles/custom_interfaces__rosidl_typesupport_fastrtps_c.dir/rosidl_typesupport_fastrtps_c/custom_interfaces/msg/detail/hw_status__type_support_c.cpp.o[0m
[ 77%] [32mBuilding CXX object CMakeFiles/custom_interfaces__rosidl_typesupport_fastrtps_c.dir/rosidl_typesupport_fastrtps_c/custom_interfaces/srv/detail/compute_area_of_rectangle__type_support_c.cpp.o[0m
[ 79%] [32m[1mLinking CXX shared library libcustom_interfaces__rosidl_typesupport_fastrtps_c.so[0m
[ 79%] Built target custom_interfaces__rosidl_typesupport_fastrtps_c
[35m[1mScanning dependencies of target custom_interfaces[0m
[ 79%] Built target custom_interfaces
[35m[1mScanning dependencies of target custom_interfaces__py[0m
[ 80%] [34m[1mGenerating Python code for ROS interfaces[0m
[ 80%] Built target custom_interfaces__py
[35m[1mScanning dependencies of target custom_interfaces__python[0m
[ 84%] [32mBuilding C object CMakeFiles/custom_interfaces__python.dir/rosidl_generator_py/custom_interfaces/msg/_led_states_s.c.o[0m
[ 84%] [32mBuilding C object CMakeFiles/custom_interfaces__python.dir/rosidl_generator_py/custom_interfaces/msg/_led_state_s.c.o[0m
[ 85%] [32mBuilding C object CMakeFiles/custom_interfaces__python.dir/rosidl_generator_py/custom_interfaces/srv/_compute_area_of_rectangle_s.c.o[0m
[ 87%] [32mBuilding C object CMakeFiles/custom_interfaces__python.dir/rosidl_generator_py/custom_interfaces/msg/_hw_status_s.c.o[0m
[ 88%] [32mBuilding C object CMakeFiles/custom_interfaces__python.dir/rosidl_generator_py/custom_interfaces/srv/_set_led_s.c.o[0m
[ 90%] [32m[1mLinking C shared library rosidl_generator_py/custom_interfaces/libcustom_interfaces__python.so[0m
[ 90%] Built target custom_interfaces__python
[35m[1mScanning dependencies of target custom_interfaces__rosidl_typesupport_introspection_c__pyext[0m
[35m[1mScanning dependencies of target custom_interfaces__rosidl_typesupport_c__pyext[0m
[35m[1mScanning dependencies of target custom_interfaces__rosidl_typesupport_fastrtps_c__pyext[0m
[ 95%] [32mBuilding C object CMakeFiles/custom_interfaces__rosidl_typesupport_fastrtps_c__pyext.dir/rosidl_generator_py/custom_interfaces/_custom_interfaces_s.ep.rosidl_typesupport_fastrtps_c.c.o[0m
[ 95%] [32mBuilding C object CMakeFiles/custom_interfaces__rosidl_typesupport_introspection_c__pyext.dir/rosidl_generator_py/custom_interfaces/_custom_interfaces_s.ep.rosidl_typesupport_introspection_c.c.o[0m
[ 95%] [32mBuilding C object CMakeFiles/custom_interfaces__rosidl_typesupport_c__pyext.dir/rosidl_generator_py/custom_interfaces/_custom_interfaces_s.ep.rosidl_typesupport_c.c.o[0m
[ 98%] [32m[1mLinking C shared library rosidl_generator_py/custom_interfaces/custom_interfaces_s__rosidl_typesupport_introspection_c.cpython-38-x86_64-linux-gnu.so[0m
[ 98%] [32m[1mLinking CXX shared library rosidl_generator_py/custom_interfaces/custom_interfaces_s__rosidl_typesupport_fastrtps_c.cpython-38-x86_64-linux-gnu.so[0m
[100%] [32m[1mLinking C shared library rosidl_generator_py/custom_interfaces/custom_interfaces_s__rosidl_typesupport_c.cpython-38-x86_64-linux-gnu.so[0m
[100%] Built target custom_interfaces__rosidl_typesupport_introspection_c__pyext
[100%] Built target custom_interfaces__rosidl_typesupport_c__pyext
[100%] Built target custom_interfaces__rosidl_typesupport_fastrtps_c__pyext
-- Install configuration: ""
-- Installing: /home/krishna/Altran_Folders/ROS2/catkin_ws/install/custom_interfaces/share/ament_index/resource_index/rosidl_interfaces/custom_interfaces
-- Installing: /home/krishna/Altran_Folders/ROS2/catkin_ws/install/custom_interfaces/include/custom_interfaces
-- Installing: /home/krishna/Altran_Folders/ROS2/catkin_ws/install/custom_interfaces/include/custom_interfaces/msg
-- Installing: /home/krishna/Altran_Folders/ROS2/catkin_ws/install/custom_interfaces/include/custom_interfaces/msg/detail
-- Installing: /home/krishna/Altran_Folders/ROS2/catkin_ws/install/custom_interfaces/include/custom_interfaces/msg/detail/led_state__type_support.h
-- Installing: /home/krishna/Altran_Folders/ROS2/catkin_ws/install/custom_interfaces/include/custom_interfaces/msg/detail/hw_status__functions.c
-- Installing: /home/krishna/Altran_Folders/ROS2/catkin_ws/install/custom_interfaces/include/custom_interfaces/msg/detail/led_state__functions.c
-- Installing: /home/krishna/Altran_Folders/ROS2/catkin_ws/install/custom_interfaces/include/custom_interfaces/msg/detail/led_state__functions.h
-- Installing: /home/krishna/Altran_Folders/ROS2/catkin_ws/install/custom_interfaces/include/custom_interfaces/msg/detail/hw_status__functions.h
-- Installing: /home/krishna/Altran_Folders/ROS2/catkin_ws/install/custom_interfaces/include/custom_interfaces/msg/detail/led_states__type_support.h
-- Installing: /home/krishna/Altran_Folders/ROS2/catkin_ws/install/custom_interfaces/include/custom_interfaces/msg/detail/led_states__struct.h
-- Installing: /home/krishna/Altran_Folders/ROS2/catkin_ws/install/custom_interfaces/include/custom_interfaces/msg/detail/hw_status__type_support.h
-- Installing: /home/krishna/Altran_Folders/ROS2/catkin_ws/install/custom_interfaces/include/custom_interfaces/msg/detail/hw_status__struct.h
-- Installing: /home/krishna/Altran_Folders/ROS2/catkin_ws/install/custom_interfaces/include/custom_interfaces/msg/detail/led_states__functions.h
-- Installing: /home/krishna/Altran_Folders/ROS2/catkin_ws/install/custom_interfaces/include/custom_interfaces/msg/detail/led_state__struct.h
-- Installing: /home/krishna/Altran_Folders/ROS2/catkin_ws/install/custom_interfaces/include/custom_interfaces/msg/detail/led_states__functions.c
-- Installing: /home/krishna/Altran_Folders/ROS2/catkin_ws/install/custom_interfaces/include/custom_interfaces/msg/led_state.h
-- Installing: /home/krishna/Altran_Folders/ROS2/catkin_ws/install/custom_interfaces/include/custom_interfaces/msg/rosidl_generator_c__visibility_control.h
-- Installing: /home/krishna/Altran_Folders/ROS2/catkin_ws/install/custom_interfaces/include/custom_interfaces/msg/led_states.h
-- Installing: /home/krishna/Altran_Folders/ROS2/catkin_ws/install/custom_interfaces/include/custom_interfaces/msg/hw_status.h
-- Installing: /home/krishna/Altran_Folders/ROS2/catkin_ws/install/custom_interfaces/include/custom_interfaces/srv
-- Installing: /home/krishna/Altran_Folders/ROS2/catkin_ws/install/custom_interfaces/include/custom_interfaces/srv/set_led.h
-- Installing: /home/krishna/Altran_Folders/ROS2/catkin_ws/install/custom_interfaces/include/custom_interfaces/srv/detail
-- Installing: /home/krishna/Altran_Folders/ROS2/catkin_ws/install/custom_interfaces/include/custom_interfaces/srv/detail/set_led__struct.h
-- Installing: /home/krishna/Altran_Folders/ROS2/catkin_ws/install/custom_interfaces/include/custom_interfaces/srv/detail/compute_area_of_rectangle__functions.h
-- Installing: /home/krishna/Altran_Folders/ROS2/catkin_ws/install/custom_interfaces/include/custom_interfaces/srv/detail/compute_area_of_rectangle__type_support.h
-- Installing: /home/krishna/Altran_Folders/ROS2/catkin_ws/install/custom_interfaces/include/custom_interfaces/srv/detail/set_led__type_support.h
-- Installing: /home/krishna/Altran_Folders/ROS2/catkin_ws/install/custom_interfaces/include/custom_interfaces/srv/detail/set_led__functions.c
-- Installing: /home/krishna/Altran_Folders/ROS2/catkin_ws/install/custom_interfaces/include/custom_interfaces/srv/detail/compute_area_of_rectangle__struct.h
-- Installing: /home/krishna/Altran_Folders/ROS2/catkin_ws/install/custom_interfaces/include/custom_interfaces/srv/detail/set_led__functions.h
-- Installing: /home/krishna/Altran_Folders/ROS2/catkin_ws/install/custom_interfaces/include/custom_interfaces/srv/detail/compute_area_of_rectangle__functions.c
-- Installing: /home/krishna/Altran_Folders/ROS2/catkin_ws/install/custom_interfaces/include/custom_interfaces/srv/compute_area_of_rectangle.h
-- Installing: /home/krishna/Altran_Folders/ROS2/catkin_ws/install/custom_interfaces/share/custom_interfaces/environment/library_path.sh
-- Installing: /home/krishna/Altran_Folders/ROS2/catkin_ws/install/custom_interfaces/share/custom_interfaces/environment/library_path.dsv
-- Installing: /home/krishna/Altran_Folders/ROS2/catkin_ws/install/custom_interfaces/lib/libcustom_interfaces__rosidl_generator_c.so
-- Set runtime path of "/home/krishna/Altran_Folders/ROS2/catkin_ws/install/custom_interfaces/lib/libcustom_interfaces__rosidl_generator_c.so" to ""
-- Up-to-date: /home/krishna/Altran_Folders/ROS2/catkin_ws/install/custom_interfaces/include/custom_interfaces
-- Up-to-date: /home/krishna/Altran_Folders/ROS2/catkin_ws/install/custom_interfaces/include/custom_interfaces/msg
-- Up-to-date: /home/krishna/Altran_Folders/ROS2/catkin_ws/install/custom_interfaces/include/custom_interfaces/msg/detail
-- Installing: /home/krishna/Altran_Folders/ROS2/catkin_ws/install/custom_interfaces/include/custom_interfaces/msg/detail/led_states__rosidl_typesupport_fastrtps_c.h
-- Installing: /home/krishna/Altran_Folders/ROS2/catkin_ws/install/custom_interfaces/include/custom_interfaces/msg/detail/led_state__rosidl_typesupport_fastrtps_c.h
-- Installing: /home/krishna/Altran_Folders/ROS2/catkin_ws/install/custom_interfaces/include/custom_interfaces/msg/detail/hw_status__rosidl_typesupport_fastrtps_c.h
-- Installing: /home/krishna/Altran_Folders/ROS2/catkin_ws/install/custom_interfaces/include/custom_interfaces/msg/rosidl_typesupport_fastrtps_c__visibility_control.h
-- Up-to-date: /home/krishna/Altran_Folders/ROS2/catkin_ws/install/custom_interfaces/include/custom_interfaces/srv
-- Up-to-date: /home/krishna/Altran_Folders/ROS2/catkin_ws/install/custom_interfaces/include/custom_interfaces/srv/detail
-- Installing: /home/krishna/Altran_Folders/ROS2/catkin_ws/install/custom_interfaces/include/custom_interfaces/srv/detail/compute_area_of_rectangle__rosidl_typesupport_fastrtps_c.h
-- Installing: /home/krishna/Altran_Folders/ROS2/catkin_ws/install/custom_interfaces/include/custom_interfaces/srv/detail/set_led__rosidl_typesupport_fastrtps_c.h
-- Installing: /home/krishna/Altran_Folders/ROS2/catkin_ws/install/custom_interfaces/lib/libcustom_interfaces__rosidl_typesupport_fastrtps_c.so
-- Set runtime path of "/home/krishna/Altran_Folders/ROS2/catkin_ws/install/custom_interfaces/lib/libcustom_interfaces__rosidl_typesupport_fastrtps_c.so" to ""
-- Up-to-date: /home/krishna/Altran_Folders/ROS2/catkin_ws/install/custom_interfaces/include/custom_interfaces
-- Up-to-date: /home/krishna/Altran_Folders/ROS2/catkin_ws/install/custom_interfaces/include/custom_interfaces/msg
-- Up-to-date: /home/krishna/Altran_Folders/ROS2/catkin_ws/install/custom_interfaces/include/custom_interfaces/msg/detail
-- Installing: /home/krishna/Altran_Folders/ROS2/catkin_ws/install/custom_interfaces/include/custom_interfaces/msg/detail/dds_fastrtps
-- Installing: /home/krishna/Altran_Folders/ROS2/catkin_ws/install/custom_interfaces/include/custom_interfaces/msg/detail/led_state__rosidl_typesupport_fastrtps_cpp.hpp
-- Installing: /home/krishna/Altran_Folders/ROS2/catkin_ws/install/custom_interfaces/include/custom_interfaces/msg/detail/led_states__rosidl_typesupport_fastrtps_cpp.hpp
-- Installing: /home/krishna/Altran_Folders/ROS2/catkin_ws/install/custom_interfaces/include/custom_interfaces/msg/detail/hw_status__rosidl_typesupport_fastrtps_cpp.hpp
-- Installing: /home/krishna/Altran_Folders/ROS2/catkin_ws/install/custom_interfaces/include/custom_interfaces/msg/rosidl_typesupport_fastrtps_cpp__visibility_control.h
-- Up-to-date: /home/krishna/Altran_Folders/ROS2/catkin_ws/install/custom_interfaces/include/custom_interfaces/srv
-- Up-to-date: /home/krishna/Altran_Folders/ROS2/catkin_ws/install/custom_interfaces/include/custom_interfaces/srv/detail
-- Installing: /home/krishna/Altran_Folders/ROS2/catkin_ws/install/custom_interfaces/include/custom_interfaces/srv/detail/compute_area_of_rectangle__rosidl_typesupport_fastrtps_cpp.hpp
-- Installing: /home/krishna/Altran_Folders/ROS2/catkin_ws/install/custom_interfaces/include/custom_interfaces/srv/detail/dds_fastrtps
-- Installing: /home/krishna/Altran_Folders/ROS2/catkin_ws/install/custom_interfaces/include/custom_interfaces/srv/detail/set_led__rosidl_typesupport_fastrtps_cpp.hpp
-- Installing: /home/krishna/Altran_Folders/ROS2/catkin_ws/install/custom_interfaces/lib/libcustom_interfaces__rosidl_typesupport_fastrtps_cpp.so
-- Set runtime path of "/home/krishna/Altran_Folders/ROS2/catkin_ws/install/custom_interfaces/lib/libcustom_interfaces__rosidl_typesupport_fastrtps_cpp.so" to ""
-- Up-to-date: /home/krishna/Altran_Folders/ROS2/catkin_ws/install/custom_interfaces/include/custom_interfaces
-- Up-to-date: /home/krishna/Altran_Folders/ROS2/catkin_ws/install/custom_interfaces/include/custom_interfaces/msg
-- Up-to-date: /home/krishna/Altran_Folders/ROS2/catkin_ws/install/custom_interfaces/include/custom_interfaces/msg/detail
-- Installing: /home/krishna/Altran_Folders/ROS2/catkin_ws/install/custom_interfaces/include/custom_interfaces/msg/detail/hw_status__rosidl_typesupport_introspection_c.h
-- Installing: /home/krishna/Altran_Folders/ROS2/catkin_ws/install/custom_interfaces/include/custom_interfaces/msg/detail/led_state__rosidl_typesupport_introspection_c.h
-- Installing: /home/krishna/Altran_Folders/ROS2/catkin_ws/install/custom_interfaces/include/custom_interfaces/msg/detail/hw_status__type_support.c
-- Installing: /home/krishna/Altran_Folders/ROS2/catkin_ws/install/custom_interfaces/include/custom_interfaces/msg/detail/led_states__rosidl_typesupport_introspection_c.h
-- Installing: /home/krishna/Altran_Folders/ROS2/catkin_ws/install/custom_interfaces/include/custom_interfaces/msg/detail/led_states__type_support.c
-- Installing: /home/krishna/Altran_Folders/ROS2/catkin_ws/install/custom_interfaces/include/custom_interfaces/msg/detail/led_state__type_support.c
-- Installing: /home/krishna/Altran_Folders/ROS2/catkin_ws/install/custom_interfaces/include/custom_interfaces/msg/rosidl_typesupport_introspection_c__visibility_control.h
-- Up-to-date: /home/krishna/Altran_Folders/ROS2/catkin_ws/install/custom_interfaces/include/custom_interfaces/srv
-- Up-to-date: /home/krishna/Altran_Folders/ROS2/catkin_ws/install/custom_interfaces/include/custom_interfaces/srv/detail
-- Installing: /home/krishna/Altran_Folders/ROS2/catkin_ws/install/custom_interfaces/include/custom_interfaces/srv/detail/set_led__rosidl_typesupport_introspection_c.h
-- Installing: /home/krishna/Altran_Folders/ROS2/catkin_ws/install/custom_interfaces/include/custom_interfaces/srv/detail/compute_area_of_rectangle__rosidl_typesupport_introspection_c.h
-- Installing: /home/krishna/Altran_Folders/ROS2/catkin_ws/install/custom_interfaces/include/custom_interfaces/srv/detail/set_led__type_support.c
-- Installing: /home/krishna/Altran_Folders/ROS2/catkin_ws/install/custom_interfaces/include/custom_interfaces/srv/detail/compute_area_of_rectangle__type_support.c
-- Installing: /home/krishna/Altran_Folders/ROS2/catkin_ws/install/custom_interfaces/lib/libcustom_interfaces__rosidl_typesupport_introspection_c.so
-- Set runtime path of "/home/krishna/Altran_Folders/ROS2/catkin_ws/install/custom_interfaces/lib/libcustom_interfaces__rosidl_typesupport_introspection_c.so" to ""
-- Installing: /home/krishna/Altran_Folders/ROS2/catkin_ws/install/custom_interfaces/lib/libcustom_interfaces__rosidl_typesupport_c.so
-- Set runtime path of "/home/krishna/Altran_Folders/ROS2/catkin_ws/install/custom_interfaces/lib/libcustom_interfaces__rosidl_typesupport_c.so" to ""
-- Up-to-date: /home/krishna/Altran_Folders/ROS2/catkin_ws/install/custom_interfaces/include/custom_interfaces
-- Up-to-date: /home/krishna/Altran_Folders/ROS2/catkin_ws/install/custom_interfaces/include/custom_interfaces/msg
-- Installing: /home/krishna/Altran_Folders/ROS2/catkin_ws/install/custom_interfaces/include/custom_interfaces/msg/hw_status.hpp
-- Up-to-date: /home/krishna/Altran_Folders/ROS2/catkin_ws/install/custom_interfaces/include/custom_interfaces/msg/detail
-- Installing: /home/krishna/Altran_Folders/ROS2/catkin_ws/install/custom_interfaces/include/custom_interfaces/msg/detail/hw_status__traits.hpp
-- Installing: /home/krishna/Altran_Folders/ROS2/catkin_ws/install/custom_interfaces/include/custom_interfaces/msg/detail/hw_status__struct.hpp
-- Installing: /home/krishna/Altran_Folders/ROS2/catkin_ws/install/custom_interfaces/include/custom_interfaces/msg/detail/hw_status__builder.hpp
-- Installing: /home/krishna/Altran_Folders/ROS2/catkin_ws/install/custom_interfaces/include/custom_interfaces/msg/detail/led_state__struct.hpp
-- Installing: /home/krishna/Altran_Folders/ROS2/catkin_ws/install/custom_interfaces/include/custom_interfaces/msg/detail/led_states__builder.hpp
-- Installing: /home/krishna/Altran_Folders/ROS2/catkin_ws/install/custom_interfaces/include/custom_interfaces/msg/detail/led_state__builder.hpp
-- Installing: /home/krishna/Altran_Folders/ROS2/catkin_ws/install/custom_interfaces/include/custom_interfaces/msg/detail/led_states__traits.hpp
-- Installing: /home/krishna/Altran_Folders/ROS2/catkin_ws/install/custom_interfaces/include/custom_interfaces/msg/detail/led_states__struct.hpp
-- Installing: /home/krishna/Altran_Folders/ROS2/catkin_ws/install/custom_interfaces/include/custom_interfaces/msg/detail/led_state__traits.hpp
-- Installing: /home/krishna/Altran_Folders/ROS2/catkin_ws/install/custom_interfaces/include/custom_interfaces/msg/led_state.hpp
-- Installing: /home/krishna/Altran_Folders/ROS2/catkin_ws/install/custom_interfaces/include/custom_interfaces/msg/led_states.hpp
-- Up-to-date: /home/krishna/Altran_Folders/ROS2/catkin_ws/install/custom_interfaces/include/custom_interfaces/srv
-- Up-to-date: /home/krishna/Altran_Folders/ROS2/catkin_ws/install/custom_interfaces/include/custom_interfaces/srv/detail
-- Installing: /home/krishna/Altran_Folders/ROS2/catkin_ws/install/custom_interfaces/include/custom_interfaces/srv/detail/compute_area_of_rectangle__traits.hpp
-- Installing: /home/krishna/Altran_Folders/ROS2/catkin_ws/install/custom_interfaces/include/custom_interfaces/srv/detail/compute_area_of_rectangle__struct.hpp
-- Installing: /home/krishna/Altran_Folders/ROS2/catkin_ws/install/custom_interfaces/include/custom_interfaces/srv/detail/set_led__builder.hpp
-- Installing: /home/krishna/Altran_Folders/ROS2/catkin_ws/install/custom_interfaces/include/custom_interfaces/srv/detail/compute_area_of_rectangle__builder.hpp
-- Installing: /home/krishna/Altran_Folders/ROS2/catkin_ws/install/custom_interfaces/include/custom_interfaces/srv/detail/set_led__struct.hpp
-- Installing: /home/krishna/Altran_Folders/ROS2/catkin_ws/install/custom_interfaces/include/custom_interfaces/srv/detail/set_led__traits.hpp
-- Installing: /home/krishna/Altran_Folders/ROS2/catkin_ws/install/custom_interfaces/include/custom_interfaces/srv/set_led.hpp
-- Installing: /home/krishna/Altran_Folders/ROS2/catkin_ws/install/custom_interfaces/include/custom_interfaces/srv/compute_area_of_rectangle.hpp
-- Up-to-date: /home/krishna/Altran_Folders/ROS2/catkin_ws/install/custom_interfaces/include/custom_interfaces
-- Up-to-date: /home/krishna/Altran_Folders/ROS2/catkin_ws/install/custom_interfaces/include/custom_interfaces/msg
-- Up-to-date: /home/krishna/Altran_Folders/ROS2/catkin_ws/install/custom_interfaces/include/custom_interfaces/msg/detail
-- Installing: /home/krishna/Altran_Folders/ROS2/catkin_ws/install/custom_interfaces/include/custom_interfaces/msg/detail/hw_status__rosidl_typesupport_introspection_cpp.hpp
-- Installing: /home/krishna/Altran_Folders/ROS2/catkin_ws/install/custom_interfaces/include/custom_interfaces/msg/detail/led_states__type_support.cpp
-- Installing: /home/krishna/Altran_Folders/ROS2/catkin_ws/install/custom_interfaces/include/custom_interfaces/msg/detail/hw_status__type_support.cpp
-- Installing: /home/krishna/Altran_Folders/ROS2/catkin_ws/install/custom_interfaces/include/custom_interfaces/msg/detail/led_state__rosidl_typesupport_introspection_cpp.hpp
-- Installing: /home/krishna/Altran_Folders/ROS2/catkin_ws/install/custom_interfaces/include/custom_interfaces/msg/detail/led_states__rosidl_typesupport_introspection_cpp.hpp
-- Installing: /home/krishna/Altran_Folders/ROS2/catkin_ws/install/custom_interfaces/include/custom_interfaces/msg/detail/led_state__type_support.cpp
-- Up-to-date: /home/krishna/Altran_Folders/ROS2/catkin_ws/install/custom_interfaces/include/custom_interfaces/srv
-- Up-to-date: /home/krishna/Altran_Folders/ROS2/catkin_ws/install/custom_interfaces/include/custom_interfaces/srv/detail
-- Installing: /home/krishna/Altran_Folders/ROS2/catkin_ws/install/custom_interfaces/include/custom_interfaces/srv/detail/set_led__type_support.cpp
-- Installing: /home/krishna/Altran_Folders/ROS2/catkin_ws/install/custom_interfaces/include/custom_interfaces/srv/detail/set_led__rosidl_typesupport_introspection_cpp.hpp
-- Installing: /home/krishna/Altran_Folders/ROS2/catkin_ws/install/custom_interfaces/include/custom_interfaces/srv/detail/compute_area_of_rectangle__type_support.cpp
-- Installing: /home/krishna/Altran_Folders/ROS2/catkin_ws/install/custom_interfaces/include/custom_interfaces/srv/detail/compute_area_of_rectangle__rosidl_typesupport_introspection_cpp.hpp
-- Installing: /home/krishna/Altran_Folders/ROS2/catkin_ws/install/custom_interfaces/lib/libcustom_interfaces__rosidl_typesupport_introspection_cpp.so
-- Set runtime path of "/home/krishna/Altran_Folders/ROS2/catkin_ws/install/custom_interfaces/lib/libcustom_interfaces__rosidl_typesupport_introspection_cpp.so" to ""
-- Installing: /home/krishna/Altran_Folders/ROS2/catkin_ws/install/custom_interfaces/lib/libcustom_interfaces__rosidl_typesupport_cpp.so
-- Set runtime path of "/home/krishna/Altran_Folders/ROS2/catkin_ws/install/custom_interfaces/lib/libcustom_interfaces__rosidl_typesupport_cpp.so" to ""
-- Installing: /home/krishna/Altran_Folders/ROS2/catkin_ws/install/custom_interfaces/share/custom_interfaces/environment/pythonpath.sh
-- Installing: /home/krishna/Altran_Folders/ROS2/catkin_ws/install/custom_interfaces/share/custom_interfaces/environment/pythonpath.dsv
-- Installing: /home/krishna/Altran_Folders/ROS2/catkin_ws/install/custom_interfaces/lib/python3.8/site-packages/custom_interfaces/__init__.py
Compiling '/home/krishna/Altran_Folders/ROS2/catkin_ws/install/custom_interfaces/lib/python3.8/site-packages/custom_interfaces/__init__.py'...
-- Installing: /home/krishna/Altran_Folders/ROS2/catkin_ws/install/custom_interfaces/lib/python3.8/site-packages/custom_interfaces/msg
-- Installing: /home/krishna/Altran_Folders/ROS2/catkin_ws/install/custom_interfaces/lib/python3.8/site-packages/custom_interfaces/msg/_led_state_s.c
-- Installing: /home/krishna/Altran_Folders/ROS2/catkin_ws/install/custom_interfaces/lib/python3.8/site-packages/custom_interfaces/msg/_led_states.py
-- Installing: /home/krishna/Altran_Folders/ROS2/catkin_ws/install/custom_interfaces/lib/python3.8/site-packages/custom_interfaces/msg/_hw_status.py
-- Installing: /home/krishna/Altran_Folders/ROS2/catkin_ws/install/custom_interfaces/lib/python3.8/site-packages/custom_interfaces/msg/__init__.py
-- Installing: /home/krishna/Altran_Folders/ROS2/catkin_ws/install/custom_interfaces/lib/python3.8/site-packages/custom_interfaces/msg/_hw_status_s.c
-- Installing: /home/krishna/Altran_Folders/ROS2/catkin_ws/install/custom_interfaces/lib/python3.8/site-packages/custom_interfaces/msg/_led_state.py
-- Installing: /home/krishna/Altran_Folders/ROS2/catkin_ws/install/custom_interfaces/lib/python3.8/site-packages/custom_interfaces/msg/_led_states_s.c
-- Installing: /home/krishna/Altran_Folders/ROS2/catkin_ws/install/custom_interfaces/lib/python3.8/site-packages/custom_interfaces/srv
-- Installing: /home/krishna/Altran_Folders/ROS2/catkin_ws/install/custom_interfaces/lib/python3.8/site-packages/custom_interfaces/srv/_compute_area_of_rectangle_s.c
-- Installing: /home/krishna/Altran_Folders/ROS2/catkin_ws/install/custom_interfaces/lib/python3.8/site-packages/custom_interfaces/srv/_set_led.py
-- Installing: /home/krishna/Altran_Folders/ROS2/catkin_ws/install/custom_interfaces/lib/python3.8/site-packages/custom_interfaces/srv/__init__.py
-- Installing: /home/krishna/Altran_Folders/ROS2/catkin_ws/install/custom_interfaces/lib/python3.8/site-packages/custom_interfaces/srv/_set_led_s.c
-- Installing: /home/krishna/Altran_Folders/ROS2/catkin_ws/install/custom_interfaces/lib/python3.8/site-packages/custom_interfaces/srv/_compute_area_of_rectangle.py
-- Installing: /home/krishna/Altran_Folders/ROS2/catkin_ws/install/custom_interfaces/lib/python3.8/site-packages/custom_interfaces/custom_interfaces_s__rosidl_typesupport_fastrtps_c.cpython-38-x86_64-linux-gnu.so
-- Set runtime path of "/home/krishna/Altran_Folders/ROS2/catkin_ws/install/custom_interfaces/lib/python3.8/site-packages/custom_interfaces/custom_interfaces_s__rosidl_typesupport_fastrtps_c.cpython-38-x86_64-linux-gnu.so" to ""
-- Installing: /home/krishna/Altran_Folders/ROS2/catkin_ws/install/custom_interfaces/lib/python3.8/site-packages/custom_interfaces/custom_interfaces_s__rosidl_typesupport_introspection_c.cpython-38-x86_64-linux-gnu.so
-- Set runtime path of "/home/krishna/Altran_Folders/ROS2/catkin_ws/install/custom_interfaces/lib/python3.8/site-packages/custom_interfaces/custom_interfaces_s__rosidl_typesupport_introspection_c.cpython-38-x86_64-linux-gnu.so" to ""
-- Installing: /home/krishna/Altran_Folders/ROS2/catkin_ws/install/custom_interfaces/lib/python3.8/site-packages/custom_interfaces/custom_interfaces_s__rosidl_typesupport_c.cpython-38-x86_64-linux-gnu.so
-- Set runtime path of "/home/krishna/Altran_Folders/ROS2/catkin_ws/install/custom_interfaces/lib/python3.8/site-packages/custom_interfaces/custom_interfaces_s__rosidl_typesupport_c.cpython-38-x86_64-linux-gnu.so" to ""
-- Installing: /home/krishna/Altran_Folders/ROS2/catkin_ws/install/custom_interfaces/lib/libcustom_interfaces__python.so
-- Set runtime path of "/home/krishna/Altran_Folders/ROS2/catkin_ws/install/custom_interfaces/lib/libcustom_interfaces__python.so" to ""
-- Installing: /home/krishna/Altran_Folders/ROS2/catkin_ws/install/custom_interfaces/share/custom_interfaces/msg/HwStatus.idl
-- Installing: /home/krishna/Altran_Folders/ROS2/catkin_ws/install/custom_interfaces/share/custom_interfaces/msg/LEDState.idl
-- Installing: /home/krishna/Altran_Folders/ROS2/catkin_ws/install/custom_interfaces/share/custom_interfaces/msg/LEDStates.idl
-- Installing: /home/krishna/Altran_Folders/ROS2/catkin_ws/install/custom_interfaces/share/custom_interfaces/srv/SetLED.idl
-- Installing: /home/krishna/Altran_Folders/ROS2/catkin_ws/install/custom_interfaces/share/custom_interfaces/srv/ComputeAreaOfRectangle.idl
-- Installing: /home/krishna/Altran_Folders/ROS2/catkin_ws/install/custom_interfaces/share/custom_interfaces/msg/HwStatus.msg
-- Installing: /home/krishna/Altran_Folders/ROS2/catkin_ws/install/custom_interfaces/share/custom_interfaces/msg/LEDState.msg
-- Installing: /home/krishna/Altran_Folders/ROS2/catkin_ws/install/custom_interfaces/share/custom_interfaces/msg/LEDStates.msg
-- Installing: /home/krishna/Altran_Folders/ROS2/catkin_ws/install/custom_interfaces/share/custom_interfaces/srv/SetLED.srv
-- Installing: /home/krishna/Altran_Folders/ROS2/catkin_ws/install/custom_interfaces/share/custom_interfaces/srv/SetLED_Request.msg
-- Installing: /home/krishna/Altran_Folders/ROS2/catkin_ws/install/custom_interfaces/share/custom_interfaces/srv/SetLED_Response.msg
-- Installing: /home/krishna/Altran_Folders/ROS2/catkin_ws/install/custom_interfaces/share/custom_interfaces/srv/ComputeAreaOfRectangle.srv
-- Installing: /home/krishna/Altran_Folders/ROS2/catkin_ws/install/custom_interfaces/share/custom_interfaces/srv/ComputeAreaOfRectangle_Request.msg
-- Installing: /home/krishna/Altran_Folders/ROS2/catkin_ws/install/custom_interfaces/share/custom_interfaces/srv/ComputeAreaOfRectangle_Response.msg
-- Installing: /home/krishna/Altran_Folders/ROS2/catkin_ws/install/custom_interfaces/share/ament_index/resource_index/package_run_dependencies/custom_interfaces
-- Installing: /home/krishna/Altran_Folders/ROS2/catkin_ws/install/custom_interfaces/share/ament_index/resource_index/parent_prefix_path/custom_interfaces
-- Installing: /home/krishna/Altran_Folders/ROS2/catkin_ws/install/custom_interfaces/share/custom_interfaces/environment/ament_prefix_path.sh
-- Installing: /home/krishna/Altran_Folders/ROS2/catkin_ws/install/custom_interfaces/share/custom_interfaces/environment/ament_prefix_path.dsv
-- Installing: /home/krishna/Altran_Folders/ROS2/catkin_ws/install/custom_interfaces/share/custom_interfaces/environment/path.sh
-- Installing: /home/krishna/Altran_Folders/ROS2/catkin_ws/install/custom_interfaces/share/custom_interfaces/environment/path.dsv
-- Installing: /home/krishna/Altran_Folders/ROS2/catkin_ws/install/custom_interfaces/share/custom_interfaces/local_setup.bash
-- Installing: /home/krishna/Altran_Folders/ROS2/catkin_ws/install/custom_interfaces/share/custom_interfaces/local_setup.sh
-- Installing: /home/krishna/Altran_Folders/ROS2/catkin_ws/install/custom_interfaces/share/custom_interfaces/local_setup.zsh
-- Installing: /home/krishna/Altran_Folders/ROS2/catkin_ws/install/custom_interfaces/share/custom_interfaces/local_setup.dsv
-- Installing: /home/krishna/Altran_Folders/ROS2/catkin_ws/install/custom_interfaces/share/custom_interfaces/package.dsv
-- Installing: /home/krishna/Altran_Folders/ROS2/catkin_ws/install/custom_interfaces/share/ament_index/resource_index/packages/custom_interfaces
-- Installing: /home/krishna/Altran_Folders/ROS2/catkin_ws/install/custom_interfaces/share/custom_interfaces/cmake/custom_interfaces__rosidl_generator_cExport.cmake
-- Installing: /home/krishna/Altran_Folders/ROS2/catkin_ws/install/custom_interfaces/share/custom_interfaces/cmake/custom_interfaces__rosidl_generator_cExport-noconfig.cmake
-- Installing: /home/krishna/Altran_Folders/ROS2/catkin_ws/install/custom_interfaces/share/custom_interfaces/cmake/custom_interfaces__rosidl_typesupport_introspection_cExport.cmake
-- Installing: /home/krishna/Altran_Folders/ROS2/catkin_ws/install/custom_interfaces/share/custom_interfaces/cmake/custom_interfaces__rosidl_typesupport_introspection_cExport-noconfig.cmake
-- Installing: /home/krishna/Altran_Folders/ROS2/catkin_ws/install/custom_interfaces/share/custom_interfaces/cmake/custom_interfaces__rosidl_typesupport_cExport.cmake
-- Installing: /home/krishna/Altran_Folders/ROS2/catkin_ws/install/custom_interfaces/share/custom_interfaces/cmake/custom_interfaces__rosidl_typesupport_cExport-noconfig.cmake
-- Installing: /home/krishna/Altran_Folders/ROS2/catkin_ws/install/custom_interfaces/share/custom_interfaces/cmake/custom_interfaces__rosidl_generator_cppExport.cmake
-- Installing: /home/krishna/Altran_Folders/ROS2/catkin_ws/install/custom_interfaces/share/custom_interfaces/cmake/custom_interfaces__rosidl_typesupport_introspection_cppExport.cmake
-- Installing: /home/krishna/Altran_Folders/ROS2/catkin_ws/install/custom_interfaces/share/custom_interfaces/cmake/custom_interfaces__rosidl_typesupport_introspection_cppExport-noconfig.cmake
-- Installing: /home/krishna/Altran_Folders/ROS2/catkin_ws/install/custom_interfaces/share/custom_interfaces/cmake/custom_interfaces__rosidl_typesupport_cppExport.cmake
-- Installing: /home/krishna/Altran_Folders/ROS2/catkin_ws/install/custom_interfaces/share/custom_interfaces/cmake/custom_interfaces__rosidl_typesupport_cppExport-noconfig.cmake
-- Installing: /home/krishna/Altran_Folders/ROS2/catkin_ws/install/custom_interfaces/share/custom_interfaces/cmake/rosidl_cmake-extras.cmake
-- Installing: /home/krishna/Altran_Folders/ROS2/catkin_ws/install/custom_interfaces/share/custom_interfaces/cmake/ament_cmake_export_dependencies-extras.cmake
-- Installing: /home/krishna/Altran_Folders/ROS2/catkin_ws/install/custom_interfaces/share/custom_interfaces/cmake/ament_cmake_export_libraries-extras.cmake
-- Installing: /home/krishna/Altran_Folders/ROS2/catkin_ws/install/custom_interfaces/share/custom_interfaces/cmake/ament_cmake_export_targets-extras.cmake
-- Installing: /home/krishna/Altran_Folders/ROS2/catkin_ws/install/custom_interfaces/share/custom_interfaces/cmake/ament_cmake_export_include_directories-extras.cmake
-- Installing: /home/krishna/Altran_Folders/ROS2/catkin_ws/install/custom_interfaces/share/custom_interfaces/cmake/rosidl_cmake_export_typesupport_libraries-extras.cmake
-- Installing: /home/krishna/Altran_Folders/ROS2/catkin_ws/install/custom_interfaces/share/custom_interfaces/cmake/rosidl_cmake_export_typesupport_targets-extras.cmake
-- Installing: /home/krishna/Altran_Folders/ROS2/catkin_ws/install/custom_interfaces/share/custom_interfaces/cmake/custom_interfacesConfig.cmake
-- Installing: /home/krishna/Altran_Folders/ROS2/catkin_ws/install/custom_interfaces/share/custom_interfaces/cmake/custom_interfacesConfig-version.cmake
-- Installing: /home/krishna/Altran_Folders/ROS2/catkin_ws/install/custom_interfaces/share/custom_interfaces/package.xml
