[0.018s] Invoking command in '/home/krishna/Altran_Folders/ROS2/catkin_ws/build/custom_interfaces': CMAKE_PREFIX_PATH=${CMAKE_PREFIX_PATH}:/home/krishna/Git_Aorta/aorta/ROS/install/tuk_filter:/home/krishna/Git_Aorta/aorta/ROS/install/trajectory_planning:/home/krishna/Git_Aorta/aorta/ROS/install/trajectory_following_parameter:/home/krishna/Git_Aorta/aorta/ROS/install/trajectory_following:/home/krishna/Git_Aorta/aorta/ROS/install/traffic_light_control:/home/krishna/Git_Aorta/aorta/ROS/install/carla_aorta_test:/home/krishna/Git_Aorta/aorta/ROS/install/carla_ad_demo:/home/krishna/Git_Aorta/aorta/ROS/install/rqt_carla_control:/home/krishna/Git_Aorta/aorta/ROS/install/carla_waypoint_publisher:/home/krishna/Git_Aorta/aorta/ROS/install/carla_ackermann_control:/home/krishna/Git_Aorta/aorta/ROS/install/carla_ros_bridge:/home/krishna/Git_Aorta/aorta/ROS/install/carla_spawn_objects:/home/krishna/Git_Aorta/aorta/ROS/install/carla_manual_control:/home/krishna/Git_Aorta/aorta/ROS/install/carla_ad_agent:/home/krishna/Git_Aorta/aorta/ROS/install/ros_compatibility:/home/krishna/Git_Aorta/aorta/ROS/install/ros_bridge_addon:/home/krishna/Git_Aorta/aorta/ROS/install/emergency_filter:/home/krishna/Git_Aorta/aorta/ROS/install/edge_device:/home/krishna/Git_Aorta/aorta/ROS/install/dummy_manual_control:/home/krishna/Git_Aorta/aorta/ROS/install/default_filter:/home/krishna/Git_Aorta/aorta/ROS/install/car_tuk:/home/krishna/Git_Aorta/aorta/ROS/install/car_emergency:/home/krishna/Git_Aorta/aorta/ROS/install/car_default:/home/krishna/Git_Aorta/aorta/ROS/install/car_altran:/home/krishna/Git_Aorta/aorta/ROS/install/car_akka:/home/krishna/Git_Aorta/aorta/ROS/install/aorta_server:/home/krishna/Git_Aorta/aorta/ROS/install/aorta_demo:/home/krishna/Git_Aorta/aorta/ROS/install/altran_filter:/home/krishna/Git_Aorta/aorta/ROS/install/akka_sensor_dummy:/home/krishna/Git_Aorta/aorta/ROS/install/akka_filter:/home/krishna/Git_Aorta/aorta/ROS/install/carla_walker_agent:/home/krishna/Git_Aorta/aorta/ROS/install/carla_twist_to_control:/home/krishna/Git_Aorta/aorta/ROS/install/carla_ros_scenario_runner:/home/krishna/Git_Aorta/aorta/ROS/install/carla_common:/opt/ros/galactic /usr/bin/cmake /home/krishna/Altran_Folders/ROS2/catkin_ws/src/custom_interfaces -DCMAKE_INSTALL_PREFIX=/home/krishna/Altran_Folders/ROS2/catkin_ws/install/custom_interfaces
[0.103s] -- The C compiler identification is GNU 10.3.0
[0.156s] -- The CXX compiler identification is GNU 10.3.0
[0.162s] -- Check for working C compiler: /usr/bin/cc
[0.217s] -- Check for working C compiler: /usr/bin/cc -- works
[0.218s] -- Detecting C compiler ABI info
[0.272s] -- Detecting C compiler ABI info - done
[0.281s] -- Detecting C compile features
[0.281s] -- Detecting C compile features - done
[0.283s] -- Check for working CXX compiler: /usr/bin/c++
[0.347s] -- Check for working CXX compiler: /usr/bin/c++ -- works
[0.347s] -- Detecting CXX compiler ABI info
[0.408s] -- Detecting CXX compiler ABI info - done
[0.418s] -- Detecting CXX compile features
[0.419s] -- Detecting CXX compile features - done
[0.425s] -- Found ament_cmake: 1.1.4 (/opt/ros/galactic/share/ament_cmake/cmake)
[0.459s] -- Found PythonInterp: /usr/bin/python3 (found suitable version "3.8.10", minimum required is "3") 
[0.459s] -- Using PYTHON_EXECUTABLE: /usr/bin/python3
[0.571s] -- Found rosidl_default_generators: 1.1.1 (/opt/ros/galactic/share/rosidl_default_generators/cmake)
[0.590s] -- Using all available rosidl_typesupport_c: rosidl_typesupport_fastrtps_c;rosidl_typesupport_introspection_c
[0.601s] -- Found rosidl_adapter: 2.2.1 (/opt/ros/galactic/share/rosidl_adapter/cmake)
[0.714s] -- Found OpenSSL: /usr/lib/x86_64-linux-gnu/libcrypto.so (found version "1.1.1f")  
[0.744s] -- Found FastRTPS: /opt/ros/galactic/include  
[0.831s] -- Using all available rosidl_typesupport_cpp: rosidl_typesupport_fastrtps_cpp;rosidl_typesupport_introspection_cpp
[0.883s] -- Found PythonInterp: /usr/bin/python3 (found version "3.8.10") 
[1.042s] -- Found ament_cmake_ros: 0.9.2 (/opt/ros/galactic/share/ament_cmake_ros/cmake)
[1.144s] -- Using all available rosidl_typesupport_c: rosidl_typesupport_fastrtps_c;rosidl_typesupport_introspection_c
[1.153s] -- Using all available rosidl_typesupport_cpp: rosidl_typesupport_fastrtps_cpp;rosidl_typesupport_introspection_cpp
[1.181s] -- Found PythonInterp: /usr/bin/python3 (found suitable version "3.8.10", minimum required is "3.5") 
[1.184s] -- Found python_cmake_module: 0.8.1 (/opt/ros/galactic/share/python_cmake_module/cmake)
[1.216s] -- Found PythonLibs: /usr/lib/x86_64-linux-gnu/libpython3.8.so (found suitable version "3.8.10", minimum required is "3.5") 
[1.216s] -- Using PYTHON_EXECUTABLE: /usr/bin/python3
[1.216s] -- Using PYTHON_INCLUDE_DIRS: /usr/include/python3.8
[1.216s] -- Using PYTHON_LIBRARIES: /usr/lib/x86_64-linux-gnu/libpython3.8.so
[1.245s] -- Found PythonExtra: .so  
[1.301s] -- Configuring done
[1.333s] -- Generating done
[1.334s] -- Build files have been written to: /home/krishna/Altran_Folders/ROS2/catkin_ws/build/custom_interfaces
[1.341s] Invoked command in '/home/krishna/Altran_Folders/ROS2/catkin_ws/build/custom_interfaces' returned '0': CMAKE_PREFIX_PATH=${CMAKE_PREFIX_PATH}:/home/krishna/Git_Aorta/aorta/ROS/install/tuk_filter:/home/krishna/Git_Aorta/aorta/ROS/install/trajectory_planning:/home/krishna/Git_Aorta/aorta/ROS/install/trajectory_following_parameter:/home/krishna/Git_Aorta/aorta/ROS/install/trajectory_following:/home/krishna/Git_Aorta/aorta/ROS/install/traffic_light_control:/home/krishna/Git_Aorta/aorta/ROS/install/carla_aorta_test:/home/krishna/Git_Aorta/aorta/ROS/install/carla_ad_demo:/home/krishna/Git_Aorta/aorta/ROS/install/rqt_carla_control:/home/krishna/Git_Aorta/aorta/ROS/install/carla_waypoint_publisher:/home/krishna/Git_Aorta/aorta/ROS/install/carla_ackermann_control:/home/krishna/Git_Aorta/aorta/ROS/install/carla_ros_bridge:/home/krishna/Git_Aorta/aorta/ROS/install/carla_spawn_objects:/home/krishna/Git_Aorta/aorta/ROS/install/carla_manual_control:/home/krishna/Git_Aorta/aorta/ROS/install/carla_ad_agent:/home/krishna/Git_Aorta/aorta/ROS/install/ros_compatibility:/home/krishna/Git_Aorta/aorta/ROS/install/ros_bridge_addon:/home/krishna/Git_Aorta/aorta/ROS/install/emergency_filter:/home/krishna/Git_Aorta/aorta/ROS/install/edge_device:/home/krishna/Git_Aorta/aorta/ROS/install/dummy_manual_control:/home/krishna/Git_Aorta/aorta/ROS/install/default_filter:/home/krishna/Git_Aorta/aorta/ROS/install/car_tuk:/home/krishna/Git_Aorta/aorta/ROS/install/car_emergency:/home/krishna/Git_Aorta/aorta/ROS/install/car_default:/home/krishna/Git_Aorta/aorta/ROS/install/car_altran:/home/krishna/Git_Aorta/aorta/ROS/install/car_akka:/home/krishna/Git_Aorta/aorta/ROS/install/aorta_server:/home/krishna/Git_Aorta/aorta/ROS/install/aorta_demo:/home/krishna/Git_Aorta/aorta/ROS/install/altran_filter:/home/krishna/Git_Aorta/aorta/ROS/install/akka_sensor_dummy:/home/krishna/Git_Aorta/aorta/ROS/install/akka_filter:/home/krishna/Git_Aorta/aorta/ROS/install/carla_walker_agent:/home/krishna/Git_Aorta/aorta/ROS/install/carla_twist_to_control:/home/krishna/Git_Aorta/aorta/ROS/install/carla_ros_scenario_runner:/home/krishna/Git_Aorta/aorta/ROS/install/carla_common:/opt/ros/galactic /usr/bin/cmake /home/krishna/Altran_Folders/ROS2/catkin_ws/src/custom_interfaces -DCMAKE_INSTALL_PREFIX=/home/krishna/Altran_Folders/ROS2/catkin_ws/install/custom_interfaces
[1.343s] Invoking command in '/home/krishna/Altran_Folders/ROS2/catkin_ws/build/custom_interfaces': CMAKE_PREFIX_PATH=${CMAKE_PREFIX_PATH}:/home/krishna/Git_Aorta/aorta/ROS/install/tuk_filter:/home/krishna/Git_Aorta/aorta/ROS/install/trajectory_planning:/home/krishna/Git_Aorta/aorta/ROS/install/trajectory_following_parameter:/home/krishna/Git_Aorta/aorta/ROS/install/trajectory_following:/home/krishna/Git_Aorta/aorta/ROS/install/traffic_light_control:/home/krishna/Git_Aorta/aorta/ROS/install/carla_aorta_test:/home/krishna/Git_Aorta/aorta/ROS/install/carla_ad_demo:/home/krishna/Git_Aorta/aorta/ROS/install/rqt_carla_control:/home/krishna/Git_Aorta/aorta/ROS/install/carla_waypoint_publisher:/home/krishna/Git_Aorta/aorta/ROS/install/carla_ackermann_control:/home/krishna/Git_Aorta/aorta/ROS/install/carla_ros_bridge:/home/krishna/Git_Aorta/aorta/ROS/install/carla_spawn_objects:/home/krishna/Git_Aorta/aorta/ROS/install/carla_manual_control:/home/krishna/Git_Aorta/aorta/ROS/install/carla_ad_agent:/home/krishna/Git_Aorta/aorta/ROS/install/ros_compatibility:/home/krishna/Git_Aorta/aorta/ROS/install/ros_bridge_addon:/home/krishna/Git_Aorta/aorta/ROS/install/emergency_filter:/home/krishna/Git_Aorta/aorta/ROS/install/edge_device:/home/krishna/Git_Aorta/aorta/ROS/install/dummy_manual_control:/home/krishna/Git_Aorta/aorta/ROS/install/default_filter:/home/krishna/Git_Aorta/aorta/ROS/install/car_tuk:/home/krishna/Git_Aorta/aorta/ROS/install/car_emergency:/home/krishna/Git_Aorta/aorta/ROS/install/car_default:/home/krishna/Git_Aorta/aorta/ROS/install/car_altran:/home/krishna/Git_Aorta/aorta/ROS/install/car_akka:/home/krishna/Git_Aorta/aorta/ROS/install/aorta_server:/home/krishna/Git_Aorta/aorta/ROS/install/aorta_demo:/home/krishna/Git_Aorta/aorta/ROS/install/altran_filter:/home/krishna/Git_Aorta/aorta/ROS/install/akka_sensor_dummy:/home/krishna/Git_Aorta/aorta/ROS/install/akka_filter:/home/krishna/Git_Aorta/aorta/ROS/install/carla_walker_agent:/home/krishna/Git_Aorta/aorta/ROS/install/carla_twist_to_control:/home/krishna/Git_Aorta/aorta/ROS/install/carla_ros_scenario_runner:/home/krishna/Git_Aorta/aorta/ROS/install/carla_common:/opt/ros/galactic /usr/bin/cmake --build /home/krishna/Altran_Folders/ROS2/catkin_ws/build/custom_interfaces -- -j8 -l8
[1.377s] [35m[1mScanning dependencies of target custom_interfaces__cpp[0m
[1.377s] [  1%] [34m[1mGenerating C code for ROS interfaces[0m
[1.386s] [  3%] [34m[1mGenerating C++ code for ROS interfaces[0m
[1.755s] [35m[1mScanning dependencies of target custom_interfaces__rosidl_generator_c[0m
[1.771s] [  4%] [32mBuilding C object CMakeFiles/custom_interfaces__rosidl_generator_c.dir/rosidl_generator_c/custom_interfaces/msg/detail/hw_status__functions.c.o[0m
[1.772s] [  6%] [32mBuilding C object CMakeFiles/custom_interfaces__rosidl_generator_c.dir/rosidl_generator_c/custom_interfaces/msg/detail/led_state__functions.c.o[0m
[1.772s] [  7%] [32mBuilding C object CMakeFiles/custom_interfaces__rosidl_generator_c.dir/rosidl_generator_c/custom_interfaces/msg/detail/led_states__functions.c.o[0m
[1.772s] [  9%] [32mBuilding C object CMakeFiles/custom_interfaces__rosidl_generator_c.dir/rosidl_generator_c/custom_interfaces/srv/detail/set_led__functions.c.o[0m
[1.779s] [ 11%] [32mBuilding C object CMakeFiles/custom_interfaces__rosidl_generator_c.dir/rosidl_generator_c/custom_interfaces/srv/detail/compute_area_of_rectangle__functions.c.o[0m
[1.814s] [ 11%] Built target custom_interfaces__cpp
[1.825s] [ 15%] [32m[1mLinking C shared library libcustom_interfaces__rosidl_generator_c.so[0m
[1.825s] [ 15%] [34m[1mGenerating C++ introspection for ROS interfaces[0m
[1.825s] [ 17%] [34m[1mGenerating C++ type support dispatch for ROS interfaces[0m
[1.825s] [ 17%] [34m[1mGenerating C++ type support for eProsima Fast-RTPS[0m
[1.861s] [ 17%] Built target custom_interfaces__rosidl_generator_c
[1.870s] [ 19%] [34m[1mGenerating C type support dispatch for ROS interfaces[0m
[1.873s] [ 20%] [34m[1mGenerating C introspection for ROS interfaces[0m
[2.204s] [35m[1mScanning dependencies of target custom_interfaces__rosidl_typesupport_introspection_cpp[0m
[2.221s] [ 22%] [32mBuilding CXX object CMakeFiles/custom_interfaces__rosidl_typesupport_introspection_cpp.dir/rosidl_typesupport_introspection_cpp/custom_interfaces/msg/detail/led_state__type_support.cpp.o[0m
[2.222s] [ 23%] [32mBuilding CXX object CMakeFiles/custom_interfaces__rosidl_typesupport_introspection_cpp.dir/rosidl_typesupport_introspection_cpp/custom_interfaces/msg/detail/hw_status__type_support.cpp.o[0m
[2.235s] [ 25%] [32mBuilding CXX object CMakeFiles/custom_interfaces__rosidl_typesupport_introspection_cpp.dir/rosidl_typesupport_introspection_cpp/custom_interfaces/srv/detail/set_led__type_support.cpp.o[0m
[2.242s] [ 26%] [32mBuilding CXX object CMakeFiles/custom_interfaces__rosidl_typesupport_introspection_cpp.dir/rosidl_typesupport_introspection_cpp/custom_interfaces/msg/detail/led_states__type_support.cpp.o[0m
[2.291s] [35m[1mScanning dependencies of target custom_interfaces__rosidl_typesupport_cpp[0m
[2.307s] [35m[1mScanning dependencies of target custom_interfaces__rosidl_typesupport_c[0m
[2.317s] [ 28%] [32mBuilding CXX object CMakeFiles/custom_interfaces__rosidl_typesupport_cpp.dir/rosidl_typesupport_cpp/custom_interfaces/msg/hw_status__type_support.cpp.o[0m
[2.338s] [ 30%] [32mBuilding CXX object CMakeFiles/custom_interfaces__rosidl_typesupport_c.dir/rosidl_typesupport_c/custom_interfaces/msg/hw_status__type_support.cpp.o[0m
[2.386s] [ 31%] [32mBuilding CXX object CMakeFiles/custom_interfaces__rosidl_typesupport_c.dir/rosidl_typesupport_c/custom_interfaces/msg/led_state__type_support.cpp.o[0m
[2.426s] [ 33%] [32mBuilding CXX object CMakeFiles/custom_interfaces__rosidl_typesupport_c.dir/rosidl_typesupport_c/custom_interfaces/msg/led_states__type_support.cpp.o[0m
[2.474s] [ 34%] [32mBuilding CXX object CMakeFiles/custom_interfaces__rosidl_typesupport_c.dir/rosidl_typesupport_c/custom_interfaces/srv/set_led__type_support.cpp.o[0m
[2.496s] [35m[1mScanning dependencies of target custom_interfaces__rosidl_typesupport_fastrtps_cpp[0m
[2.537s] [ 36%] [32mBuilding CXX object CMakeFiles/custom_interfaces__rosidl_typesupport_c.dir/rosidl_typesupport_c/custom_interfaces/srv/compute_area_of_rectangle__type_support.cpp.o[0m
[2.538s] [ 38%] [32mBuilding CXX object CMakeFiles/custom_interfaces__rosidl_typesupport_fastrtps_cpp.dir/rosidl_typesupport_fastrtps_cpp/custom_interfaces/msg/detail/dds_fastrtps/hw_status__type_support.cpp.o[0m
[2.556s] [ 39%] [32mBuilding CXX object CMakeFiles/custom_interfaces__rosidl_typesupport_fastrtps_cpp.dir/rosidl_typesupport_fastrtps_cpp/custom_interfaces/msg/detail/dds_fastrtps/led_state__type_support.cpp.o[0m
[2.576s] [ 41%] [32m[1mLinking CXX shared library libcustom_interfaces__rosidl_typesupport_c.so[0m
[2.587s] [ 42%] [32mBuilding CXX object CMakeFiles/custom_interfaces__rosidl_typesupport_fastrtps_cpp.dir/rosidl_typesupport_fastrtps_cpp/custom_interfaces/msg/detail/dds_fastrtps/led_states__type_support.cpp.o[0m
[2.594s] [ 44%] [32mBuilding CXX object CMakeFiles/custom_interfaces__rosidl_typesupport_fastrtps_cpp.dir/rosidl_typesupport_fastrtps_cpp/custom_interfaces/srv/detail/dds_fastrtps/set_led__type_support.cpp.o[0m
[2.596s] [35m[1mScanning dependencies of target custom_interfaces__rosidl_typesupport_introspection_c[0m
[2.599s] [ 46%] [32mBuilding CXX object CMakeFiles/custom_interfaces__rosidl_typesupport_introspection_cpp.dir/rosidl_typesupport_introspection_cpp/custom_interfaces/srv/detail/compute_area_of_rectangle__type_support.cpp.o[0m
[2.633s] [ 46%] Built target custom_interfaces__rosidl_typesupport_c
[2.639s] [ 47%] [32mBuilding C object CMakeFiles/custom_interfaces__rosidl_typesupport_introspection_c.dir/rosidl_typesupport_introspection_c/custom_interfaces/msg/detail/hw_status__type_support.c.o[0m
[2.652s] [ 49%] [32mBuilding CXX object CMakeFiles/custom_interfaces__rosidl_typesupport_cpp.dir/rosidl_typesupport_cpp/custom_interfaces/msg/led_state__type_support.cpp.o[0m
[2.653s] [ 50%] [32mBuilding CXX object CMakeFiles/custom_interfaces__rosidl_typesupport_fastrtps_cpp.dir/rosidl_typesupport_fastrtps_cpp/custom_interfaces/srv/detail/dds_fastrtps/compute_area_of_rectangle__type_support.cpp.o[0m
[2.711s] [ 52%] [32mBuilding C object CMakeFiles/custom_interfaces__rosidl_typesupport_introspection_c.dir/rosidl_typesupport_introspection_c/custom_interfaces/msg/detail/led_state__type_support.c.o[0m
[2.797s] [ 53%] [32mBuilding C object CMakeFiles/custom_interfaces__rosidl_typesupport_introspection_c.dir/rosidl_typesupport_introspection_c/custom_interfaces/msg/detail/led_states__type_support.c.o[0m
[2.887s] [ 55%] [32mBuilding C object CMakeFiles/custom_interfaces__rosidl_typesupport_introspection_c.dir/rosidl_typesupport_introspection_c/custom_interfaces/srv/detail/set_led__type_support.c.o[0m
[2.930s] [ 57%] [32m[1mLinking CXX shared library libcustom_interfaces__rosidl_typesupport_introspection_cpp.so[0m
[2.937s] [ 58%] [32mBuilding C object CMakeFiles/custom_interfaces__rosidl_typesupport_introspection_c.dir/rosidl_typesupport_introspection_c/custom_interfaces/srv/detail/compute_area_of_rectangle__type_support.c.o[0m
[2.981s] [ 60%] [32mBuilding CXX object CMakeFiles/custom_interfaces__rosidl_typesupport_cpp.dir/rosidl_typesupport_cpp/custom_interfaces/msg/led_states__type_support.cpp.o[0m
[2.982s] [ 61%] [32m[1mLinking C shared library libcustom_interfaces__rosidl_typesupport_introspection_c.so[0m
[3.028s] [ 61%] Built target custom_interfaces__rosidl_typesupport_introspection_c
[3.045s] [ 63%] [32mBuilding CXX object CMakeFiles/custom_interfaces__rosidl_typesupport_cpp.dir/rosidl_typesupport_cpp/custom_interfaces/srv/set_led__type_support.cpp.o[0m
[3.058s] [ 65%] [32mBuilding CXX object CMakeFiles/custom_interfaces__rosidl_typesupport_cpp.dir/rosidl_typesupport_cpp/custom_interfaces/srv/compute_area_of_rectangle__type_support.cpp.o[0m
[3.106s] [ 65%] Built target custom_interfaces__rosidl_typesupport_introspection_cpp
[3.161s] [ 66%] [32m[1mLinking CXX shared library libcustom_interfaces__rosidl_typesupport_fastrtps_cpp.so[0m
[3.269s] [ 66%] Built target custom_interfaces__rosidl_typesupport_fastrtps_cpp
[3.279s] [ 68%] [34m[1mGenerating C type support for eProsima Fast-RTPS[0m
[3.358s] [ 69%] [32m[1mLinking CXX shared library libcustom_interfaces__rosidl_typesupport_cpp.so[0m
[3.389s] [ 69%] Built target custom_interfaces__rosidl_typesupport_cpp
[3.595s] [35m[1mScanning dependencies of target custom_interfaces__rosidl_typesupport_fastrtps_c[0m
[3.613s] [ 71%] [32mBuilding CXX object CMakeFiles/custom_interfaces__rosidl_typesupport_fastrtps_c.dir/rosidl_typesupport_fastrtps_c/custom_interfaces/srv/detail/set_led__type_support_c.cpp.o[0m
[3.613s] [ 73%] [32mBuilding CXX object CMakeFiles/custom_interfaces__rosidl_typesupport_fastrtps_c.dir/rosidl_typesupport_fastrtps_c/custom_interfaces/msg/detail/led_state__type_support_c.cpp.o[0m
[3.614s] [ 74%] [32mBuilding CXX object CMakeFiles/custom_interfaces__rosidl_typesupport_fastrtps_c.dir/rosidl_typesupport_fastrtps_c/custom_interfaces/msg/detail/led_states__type_support_c.cpp.o[0m
[3.615s] [ 76%] [32mBuilding CXX object CMakeFiles/custom_interfaces__rosidl_typesupport_fastrtps_c.dir/rosidl_typesupport_fastrtps_c/custom_interfaces/msg/detail/hw_status__type_support_c.cpp.o[0m
[3.616s] [ 77%] [32mBuilding CXX object CMakeFiles/custom_interfaces__rosidl_typesupport_fastrtps_c.dir/rosidl_typesupport_fastrtps_c/custom_interfaces/srv/detail/compute_area_of_rectangle__type_support_c.cpp.o[0m
[3.971s] [ 79%] [32m[1mLinking CXX shared library libcustom_interfaces__rosidl_typesupport_fastrtps_c.so[0m
[4.043s] [ 79%] Built target custom_interfaces__rosidl_typesupport_fastrtps_c
[4.052s] [35m[1mScanning dependencies of target custom_interfaces[0m
[4.061s] [ 79%] Built target custom_interfaces
[4.071s] [35m[1mScanning dependencies of target custom_interfaces__py[0m
[4.080s] [ 80%] [34m[1mGenerating Python code for ROS interfaces[0m
[4.744s] [ 80%] Built target custom_interfaces__py
[4.754s] [35m[1mScanning dependencies of target custom_interfaces__python[0m
[4.783s] [ 84%] [32mBuilding C object CMakeFiles/custom_interfaces__python.dir/rosidl_generator_py/custom_interfaces/msg/_led_states_s.c.o[0m
[4.783s] [ 84%] [32mBuilding C object CMakeFiles/custom_interfaces__python.dir/rosidl_generator_py/custom_interfaces/msg/_led_state_s.c.o[0m
[4.784s] [ 85%] [32mBuilding C object CMakeFiles/custom_interfaces__python.dir/rosidl_generator_py/custom_interfaces/srv/_compute_area_of_rectangle_s.c.o[0m
[4.784s] [ 87%] [32mBuilding C object CMakeFiles/custom_interfaces__python.dir/rosidl_generator_py/custom_interfaces/msg/_hw_status_s.c.o[0m
[4.784s] [ 88%] [32mBuilding C object CMakeFiles/custom_interfaces__python.dir/rosidl_generator_py/custom_interfaces/srv/_set_led_s.c.o[0m
[4.883s] [ 90%] [32m[1mLinking C shared library rosidl_generator_py/custom_interfaces/libcustom_interfaces__python.so[0m
[4.914s] [ 90%] Built target custom_interfaces__python
[4.924s] [35m[1mScanning dependencies of target custom_interfaces__rosidl_typesupport_introspection_c__pyext[0m
[4.925s] [35m[1mScanning dependencies of target custom_interfaces__rosidl_typesupport_c__pyext[0m
[4.925s] [35m[1mScanning dependencies of target custom_interfaces__rosidl_typesupport_fastrtps_c__pyext[0m
[4.943s] [ 95%] [32mBuilding C object CMakeFiles/custom_interfaces__rosidl_typesupport_fastrtps_c__pyext.dir/rosidl_generator_py/custom_interfaces/_custom_interfaces_s.ep.rosidl_typesupport_fastrtps_c.c.o[0m
[4.943s] [ 95%] [32mBuilding C object CMakeFiles/custom_interfaces__rosidl_typesupport_introspection_c__pyext.dir/rosidl_generator_py/custom_interfaces/_custom_interfaces_s.ep.rosidl_typesupport_introspection_c.c.o[0m
[4.943s] [ 95%] [32mBuilding C object CMakeFiles/custom_interfaces__rosidl_typesupport_c__pyext.dir/rosidl_generator_py/custom_interfaces/_custom_interfaces_s.ep.rosidl_typesupport_c.c.o[0m
[5.015s] [ 98%] [32m[1mLinking C shared library rosidl_generator_py/custom_interfaces/custom_interfaces_s__rosidl_typesupport_introspection_c.cpython-38-x86_64-linux-gnu.so[0m
[5.015s] [ 98%] [32m[1mLinking CXX shared library rosidl_generator_py/custom_interfaces/custom_interfaces_s__rosidl_typesupport_fastrtps_c.cpython-38-x86_64-linux-gnu.so[0m
[5.015s] [100%] [32m[1mLinking C shared library rosidl_generator_py/custom_interfaces/custom_interfaces_s__rosidl_typesupport_c.cpython-38-x86_64-linux-gnu.so[0m
[5.047s] [100%] Built target custom_interfaces__rosidl_typesupport_introspection_c__pyext
[5.047s] [100%] Built target custom_interfaces__rosidl_typesupport_c__pyext
[5.071s] [100%] Built target custom_interfaces__rosidl_typesupport_fastrtps_c__pyext
[5.081s] Invoked command in '/home/krishna/Altran_Folders/ROS2/catkin_ws/build/custom_interfaces' returned '0': CMAKE_PREFIX_PATH=${CMAKE_PREFIX_PATH}:/home/krishna/Git_Aorta/aorta/ROS/install/tuk_filter:/home/krishna/Git_Aorta/aorta/ROS/install/trajectory_planning:/home/krishna/Git_Aorta/aorta/ROS/install/trajectory_following_parameter:/home/krishna/Git_Aorta/aorta/ROS/install/trajectory_following:/home/krishna/Git_Aorta/aorta/ROS/install/traffic_light_control:/home/krishna/Git_Aorta/aorta/ROS/install/carla_aorta_test:/home/krishna/Git_Aorta/aorta/ROS/install/carla_ad_demo:/home/krishna/Git_Aorta/aorta/ROS/install/rqt_carla_control:/home/krishna/Git_Aorta/aorta/ROS/install/carla_waypoint_publisher:/home/krishna/Git_Aorta/aorta/ROS/install/carla_ackermann_control:/home/krishna/Git_Aorta/aorta/ROS/install/carla_ros_bridge:/home/krishna/Git_Aorta/aorta/ROS/install/carla_spawn_objects:/home/krishna/Git_Aorta/aorta/ROS/install/carla_manual_control:/home/krishna/Git_Aorta/aorta/ROS/install/carla_ad_agent:/home/krishna/Git_Aorta/aorta/ROS/install/ros_compatibility:/home/krishna/Git_Aorta/aorta/ROS/install/ros_bridge_addon:/home/krishna/Git_Aorta/aorta/ROS/install/emergency_filter:/home/krishna/Git_Aorta/aorta/ROS/install/edge_device:/home/krishna/Git_Aorta/aorta/ROS/install/dummy_manual_control:/home/krishna/Git_Aorta/aorta/ROS/install/default_filter:/home/krishna/Git_Aorta/aorta/ROS/install/car_tuk:/home/krishna/Git_Aorta/aorta/ROS/install/car_emergency:/home/krishna/Git_Aorta/aorta/ROS/install/car_default:/home/krishna/Git_Aorta/aorta/ROS/install/car_altran:/home/krishna/Git_Aorta/aorta/ROS/install/car_akka:/home/krishna/Git_Aorta/aorta/ROS/install/aorta_server:/home/krishna/Git_Aorta/aorta/ROS/install/aorta_demo:/home/krishna/Git_Aorta/aorta/ROS/install/altran_filter:/home/krishna/Git_Aorta/aorta/ROS/install/akka_sensor_dummy:/home/krishna/Git_Aorta/aorta/ROS/install/akka_filter:/home/krishna/Git_Aorta/aorta/ROS/install/carla_walker_agent:/home/krishna/Git_Aorta/aorta/ROS/install/carla_twist_to_control:/home/krishna/Git_Aorta/aorta/ROS/install/carla_ros_scenario_runner:/home/krishna/Git_Aorta/aorta/ROS/install/carla_common:/opt/ros/galactic /usr/bin/cmake --build /home/krishna/Altran_Folders/ROS2/catkin_ws/build/custom_interfaces -- -j8 -l8
[5.187s] Invoking command in '/home/krishna/Altran_Folders/ROS2/catkin_ws/build/custom_interfaces': CMAKE_PREFIX_PATH=${CMAKE_PREFIX_PATH}:/home/krishna/Git_Aorta/aorta/ROS/install/tuk_filter:/home/krishna/Git_Aorta/aorta/ROS/install/trajectory_planning:/home/krishna/Git_Aorta/aorta/ROS/install/trajectory_following_parameter:/home/krishna/Git_Aorta/aorta/ROS/install/trajectory_following:/home/krishna/Git_Aorta/aorta/ROS/install/traffic_light_control:/home/krishna/Git_Aorta/aorta/ROS/install/carla_aorta_test:/home/krishna/Git_Aorta/aorta/ROS/install/carla_ad_demo:/home/krishna/Git_Aorta/aorta/ROS/install/rqt_carla_control:/home/krishna/Git_Aorta/aorta/ROS/install/carla_waypoint_publisher:/home/krishna/Git_Aorta/aorta/ROS/install/carla_ackermann_control:/home/krishna/Git_Aorta/aorta/ROS/install/carla_ros_bridge:/home/krishna/Git_Aorta/aorta/ROS/install/carla_spawn_objects:/home/krishna/Git_Aorta/aorta/ROS/install/carla_manual_control:/home/krishna/Git_Aorta/aorta/ROS/install/carla_ad_agent:/home/krishna/Git_Aorta/aorta/ROS/install/ros_compatibility:/home/krishna/Git_Aorta/aorta/ROS/install/ros_bridge_addon:/home/krishna/Git_Aorta/aorta/ROS/install/emergency_filter:/home/krishna/Git_Aorta/aorta/ROS/install/edge_device:/home/krishna/Git_Aorta/aorta/ROS/install/dummy_manual_control:/home/krishna/Git_Aorta/aorta/ROS/install/default_filter:/home/krishna/Git_Aorta/aorta/ROS/install/car_tuk:/home/krishna/Git_Aorta/aorta/ROS/install/car_emergency:/home/krishna/Git_Aorta/aorta/ROS/install/car_default:/home/krishna/Git_Aorta/aorta/ROS/install/car_altran:/home/krishna/Git_Aorta/aorta/ROS/install/car_akka:/home/krishna/Git_Aorta/aorta/ROS/install/aorta_server:/home/krishna/Git_Aorta/aorta/ROS/install/aorta_demo:/home/krishna/Git_Aorta/aorta/ROS/install/altran_filter:/home/krishna/Git_Aorta/aorta/ROS/install/akka_sensor_dummy:/home/krishna/Git_Aorta/aorta/ROS/install/akka_filter:/home/krishna/Git_Aorta/aorta/ROS/install/carla_walker_agent:/home/krishna/Git_Aorta/aorta/ROS/install/carla_twist_to_control:/home/krishna/Git_Aorta/aorta/ROS/install/carla_ros_scenario_runner:/home/krishna/Git_Aorta/aorta/ROS/install/carla_common:/opt/ros/galactic /usr/bin/cmake --install /home/krishna/Altran_Folders/ROS2/catkin_ws/build/custom_interfaces
[5.194s] -- Install configuration: ""
[5.194s] -- Installing: /home/krishna/Altran_Folders/ROS2/catkin_ws/install/custom_interfaces/share/ament_index/resource_index/rosidl_interfaces/custom_interfaces
[5.194s] -- Installing: /home/krishna/Altran_Folders/ROS2/catkin_ws/install/custom_interfaces/include/custom_interfaces
[5.194s] -- Installing: /home/krishna/Altran_Folders/ROS2/catkin_ws/install/custom_interfaces/include/custom_interfaces/msg
[5.194s] -- Installing: /home/krishna/Altran_Folders/ROS2/catkin_ws/install/custom_interfaces/include/custom_interfaces/msg/detail
[5.194s] -- Installing: /home/krishna/Altran_Folders/ROS2/catkin_ws/install/custom_interfaces/include/custom_interfaces/msg/detail/led_state__type_support.h
[5.194s] -- Installing: /home/krishna/Altran_Folders/ROS2/catkin_ws/install/custom_interfaces/include/custom_interfaces/msg/detail/hw_status__functions.c
[5.194s] -- Installing: /home/krishna/Altran_Folders/ROS2/catkin_ws/install/custom_interfaces/include/custom_interfaces/msg/detail/led_state__functions.c
[5.194s] -- Installing: /home/krishna/Altran_Folders/ROS2/catkin_ws/install/custom_interfaces/include/custom_interfaces/msg/detail/led_state__functions.h
[5.194s] -- Installing: /home/krishna/Altran_Folders/ROS2/catkin_ws/install/custom_interfaces/include/custom_interfaces/msg/detail/hw_status__functions.h
[5.194s] -- Installing: /home/krishna/Altran_Folders/ROS2/catkin_ws/install/custom_interfaces/include/custom_interfaces/msg/detail/led_states__type_support.h
[5.194s] -- Installing: /home/krishna/Altran_Folders/ROS2/catkin_ws/install/custom_interfaces/include/custom_interfaces/msg/detail/led_states__struct.h
[5.195s] -- Installing: /home/krishna/Altran_Folders/ROS2/catkin_ws/install/custom_interfaces/include/custom_interfaces/msg/detail/hw_status__type_support.h
[5.195s] -- Installing: /home/krishna/Altran_Folders/ROS2/catkin_ws/install/custom_interfaces/include/custom_interfaces/msg/detail/hw_status__struct.h
[5.195s] -- Installing: /home/krishna/Altran_Folders/ROS2/catkin_ws/install/custom_interfaces/include/custom_interfaces/msg/detail/led_states__functions.h
[5.195s] -- Installing: /home/krishna/Altran_Folders/ROS2/catkin_ws/install/custom_interfaces/include/custom_interfaces/msg/detail/led_state__struct.h
[5.195s] -- Installing: /home/krishna/Altran_Folders/ROS2/catkin_ws/install/custom_interfaces/include/custom_interfaces/msg/detail/led_states__functions.c
[5.195s] -- Installing: /home/krishna/Altran_Folders/ROS2/catkin_ws/install/custom_interfaces/include/custom_interfaces/msg/led_state.h
[5.195s] -- Installing: /home/krishna/Altran_Folders/ROS2/catkin_ws/install/custom_interfaces/include/custom_interfaces/msg/rosidl_generator_c__visibility_control.h
[5.195s] -- Installing: /home/krishna/Altran_Folders/ROS2/catkin_ws/install/custom_interfaces/include/custom_interfaces/msg/led_states.h
[5.195s] -- Installing: /home/krishna/Altran_Folders/ROS2/catkin_ws/install/custom_interfaces/include/custom_interfaces/msg/hw_status.h
[5.195s] -- Installing: /home/krishna/Altran_Folders/ROS2/catkin_ws/install/custom_interfaces/include/custom_interfaces/srv
[5.195s] -- Installing: /home/krishna/Altran_Folders/ROS2/catkin_ws/install/custom_interfaces/include/custom_interfaces/srv/set_led.h
[5.195s] -- Installing: /home/krishna/Altran_Folders/ROS2/catkin_ws/install/custom_interfaces/include/custom_interfaces/srv/detail
[5.195s] -- Installing: /home/krishna/Altran_Folders/ROS2/catkin_ws/install/custom_interfaces/include/custom_interfaces/srv/detail/set_led__struct.h
[5.195s] -- Installing: /home/krishna/Altran_Folders/ROS2/catkin_ws/install/custom_interfaces/include/custom_interfaces/srv/detail/compute_area_of_rectangle__functions.h
[5.195s] -- Installing: /home/krishna/Altran_Folders/ROS2/catkin_ws/install/custom_interfaces/include/custom_interfaces/srv/detail/compute_area_of_rectangle__type_support.h
[5.195s] -- Installing: /home/krishna/Altran_Folders/ROS2/catkin_ws/install/custom_interfaces/include/custom_interfaces/srv/detail/set_led__type_support.h
[5.195s] -- Installing: /home/krishna/Altran_Folders/ROS2/catkin_ws/install/custom_interfaces/include/custom_interfaces/srv/detail/set_led__functions.c
[5.196s] -- Installing: /home/krishna/Altran_Folders/ROS2/catkin_ws/install/custom_interfaces/include/custom_interfaces/srv/detail/compute_area_of_rectangle__struct.h
[5.196s] -- Installing: /home/krishna/Altran_Folders/ROS2/catkin_ws/install/custom_interfaces/include/custom_interfaces/srv/detail/set_led__functions.h
[5.196s] -- Installing: /home/krishna/Altran_Folders/ROS2/catkin_ws/install/custom_interfaces/include/custom_interfaces/srv/detail/compute_area_of_rectangle__functions.c
[5.196s] -- Installing: /home/krishna/Altran_Folders/ROS2/catkin_ws/install/custom_interfaces/include/custom_interfaces/srv/compute_area_of_rectangle.h
[5.196s] -- Installing: /home/krishna/Altran_Folders/ROS2/catkin_ws/install/custom_interfaces/share/custom_interfaces/environment/library_path.sh
[5.196s] -- Installing: /home/krishna/Altran_Folders/ROS2/catkin_ws/install/custom_interfaces/share/custom_interfaces/environment/library_path.dsv
[5.196s] -- Installing: /home/krishna/Altran_Folders/ROS2/catkin_ws/install/custom_interfaces/lib/libcustom_interfaces__rosidl_generator_c.so
[5.196s] -- Set runtime path of "/home/krishna/Altran_Folders/ROS2/catkin_ws/install/custom_interfaces/lib/libcustom_interfaces__rosidl_generator_c.so" to ""
[5.196s] -- Up-to-date: /home/krishna/Altran_Folders/ROS2/catkin_ws/install/custom_interfaces/include/custom_interfaces
[5.197s] -- Up-to-date: /home/krishna/Altran_Folders/ROS2/catkin_ws/install/custom_interfaces/include/custom_interfaces/msg
[5.197s] -- Up-to-date: /home/krishna/Altran_Folders/ROS2/catkin_ws/install/custom_interfaces/include/custom_interfaces/msg/detail
[5.197s] -- Installing: /home/krishna/Altran_Folders/ROS2/catkin_ws/install/custom_interfaces/include/custom_interfaces/msg/detail/led_states__rosidl_typesupport_fastrtps_c.h
[5.197s] -- Installing: /home/krishna/Altran_Folders/ROS2/catkin_ws/install/custom_interfaces/include/custom_interfaces/msg/detail/led_state__rosidl_typesupport_fastrtps_c.h
[5.197s] -- Installing: /home/krishna/Altran_Folders/ROS2/catkin_ws/install/custom_interfaces/include/custom_interfaces/msg/detail/hw_status__rosidl_typesupport_fastrtps_c.h
[5.197s] -- Installing: /home/krishna/Altran_Folders/ROS2/catkin_ws/install/custom_interfaces/include/custom_interfaces/msg/rosidl_typesupport_fastrtps_c__visibility_control.h
[5.197s] -- Up-to-date: /home/krishna/Altran_Folders/ROS2/catkin_ws/install/custom_interfaces/include/custom_interfaces/srv
[5.197s] -- Up-to-date: /home/krishna/Altran_Folders/ROS2/catkin_ws/install/custom_interfaces/include/custom_interfaces/srv/detail
[5.197s] -- Installing: /home/krishna/Altran_Folders/ROS2/catkin_ws/install/custom_interfaces/include/custom_interfaces/srv/detail/compute_area_of_rectangle__rosidl_typesupport_fastrtps_c.h
[5.197s] -- Installing: /home/krishna/Altran_Folders/ROS2/catkin_ws/install/custom_interfaces/include/custom_interfaces/srv/detail/set_led__rosidl_typesupport_fastrtps_c.h
[5.197s] -- Installing: /home/krishna/Altran_Folders/ROS2/catkin_ws/install/custom_interfaces/lib/libcustom_interfaces__rosidl_typesupport_fastrtps_c.so
[5.197s] -- Set runtime path of "/home/krishna/Altran_Folders/ROS2/catkin_ws/install/custom_interfaces/lib/libcustom_interfaces__rosidl_typesupport_fastrtps_c.so" to ""
[5.197s] -- Up-to-date: /home/krishna/Altran_Folders/ROS2/catkin_ws/install/custom_interfaces/include/custom_interfaces
[5.197s] -- Up-to-date: /home/krishna/Altran_Folders/ROS2/catkin_ws/install/custom_interfaces/include/custom_interfaces/msg
[5.197s] -- Up-to-date: /home/krishna/Altran_Folders/ROS2/catkin_ws/install/custom_interfaces/include/custom_interfaces/msg/detail
[5.198s] -- Installing: /home/krishna/Altran_Folders/ROS2/catkin_ws/install/custom_interfaces/include/custom_interfaces/msg/detail/dds_fastrtps
[5.198s] -- Installing: /home/krishna/Altran_Folders/ROS2/catkin_ws/install/custom_interfaces/include/custom_interfaces/msg/detail/led_state__rosidl_typesupport_fastrtps_cpp.hpp
[5.198s] -- Installing: /home/krishna/Altran_Folders/ROS2/catkin_ws/install/custom_interfaces/include/custom_interfaces/msg/detail/led_states__rosidl_typesupport_fastrtps_cpp.hpp
[5.198s] -- Installing: /home/krishna/Altran_Folders/ROS2/catkin_ws/install/custom_interfaces/include/custom_interfaces/msg/detail/hw_status__rosidl_typesupport_fastrtps_cpp.hpp
[5.198s] -- Installing: /home/krishna/Altran_Folders/ROS2/catkin_ws/install/custom_interfaces/include/custom_interfaces/msg/rosidl_typesupport_fastrtps_cpp__visibility_control.h
[5.198s] -- Up-to-date: /home/krishna/Altran_Folders/ROS2/catkin_ws/install/custom_interfaces/include/custom_interfaces/srv
[5.198s] -- Up-to-date: /home/krishna/Altran_Folders/ROS2/catkin_ws/install/custom_interfaces/include/custom_interfaces/srv/detail
[5.198s] -- Installing: /home/krishna/Altran_Folders/ROS2/catkin_ws/install/custom_interfaces/include/custom_interfaces/srv/detail/compute_area_of_rectangle__rosidl_typesupport_fastrtps_cpp.hpp
[5.198s] -- Installing: /home/krishna/Altran_Folders/ROS2/catkin_ws/install/custom_interfaces/include/custom_interfaces/srv/detail/dds_fastrtps
[5.198s] -- Installing: /home/krishna/Altran_Folders/ROS2/catkin_ws/install/custom_interfaces/include/custom_interfaces/srv/detail/set_led__rosidl_typesupport_fastrtps_cpp.hpp
[5.198s] -- Installing: /home/krishna/Altran_Folders/ROS2/catkin_ws/install/custom_interfaces/lib/libcustom_interfaces__rosidl_typesupport_fastrtps_cpp.so
[5.198s] -- Set runtime path of "/home/krishna/Altran_Folders/ROS2/catkin_ws/install/custom_interfaces/lib/libcustom_interfaces__rosidl_typesupport_fastrtps_cpp.so" to ""
[5.199s] -- Up-to-date: /home/krishna/Altran_Folders/ROS2/catkin_ws/install/custom_interfaces/include/custom_interfaces
[5.199s] -- Up-to-date: /home/krishna/Altran_Folders/ROS2/catkin_ws/install/custom_interfaces/include/custom_interfaces/msg
[5.199s] -- Up-to-date: /home/krishna/Altran_Folders/ROS2/catkin_ws/install/custom_interfaces/include/custom_interfaces/msg/detail
[5.199s] -- Installing: /home/krishna/Altran_Folders/ROS2/catkin_ws/install/custom_interfaces/include/custom_interfaces/msg/detail/hw_status__rosidl_typesupport_introspection_c.h
[5.199s] -- Installing: /home/krishna/Altran_Folders/ROS2/catkin_ws/install/custom_interfaces/include/custom_interfaces/msg/detail/led_state__rosidl_typesupport_introspection_c.h
[5.199s] -- Installing: /home/krishna/Altran_Folders/ROS2/catkin_ws/install/custom_interfaces/include/custom_interfaces/msg/detail/hw_status__type_support.c
[5.199s] -- Installing: /home/krishna/Altran_Folders/ROS2/catkin_ws/install/custom_interfaces/include/custom_interfaces/msg/detail/led_states__rosidl_typesupport_introspection_c.h
[5.199s] -- Installing: /home/krishna/Altran_Folders/ROS2/catkin_ws/install/custom_interfaces/include/custom_interfaces/msg/detail/led_states__type_support.c
[5.199s] -- Installing: /home/krishna/Altran_Folders/ROS2/catkin_ws/install/custom_interfaces/include/custom_interfaces/msg/detail/led_state__type_support.c
[5.199s] -- Installing: /home/krishna/Altran_Folders/ROS2/catkin_ws/install/custom_interfaces/include/custom_interfaces/msg/rosidl_typesupport_introspection_c__visibility_control.h
[5.199s] -- Up-to-date: /home/krishna/Altran_Folders/ROS2/catkin_ws/install/custom_interfaces/include/custom_interfaces/srv
[5.199s] -- Up-to-date: /home/krishna/Altran_Folders/ROS2/catkin_ws/install/custom_interfaces/include/custom_interfaces/srv/detail
[5.199s] -- Installing: /home/krishna/Altran_Folders/ROS2/catkin_ws/install/custom_interfaces/include/custom_interfaces/srv/detail/set_led__rosidl_typesupport_introspection_c.h
[5.199s] -- Installing: /home/krishna/Altran_Folders/ROS2/catkin_ws/install/custom_interfaces/include/custom_interfaces/srv/detail/compute_area_of_rectangle__rosidl_typesupport_introspection_c.h
[5.199s] -- Installing: /home/krishna/Altran_Folders/ROS2/catkin_ws/install/custom_interfaces/include/custom_interfaces/srv/detail/set_led__type_support.c
[5.199s] -- Installing: /home/krishna/Altran_Folders/ROS2/catkin_ws/install/custom_interfaces/include/custom_interfaces/srv/detail/compute_area_of_rectangle__type_support.c
[5.199s] -- Installing: /home/krishna/Altran_Folders/ROS2/catkin_ws/install/custom_interfaces/lib/libcustom_interfaces__rosidl_typesupport_introspection_c.so
[5.200s] -- Set runtime path of "/home/krishna/Altran_Folders/ROS2/catkin_ws/install/custom_interfaces/lib/libcustom_interfaces__rosidl_typesupport_introspection_c.so" to ""
[5.200s] -- Installing: /home/krishna/Altran_Folders/ROS2/catkin_ws/install/custom_interfaces/lib/libcustom_interfaces__rosidl_typesupport_c.so
[5.200s] -- Set runtime path of "/home/krishna/Altran_Folders/ROS2/catkin_ws/install/custom_interfaces/lib/libcustom_interfaces__rosidl_typesupport_c.so" to ""
[5.200s] -- Up-to-date: /home/krishna/Altran_Folders/ROS2/catkin_ws/install/custom_interfaces/include/custom_interfaces
[5.200s] -- Up-to-date: /home/krishna/Altran_Folders/ROS2/catkin_ws/install/custom_interfaces/include/custom_interfaces/msg
[5.200s] -- Installing: /home/krishna/Altran_Folders/ROS2/catkin_ws/install/custom_interfaces/include/custom_interfaces/msg/hw_status.hpp
[5.200s] -- Up-to-date: /home/krishna/Altran_Folders/ROS2/catkin_ws/install/custom_interfaces/include/custom_interfaces/msg/detail
[5.200s] -- Installing: /home/krishna/Altran_Folders/ROS2/catkin_ws/install/custom_interfaces/include/custom_interfaces/msg/detail/hw_status__traits.hpp
[5.200s] -- Installing: /home/krishna/Altran_Folders/ROS2/catkin_ws/install/custom_interfaces/include/custom_interfaces/msg/detail/hw_status__struct.hpp
[5.200s] -- Installing: /home/krishna/Altran_Folders/ROS2/catkin_ws/install/custom_interfaces/include/custom_interfaces/msg/detail/hw_status__builder.hpp
[5.200s] -- Installing: /home/krishna/Altran_Folders/ROS2/catkin_ws/install/custom_interfaces/include/custom_interfaces/msg/detail/led_state__struct.hpp
[5.201s] -- Installing: /home/krishna/Altran_Folders/ROS2/catkin_ws/install/custom_interfaces/include/custom_interfaces/msg/detail/led_states__builder.hpp
[5.201s] -- Installing: /home/krishna/Altran_Folders/ROS2/catkin_ws/install/custom_interfaces/include/custom_interfaces/msg/detail/led_state__builder.hpp
[5.201s] -- Installing: /home/krishna/Altran_Folders/ROS2/catkin_ws/install/custom_interfaces/include/custom_interfaces/msg/detail/led_states__traits.hpp
[5.201s] -- Installing: /home/krishna/Altran_Folders/ROS2/catkin_ws/install/custom_interfaces/include/custom_interfaces/msg/detail/led_states__struct.hpp
[5.201s] -- Installing: /home/krishna/Altran_Folders/ROS2/catkin_ws/install/custom_interfaces/include/custom_interfaces/msg/detail/led_state__traits.hpp
[5.201s] -- Installing: /home/krishna/Altran_Folders/ROS2/catkin_ws/install/custom_interfaces/include/custom_interfaces/msg/led_state.hpp
[5.201s] -- Installing: /home/krishna/Altran_Folders/ROS2/catkin_ws/install/custom_interfaces/include/custom_interfaces/msg/led_states.hpp
[5.201s] -- Up-to-date: /home/krishna/Altran_Folders/ROS2/catkin_ws/install/custom_interfaces/include/custom_interfaces/srv
[5.201s] -- Up-to-date: /home/krishna/Altran_Folders/ROS2/catkin_ws/install/custom_interfaces/include/custom_interfaces/srv/detail
[5.201s] -- Installing: /home/krishna/Altran_Folders/ROS2/catkin_ws/install/custom_interfaces/include/custom_interfaces/srv/detail/compute_area_of_rectangle__traits.hpp
[5.201s] -- Installing: /home/krishna/Altran_Folders/ROS2/catkin_ws/install/custom_interfaces/include/custom_interfaces/srv/detail/compute_area_of_rectangle__struct.hpp
[5.201s] -- Installing: /home/krishna/Altran_Folders/ROS2/catkin_ws/install/custom_interfaces/include/custom_interfaces/srv/detail/set_led__builder.hpp
[5.201s] -- Installing: /home/krishna/Altran_Folders/ROS2/catkin_ws/install/custom_interfaces/include/custom_interfaces/srv/detail/compute_area_of_rectangle__builder.hpp
[5.201s] -- Installing: /home/krishna/Altran_Folders/ROS2/catkin_ws/install/custom_interfaces/include/custom_interfaces/srv/detail/set_led__struct.hpp
[5.201s] -- Installing: /home/krishna/Altran_Folders/ROS2/catkin_ws/install/custom_interfaces/include/custom_interfaces/srv/detail/set_led__traits.hpp
[5.201s] -- Installing: /home/krishna/Altran_Folders/ROS2/catkin_ws/install/custom_interfaces/include/custom_interfaces/srv/set_led.hpp
[5.201s] -- Installing: /home/krishna/Altran_Folders/ROS2/catkin_ws/install/custom_interfaces/include/custom_interfaces/srv/compute_area_of_rectangle.hpp
[5.202s] -- Up-to-date: /home/krishna/Altran_Folders/ROS2/catkin_ws/install/custom_interfaces/include/custom_interfaces
[5.202s] -- Up-to-date: /home/krishna/Altran_Folders/ROS2/catkin_ws/install/custom_interfaces/include/custom_interfaces/msg
[5.202s] -- Up-to-date: /home/krishna/Altran_Folders/ROS2/catkin_ws/install/custom_interfaces/include/custom_interfaces/msg/detail
[5.202s] -- Installing: /home/krishna/Altran_Folders/ROS2/catkin_ws/install/custom_interfaces/include/custom_interfaces/msg/detail/hw_status__rosidl_typesupport_introspection_cpp.hpp
[5.202s] -- Installing: /home/krishna/Altran_Folders/ROS2/catkin_ws/install/custom_interfaces/include/custom_interfaces/msg/detail/led_states__type_support.cpp
[5.202s] -- Installing: /home/krishna/Altran_Folders/ROS2/catkin_ws/install/custom_interfaces/include/custom_interfaces/msg/detail/hw_status__type_support.cpp
[5.202s] -- Installing: /home/krishna/Altran_Folders/ROS2/catkin_ws/install/custom_interfaces/include/custom_interfaces/msg/detail/led_state__rosidl_typesupport_introspection_cpp.hpp
[5.202s] -- Installing: /home/krishna/Altran_Folders/ROS2/catkin_ws/install/custom_interfaces/include/custom_interfaces/msg/detail/led_states__rosidl_typesupport_introspection_cpp.hpp
[5.202s] -- Installing: /home/krishna/Altran_Folders/ROS2/catkin_ws/install/custom_interfaces/include/custom_interfaces/msg/detail/led_state__type_support.cpp
[5.202s] -- Up-to-date: /home/krishna/Altran_Folders/ROS2/catkin_ws/install/custom_interfaces/include/custom_interfaces/srv
[5.202s] -- Up-to-date: /home/krishna/Altran_Folders/ROS2/catkin_ws/install/custom_interfaces/include/custom_interfaces/srv/detail
[5.202s] -- Installing: /home/krishna/Altran_Folders/ROS2/catkin_ws/install/custom_interfaces/include/custom_interfaces/srv/detail/set_led__type_support.cpp
[5.202s] -- Installing: /home/krishna/Altran_Folders/ROS2/catkin_ws/install/custom_interfaces/include/custom_interfaces/srv/detail/set_led__rosidl_typesupport_introspection_cpp.hpp
[5.202s] -- Installing: /home/krishna/Altran_Folders/ROS2/catkin_ws/install/custom_interfaces/include/custom_interfaces/srv/detail/compute_area_of_rectangle__type_support.cpp
[5.202s] -- Installing: /home/krishna/Altran_Folders/ROS2/catkin_ws/install/custom_interfaces/include/custom_interfaces/srv/detail/compute_area_of_rectangle__rosidl_typesupport_introspection_cpp.hpp
[5.203s] -- Installing: /home/krishna/Altran_Folders/ROS2/catkin_ws/install/custom_interfaces/lib/libcustom_interfaces__rosidl_typesupport_introspection_cpp.so
[5.203s] -- Set runtime path of "/home/krishna/Altran_Folders/ROS2/catkin_ws/install/custom_interfaces/lib/libcustom_interfaces__rosidl_typesupport_introspection_cpp.so" to ""
[5.203s] -- Installing: /home/krishna/Altran_Folders/ROS2/catkin_ws/install/custom_interfaces/lib/libcustom_interfaces__rosidl_typesupport_cpp.so
[5.203s] -- Set runtime path of "/home/krishna/Altran_Folders/ROS2/catkin_ws/install/custom_interfaces/lib/libcustom_interfaces__rosidl_typesupport_cpp.so" to ""
[5.203s] -- Installing: /home/krishna/Altran_Folders/ROS2/catkin_ws/install/custom_interfaces/share/custom_interfaces/environment/pythonpath.sh
[5.203s] -- Installing: /home/krishna/Altran_Folders/ROS2/catkin_ws/install/custom_interfaces/share/custom_interfaces/environment/pythonpath.dsv
[5.203s] -- Installing: /home/krishna/Altran_Folders/ROS2/catkin_ws/install/custom_interfaces/lib/python3.8/site-packages/custom_interfaces/__init__.py
[5.245s] Compiling '/home/krishna/Altran_Folders/ROS2/catkin_ws/install/custom_interfaces/lib/python3.8/site-packages/custom_interfaces/__init__.py'...
[5.248s] -- Installing: /home/krishna/Altran_Folders/ROS2/catkin_ws/install/custom_interfaces/lib/python3.8/site-packages/custom_interfaces/msg
[5.248s] -- Installing: /home/krishna/Altran_Folders/ROS2/catkin_ws/install/custom_interfaces/lib/python3.8/site-packages/custom_interfaces/msg/_led_state_s.c
[5.248s] -- Installing: /home/krishna/Altran_Folders/ROS2/catkin_ws/install/custom_interfaces/lib/python3.8/site-packages/custom_interfaces/msg/_led_states.py
[5.248s] -- Installing: /home/krishna/Altran_Folders/ROS2/catkin_ws/install/custom_interfaces/lib/python3.8/site-packages/custom_interfaces/msg/_hw_status.py
[5.248s] -- Installing: /home/krishna/Altran_Folders/ROS2/catkin_ws/install/custom_interfaces/lib/python3.8/site-packages/custom_interfaces/msg/__init__.py
[5.248s] -- Installing: /home/krishna/Altran_Folders/ROS2/catkin_ws/install/custom_interfaces/lib/python3.8/site-packages/custom_interfaces/msg/_hw_status_s.c
[5.249s] -- Installing: /home/krishna/Altran_Folders/ROS2/catkin_ws/install/custom_interfaces/lib/python3.8/site-packages/custom_interfaces/msg/_led_state.py
[5.249s] -- Installing: /home/krishna/Altran_Folders/ROS2/catkin_ws/install/custom_interfaces/lib/python3.8/site-packages/custom_interfaces/msg/_led_states_s.c
[5.249s] -- Installing: /home/krishna/Altran_Folders/ROS2/catkin_ws/install/custom_interfaces/lib/python3.8/site-packages/custom_interfaces/srv
[5.249s] -- Installing: /home/krishna/Altran_Folders/ROS2/catkin_ws/install/custom_interfaces/lib/python3.8/site-packages/custom_interfaces/srv/_compute_area_of_rectangle_s.c
[5.249s] -- Installing: /home/krishna/Altran_Folders/ROS2/catkin_ws/install/custom_interfaces/lib/python3.8/site-packages/custom_interfaces/srv/_set_led.py
[5.249s] -- Installing: /home/krishna/Altran_Folders/ROS2/catkin_ws/install/custom_interfaces/lib/python3.8/site-packages/custom_interfaces/srv/__init__.py
[5.249s] -- Installing: /home/krishna/Altran_Folders/ROS2/catkin_ws/install/custom_interfaces/lib/python3.8/site-packages/custom_interfaces/srv/_set_led_s.c
[5.249s] -- Installing: /home/krishna/Altran_Folders/ROS2/catkin_ws/install/custom_interfaces/lib/python3.8/site-packages/custom_interfaces/srv/_compute_area_of_rectangle.py
[5.249s] -- Installing: /home/krishna/Altran_Folders/ROS2/catkin_ws/install/custom_interfaces/lib/python3.8/site-packages/custom_interfaces/custom_interfaces_s__rosidl_typesupport_fastrtps_c.cpython-38-x86_64-linux-gnu.so
[5.250s] -- Set runtime path of "/home/krishna/Altran_Folders/ROS2/catkin_ws/install/custom_interfaces/lib/python3.8/site-packages/custom_interfaces/custom_interfaces_s__rosidl_typesupport_fastrtps_c.cpython-38-x86_64-linux-gnu.so" to ""
[5.250s] -- Installing: /home/krishna/Altran_Folders/ROS2/catkin_ws/install/custom_interfaces/lib/python3.8/site-packages/custom_interfaces/custom_interfaces_s__rosidl_typesupport_introspection_c.cpython-38-x86_64-linux-gnu.so
[5.250s] -- Set runtime path of "/home/krishna/Altran_Folders/ROS2/catkin_ws/install/custom_interfaces/lib/python3.8/site-packages/custom_interfaces/custom_interfaces_s__rosidl_typesupport_introspection_c.cpython-38-x86_64-linux-gnu.so" to ""
[5.250s] -- Installing: /home/krishna/Altran_Folders/ROS2/catkin_ws/install/custom_interfaces/lib/python3.8/site-packages/custom_interfaces/custom_interfaces_s__rosidl_typesupport_c.cpython-38-x86_64-linux-gnu.so
[5.251s] -- Set runtime path of "/home/krishna/Altran_Folders/ROS2/catkin_ws/install/custom_interfaces/lib/python3.8/site-packages/custom_interfaces/custom_interfaces_s__rosidl_typesupport_c.cpython-38-x86_64-linux-gnu.so" to ""
[5.251s] -- Installing: /home/krishna/Altran_Folders/ROS2/catkin_ws/install/custom_interfaces/lib/libcustom_interfaces__python.so
[5.251s] -- Set runtime path of "/home/krishna/Altran_Folders/ROS2/catkin_ws/install/custom_interfaces/lib/libcustom_interfaces__python.so" to ""
[5.251s] -- Installing: /home/krishna/Altran_Folders/ROS2/catkin_ws/install/custom_interfaces/share/custom_interfaces/msg/HwStatus.idl
[5.251s] -- Installing: /home/krishna/Altran_Folders/ROS2/catkin_ws/install/custom_interfaces/share/custom_interfaces/msg/LEDState.idl
[5.251s] -- Installing: /home/krishna/Altran_Folders/ROS2/catkin_ws/install/custom_interfaces/share/custom_interfaces/msg/LEDStates.idl
[5.251s] -- Installing: /home/krishna/Altran_Folders/ROS2/catkin_ws/install/custom_interfaces/share/custom_interfaces/srv/SetLED.idl
[5.251s] -- Installing: /home/krishna/Altran_Folders/ROS2/catkin_ws/install/custom_interfaces/share/custom_interfaces/srv/ComputeAreaOfRectangle.idl
[5.251s] -- Installing: /home/krishna/Altran_Folders/ROS2/catkin_ws/install/custom_interfaces/share/custom_interfaces/msg/HwStatus.msg
[5.251s] -- Installing: /home/krishna/Altran_Folders/ROS2/catkin_ws/install/custom_interfaces/share/custom_interfaces/msg/LEDState.msg
[5.251s] -- Installing: /home/krishna/Altran_Folders/ROS2/catkin_ws/install/custom_interfaces/share/custom_interfaces/msg/LEDStates.msg
[5.251s] -- Installing: /home/krishna/Altran_Folders/ROS2/catkin_ws/install/custom_interfaces/share/custom_interfaces/srv/SetLED.srv
[5.252s] -- Installing: /home/krishna/Altran_Folders/ROS2/catkin_ws/install/custom_interfaces/share/custom_interfaces/srv/SetLED_Request.msg
[5.252s] -- Installing: /home/krishna/Altran_Folders/ROS2/catkin_ws/install/custom_interfaces/share/custom_interfaces/srv/SetLED_Response.msg
[5.252s] -- Installing: /home/krishna/Altran_Folders/ROS2/catkin_ws/install/custom_interfaces/share/custom_interfaces/srv/ComputeAreaOfRectangle.srv
[5.252s] -- Installing: /home/krishna/Altran_Folders/ROS2/catkin_ws/install/custom_interfaces/share/custom_interfaces/srv/ComputeAreaOfRectangle_Request.msg
[5.252s] -- Installing: /home/krishna/Altran_Folders/ROS2/catkin_ws/install/custom_interfaces/share/custom_interfaces/srv/ComputeAreaOfRectangle_Response.msg
[5.252s] -- Installing: /home/krishna/Altran_Folders/ROS2/catkin_ws/install/custom_interfaces/share/ament_index/resource_index/package_run_dependencies/custom_interfaces
[5.252s] -- Installing: /home/krishna/Altran_Folders/ROS2/catkin_ws/install/custom_interfaces/share/ament_index/resource_index/parent_prefix_path/custom_interfaces
[5.252s] -- Installing: /home/krishna/Altran_Folders/ROS2/catkin_ws/install/custom_interfaces/share/custom_interfaces/environment/ament_prefix_path.sh
[5.252s] -- Installing: /home/krishna/Altran_Folders/ROS2/catkin_ws/install/custom_interfaces/share/custom_interfaces/environment/ament_prefix_path.dsv
[5.252s] -- Installing: /home/krishna/Altran_Folders/ROS2/catkin_ws/install/custom_interfaces/share/custom_interfaces/environment/path.sh
[5.252s] -- Installing: /home/krishna/Altran_Folders/ROS2/catkin_ws/install/custom_interfaces/share/custom_interfaces/environment/path.dsv
[5.253s] -- Installing: /home/krishna/Altran_Folders/ROS2/catkin_ws/install/custom_interfaces/share/custom_interfaces/local_setup.bash
[5.253s] -- Installing: /home/krishna/Altran_Folders/ROS2/catkin_ws/install/custom_interfaces/share/custom_interfaces/local_setup.sh
[5.253s] -- Installing: /home/krishna/Altran_Folders/ROS2/catkin_ws/install/custom_interfaces/share/custom_interfaces/local_setup.zsh
[5.253s] -- Installing: /home/krishna/Altran_Folders/ROS2/catkin_ws/install/custom_interfaces/share/custom_interfaces/local_setup.dsv
[5.253s] -- Installing: /home/krishna/Altran_Folders/ROS2/catkin_ws/install/custom_interfaces/share/custom_interfaces/package.dsv
[5.253s] -- Installing: /home/krishna/Altran_Folders/ROS2/catkin_ws/install/custom_interfaces/share/ament_index/resource_index/packages/custom_interfaces
[5.253s] -- Installing: /home/krishna/Altran_Folders/ROS2/catkin_ws/install/custom_interfaces/share/custom_interfaces/cmake/custom_interfaces__rosidl_generator_cExport.cmake
[5.253s] -- Installing: /home/krishna/Altran_Folders/ROS2/catkin_ws/install/custom_interfaces/share/custom_interfaces/cmake/custom_interfaces__rosidl_generator_cExport-noconfig.cmake
[5.253s] -- Installing: /home/krishna/Altran_Folders/ROS2/catkin_ws/install/custom_interfaces/share/custom_interfaces/cmake/custom_interfaces__rosidl_typesupport_introspection_cExport.cmake
[5.253s] -- Installing: /home/krishna/Altran_Folders/ROS2/catkin_ws/install/custom_interfaces/share/custom_interfaces/cmake/custom_interfaces__rosidl_typesupport_introspection_cExport-noconfig.cmake
[5.254s] -- Installing: /home/krishna/Altran_Folders/ROS2/catkin_ws/install/custom_interfaces/share/custom_interfaces/cmake/custom_interfaces__rosidl_typesupport_cExport.cmake
[5.254s] -- Installing: /home/krishna/Altran_Folders/ROS2/catkin_ws/install/custom_interfaces/share/custom_interfaces/cmake/custom_interfaces__rosidl_typesupport_cExport-noconfig.cmake
[5.254s] -- Installing: /home/krishna/Altran_Folders/ROS2/catkin_ws/install/custom_interfaces/share/custom_interfaces/cmake/custom_interfaces__rosidl_generator_cppExport.cmake
[5.254s] -- Installing: /home/krishna/Altran_Folders/ROS2/catkin_ws/install/custom_interfaces/share/custom_interfaces/cmake/custom_interfaces__rosidl_typesupport_introspection_cppExport.cmake
[5.254s] -- Installing: /home/krishna/Altran_Folders/ROS2/catkin_ws/install/custom_interfaces/share/custom_interfaces/cmake/custom_interfaces__rosidl_typesupport_introspection_cppExport-noconfig.cmake
[5.254s] -- Installing: /home/krishna/Altran_Folders/ROS2/catkin_ws/install/custom_interfaces/share/custom_interfaces/cmake/custom_interfaces__rosidl_typesupport_cppExport.cmake
[5.254s] -- Installing: /home/krishna/Altran_Folders/ROS2/catkin_ws/install/custom_interfaces/share/custom_interfaces/cmake/custom_interfaces__rosidl_typesupport_cppExport-noconfig.cmake
[5.254s] -- Installing: /home/krishna/Altran_Folders/ROS2/catkin_ws/install/custom_interfaces/share/custom_interfaces/cmake/rosidl_cmake-extras.cmake
[5.254s] -- Installing: /home/krishna/Altran_Folders/ROS2/catkin_ws/install/custom_interfaces/share/custom_interfaces/cmake/ament_cmake_export_dependencies-extras.cmake
[5.254s] -- Installing: /home/krishna/Altran_Folders/ROS2/catkin_ws/install/custom_interfaces/share/custom_interfaces/cmake/ament_cmake_export_libraries-extras.cmake
[5.255s] -- Installing: /home/krishna/Altran_Folders/ROS2/catkin_ws/install/custom_interfaces/share/custom_interfaces/cmake/ament_cmake_export_targets-extras.cmake
[5.255s] -- Installing: /home/krishna/Altran_Folders/ROS2/catkin_ws/install/custom_interfaces/share/custom_interfaces/cmake/ament_cmake_export_include_directories-extras.cmake
[5.255s] -- Installing: /home/krishna/Altran_Folders/ROS2/catkin_ws/install/custom_interfaces/share/custom_interfaces/cmake/rosidl_cmake_export_typesupport_libraries-extras.cmake
[5.255s] -- Installing: /home/krishna/Altran_Folders/ROS2/catkin_ws/install/custom_interfaces/share/custom_interfaces/cmake/rosidl_cmake_export_typesupport_targets-extras.cmake
[5.255s] -- Installing: /home/krishna/Altran_Folders/ROS2/catkin_ws/install/custom_interfaces/share/custom_interfaces/cmake/custom_interfacesConfig.cmake
[5.255s] -- Installing: /home/krishna/Altran_Folders/ROS2/catkin_ws/install/custom_interfaces/share/custom_interfaces/cmake/custom_interfacesConfig-version.cmake
[5.255s] -- Installing: /home/krishna/Altran_Folders/ROS2/catkin_ws/install/custom_interfaces/share/custom_interfaces/package.xml
[5.258s] Invoked command in '/home/krishna/Altran_Folders/ROS2/catkin_ws/build/custom_interfaces' returned '0': CMAKE_PREFIX_PATH=${CMAKE_PREFIX_PATH}:/home/krishna/Git_Aorta/aorta/ROS/install/tuk_filter:/home/krishna/Git_Aorta/aorta/ROS/install/trajectory_planning:/home/krishna/Git_Aorta/aorta/ROS/install/trajectory_following_parameter:/home/krishna/Git_Aorta/aorta/ROS/install/trajectory_following:/home/krishna/Git_Aorta/aorta/ROS/install/traffic_light_control:/home/krishna/Git_Aorta/aorta/ROS/install/carla_aorta_test:/home/krishna/Git_Aorta/aorta/ROS/install/carla_ad_demo:/home/krishna/Git_Aorta/aorta/ROS/install/rqt_carla_control:/home/krishna/Git_Aorta/aorta/ROS/install/carla_waypoint_publisher:/home/krishna/Git_Aorta/aorta/ROS/install/carla_ackermann_control:/home/krishna/Git_Aorta/aorta/ROS/install/carla_ros_bridge:/home/krishna/Git_Aorta/aorta/ROS/install/carla_spawn_objects:/home/krishna/Git_Aorta/aorta/ROS/install/carla_manual_control:/home/krishna/Git_Aorta/aorta/ROS/install/carla_ad_agent:/home/krishna/Git_Aorta/aorta/ROS/install/ros_compatibility:/home/krishna/Git_Aorta/aorta/ROS/install/ros_bridge_addon:/home/krishna/Git_Aorta/aorta/ROS/install/emergency_filter:/home/krishna/Git_Aorta/aorta/ROS/install/edge_device:/home/krishna/Git_Aorta/aorta/ROS/install/dummy_manual_control:/home/krishna/Git_Aorta/aorta/ROS/install/default_filter:/home/krishna/Git_Aorta/aorta/ROS/install/car_tuk:/home/krishna/Git_Aorta/aorta/ROS/install/car_emergency:/home/krishna/Git_Aorta/aorta/ROS/install/car_default:/home/krishna/Git_Aorta/aorta/ROS/install/car_altran:/home/krishna/Git_Aorta/aorta/ROS/install/car_akka:/home/krishna/Git_Aorta/aorta/ROS/install/aorta_server:/home/krishna/Git_Aorta/aorta/ROS/install/aorta_demo:/home/krishna/Git_Aorta/aorta/ROS/install/altran_filter:/home/krishna/Git_Aorta/aorta/ROS/install/akka_sensor_dummy:/home/krishna/Git_Aorta/aorta/ROS/install/akka_filter:/home/krishna/Git_Aorta/aorta/ROS/install/carla_walker_agent:/home/krishna/Git_Aorta/aorta/ROS/install/carla_twist_to_control:/home/krishna/Git_Aorta/aorta/ROS/install/carla_ros_scenario_runner:/home/krishna/Git_Aorta/aorta/ROS/install/carla_common:/opt/ros/galactic /usr/bin/cmake --install /home/krishna/Altran_Folders/ROS2/catkin_ws/build/custom_interfaces
