/home/krishna/Altran_Folders/ROS2/catkin_ws/install/my_py_pkg/lib/python3.8/site-packages/my_py_pkg/py_sub.py
/home/krishna/Altran_Folders/ROS2/catkin_ws/install/my_py_pkg/lib/python3.8/site-packages/my_py_pkg/pyClient.py
/home/krishna/Altran_Folders/ROS2/catkin_ws/install/my_py_pkg/lib/python3.8/site-packages/my_py_pkg/__init__.py
/home/krishna/Altran_Folders/ROS2/catkin_ws/install/my_py_pkg/lib/python3.8/site-packages/my_py_pkg/pyServer.py
/home/krishna/Altran_Folders/ROS2/catkin_ws/install/my_py_pkg/lib/python3.8/site-packages/my_py_pkg/pyClientOOPS.py
/home/krishna/Altran_Folders/ROS2/catkin_ws/install/my_py_pkg/lib/python3.8/site-packages/my_py_pkg/class_node.py
/home/krishna/Altran_Folders/ROS2/catkin_ws/install/my_py_pkg/lib/python3.8/site-packages/my_py_pkg/py_pub.py
/home/krishna/Altran_Folders/ROS2/catkin_ws/install/my_py_pkg/lib/python3.8/site-packages/my_py_pkg/first_py_node.py
/home/krishna/Altran_Folders/ROS2/catkin_ws/install/my_py_pkg/lib/python3.8/site-packages/my_py_pkg/__pycache__/py_sub.cpython-38.pyc
/home/krishna/Altran_Folders/ROS2/catkin_ws/install/my_py_pkg/lib/python3.8/site-packages/my_py_pkg/__pycache__/pyClient.cpython-38.pyc
/home/krishna/Altran_Folders/ROS2/catkin_ws/install/my_py_pkg/lib/python3.8/site-packages/my_py_pkg/__pycache__/__init__.cpython-38.pyc
/home/krishna/Altran_Folders/ROS2/catkin_ws/install/my_py_pkg/lib/python3.8/site-packages/my_py_pkg/__pycache__/pyServer.cpython-38.pyc
/home/krishna/Altran_Folders/ROS2/catkin_ws/install/my_py_pkg/lib/python3.8/site-packages/my_py_pkg/__pycache__/pyClientOOPS.cpython-38.pyc
/home/krishna/Altran_Folders/ROS2/catkin_ws/install/my_py_pkg/lib/python3.8/site-packages/my_py_pkg/__pycache__/class_node.cpython-38.pyc
/home/krishna/Altran_Folders/ROS2/catkin_ws/install/my_py_pkg/lib/python3.8/site-packages/my_py_pkg/__pycache__/py_pub.cpython-38.pyc
/home/krishna/Altran_Folders/ROS2/catkin_ws/install/my_py_pkg/lib/python3.8/site-packages/my_py_pkg/__pycache__/first_py_node.cpython-38.pyc
/home/krishna/Altran_Folders/ROS2/catkin_ws/install/my_py_pkg/share/ament_index/resource_index/packages/my_py_pkg
/home/krishna/Altran_Folders/ROS2/catkin_ws/install/my_py_pkg/share/my_py_pkg/package.xml
/home/krishna/Altran_Folders/ROS2/catkin_ws/install/my_py_pkg/lib/python3.8/site-packages/my_py_pkg-0.0.0-py3.8.egg-info/entry_points.txt
/home/krishna/Altran_Folders/ROS2/catkin_ws/install/my_py_pkg/lib/python3.8/site-packages/my_py_pkg-0.0.0-py3.8.egg-info/dependency_links.txt
/home/krishna/Altran_Folders/ROS2/catkin_ws/install/my_py_pkg/lib/python3.8/site-packages/my_py_pkg-0.0.0-py3.8.egg-info/top_level.txt
/home/krishna/Altran_Folders/ROS2/catkin_ws/install/my_py_pkg/lib/python3.8/site-packages/my_py_pkg-0.0.0-py3.8.egg-info/requires.txt
/home/krishna/Altran_Folders/ROS2/catkin_ws/install/my_py_pkg/lib/python3.8/site-packages/my_py_pkg-0.0.0-py3.8.egg-info/SOURCES.txt
/home/krishna/Altran_Folders/ROS2/catkin_ws/install/my_py_pkg/lib/python3.8/site-packages/my_py_pkg-0.0.0-py3.8.egg-info/zip-safe
/home/krishna/Altran_Folders/ROS2/catkin_ws/install/my_py_pkg/lib/python3.8/site-packages/my_py_pkg-0.0.0-py3.8.egg-info/PKG-INFO
/home/krishna/Altran_Folders/ROS2/catkin_ws/install/my_py_pkg/lib/my_py_pkg/pyClientOOPS_exe
/home/krishna/Altran_Folders/ROS2/catkin_ws/install/my_py_pkg/lib/my_py_pkg/pyClient_exe
/home/krishna/Altran_Folders/ROS2/catkin_ws/install/my_py_pkg/lib/my_py_pkg/pyPub_exe
/home/krishna/Altran_Folders/ROS2/catkin_ws/install/my_py_pkg/lib/my_py_pkg/pyServer_exe
/home/krishna/Altran_Folders/ROS2/catkin_ws/install/my_py_pkg/lib/my_py_pkg/pySub_exe
/home/krishna/Altran_Folders/ROS2/catkin_ws/install/my_py_pkg/lib/my_py_pkg/py_exe
/home/krishna/Altran_Folders/ROS2/catkin_ws/install/my_py_pkg/lib/my_py_pkg/pyclass_exe
