[0.216s] Invoking command in '/home/krishna/ROS2/catkin_ws/src/my_py_pkg': PYTHONPATH=/home/krishna/ROS2/catkin_ws/src/my_py_pkg/install/my_py_pkg/lib/python3.8/site-packages:${PYTHONPATH} /usr/bin/python3 setup.py egg_info --egg-base build/my_py_pkg build --build-base /home/krishna/ROS2/catkin_ws/src/my_py_pkg/build/my_py_pkg/build install --prefix /home/krishna/ROS2/catkin_ws/src/my_py_pkg/install/my_py_pkg --record /home/krishna/ROS2/catkin_ws/src/my_py_pkg/build/my_py_pkg/install.log --single-version-externally-managed
[0.413s] running egg_info
[0.413s] creating build/my_py_pkg/my_py_pkg.egg-info
[0.414s] writing build/my_py_pkg/my_py_pkg.egg-info/PKG-INFO
[0.414s] writing dependency_links to build/my_py_pkg/my_py_pkg.egg-info/dependency_links.txt
[0.414s] writing entry points to build/my_py_pkg/my_py_pkg.egg-info/entry_points.txt
[0.414s] writing requirements to build/my_py_pkg/my_py_pkg.egg-info/requires.txt
[0.415s] writing top-level names to build/my_py_pkg/my_py_pkg.egg-info/top_level.txt
[0.416s] writing manifest file 'build/my_py_pkg/my_py_pkg.egg-info/SOURCES.txt'
[0.445s] reading manifest file 'build/my_py_pkg/my_py_pkg.egg-info/SOURCES.txt'
[0.445s] writing manifest file 'build/my_py_pkg/my_py_pkg.egg-info/SOURCES.txt'
[0.446s] running build
[0.446s] running build_py
[0.446s] creating /home/krishna/ROS2/catkin_ws/src/my_py_pkg/build/my_py_pkg/build
[0.446s] creating /home/krishna/ROS2/catkin_ws/src/my_py_pkg/build/my_py_pkg/build/lib
[0.446s] creating /home/krishna/ROS2/catkin_ws/src/my_py_pkg/build/my_py_pkg/build/lib/my_py_pkg
[0.446s] copying my_py_pkg/__init__.py -> /home/krishna/ROS2/catkin_ws/src/my_py_pkg/build/my_py_pkg/build/lib/my_py_pkg
[0.447s] copying my_py_pkg/first_py_node.py -> /home/krishna/ROS2/catkin_ws/src/my_py_pkg/build/my_py_pkg/build/lib/my_py_pkg
[0.447s] running install
[0.447s] running install_lib
[0.448s] creating /home/krishna/ROS2/catkin_ws/src/my_py_pkg/install/my_py_pkg/lib/python3.8/site-packages/my_py_pkg
[0.448s] copying /home/krishna/ROS2/catkin_ws/src/my_py_pkg/build/my_py_pkg/build/lib/my_py_pkg/__init__.py -> /home/krishna/ROS2/catkin_ws/src/my_py_pkg/install/my_py_pkg/lib/python3.8/site-packages/my_py_pkg
[0.448s] copying /home/krishna/ROS2/catkin_ws/src/my_py_pkg/build/my_py_pkg/build/lib/my_py_pkg/first_py_node.py -> /home/krishna/ROS2/catkin_ws/src/my_py_pkg/install/my_py_pkg/lib/python3.8/site-packages/my_py_pkg
[0.449s] byte-compiling /home/krishna/ROS2/catkin_ws/src/my_py_pkg/install/my_py_pkg/lib/python3.8/site-packages/my_py_pkg/__init__.py to __init__.cpython-38.pyc
[0.450s] byte-compiling /home/krishna/ROS2/catkin_ws/src/my_py_pkg/install/my_py_pkg/lib/python3.8/site-packages/my_py_pkg/first_py_node.py to first_py_node.cpython-38.pyc
[0.450s] running install_data
[0.450s] creating /home/krishna/ROS2/catkin_ws/src/my_py_pkg/install/my_py_pkg/share/ament_index
[0.451s] creating /home/krishna/ROS2/catkin_ws/src/my_py_pkg/install/my_py_pkg/share/ament_index/resource_index
[0.451s] creating /home/krishna/ROS2/catkin_ws/src/my_py_pkg/install/my_py_pkg/share/ament_index/resource_index/packages
[0.451s] copying resource/my_py_pkg -> /home/krishna/ROS2/catkin_ws/src/my_py_pkg/install/my_py_pkg/share/ament_index/resource_index/packages
[0.451s] copying package.xml -> /home/krishna/ROS2/catkin_ws/src/my_py_pkg/install/my_py_pkg/share/my_py_pkg
[0.451s] running install_egg_info
[0.452s] Copying build/my_py_pkg/my_py_pkg.egg-info to /home/krishna/ROS2/catkin_ws/src/my_py_pkg/install/my_py_pkg/lib/python3.8/site-packages/my_py_pkg-0.0.0-py3.8.egg-info
[0.453s] running install_scripts
[0.468s] Installing py_exe script to /home/krishna/ROS2/catkin_ws/src/my_py_pkg/install/my_py_pkg/lib/my_py_pkg
[0.469s] writing list of installed files to '/home/krishna/ROS2/catkin_ws/src/my_py_pkg/build/my_py_pkg/install.log'
[0.492s] Invoked command in '/home/krishna/ROS2/catkin_ws/src/my_py_pkg' returned '0': PYTHONPATH=/home/krishna/ROS2/catkin_ws/src/my_py_pkg/install/my_py_pkg/lib/python3.8/site-packages:${PYTHONPATH} /usr/bin/python3 setup.py egg_info --egg-base build/my_py_pkg build --build-base /home/krishna/ROS2/catkin_ws/src/my_py_pkg/build/my_py_pkg/build install --prefix /home/krishna/ROS2/catkin_ws/src/my_py_pkg/install/my_py_pkg --record /home/krishna/ROS2/catkin_ws/src/my_py_pkg/build/my_py_pkg/install.log --single-version-externally-managed
