[0.261s] DEBUG:colcon:Command line arguments: ['/usr/bin/colcon', 'build']
[0.262s] DEBUG:colcon:Parsed command line arguments: Namespace(ament_cmake_args=None, base_paths=['.'], build_base='build', catkin_cmake_args=None, catkin_skip_building_tests=False, cmake_args=None, cmake_clean_cache=False, cmake_clean_first=False, cmake_force_configure=False, cmake_target=None, cmake_target_skip_unavailable=False, continue_on_error=False, event_handlers=None, executor='parallel', ignore_user_meta=False, install_base='install', log_base=None, log_level=None, main=<bound method BuildVerb.main of <colcon_core.verb.build.BuildVerb object at 0x7fd31a749490>>, merge_install=False, metas=['./colcon.meta'], packages_above=None, packages_above_and_dependencies=None, packages_above_depth=None, packages_end=None, packages_ignore=None, packages_ignore_regex=None, packages_select=None, packages_select_build_failed=False, packages_select_by_dep=None, packages_select_regex=None, packages_select_test_failures=False, packages_skip=None, packages_skip_build_finished=False, packages_skip_by_dep=None, packages_skip_regex=None, packages_skip_test_passed=False, packages_skip_up_to=None, packages_start=None, packages_up_to=None, packages_up_to_regex=None, parallel_workers=6, paths=None, symlink_install=False, test_result_base=None, verb_extension=<colcon_core.verb.build.BuildVerb object at 0x7fd31a749490>, verb_name='build', verb_parser=<colcon_defaults.argument_parser.defaults.DefaultArgumentsDecorator object at 0x7fd31a7499d0>)
[0.267s] Level 1:colcon.colcon_core.package_discovery:discover_packages(colcon_meta) check parameters
[0.267s] Level 1:colcon.colcon_core.package_discovery:discover_packages(recursive) check parameters
[0.267s] Level 1:colcon.colcon_core.package_discovery:discover_packages(ignore) check parameters
[0.267s] Level 1:colcon.colcon_core.package_discovery:discover_packages(path) check parameters
[0.267s] Level 1:colcon.colcon_core.package_discovery:discover_packages(colcon_meta) discover
[0.267s] Level 1:colcon.colcon_core.package_discovery:discover_packages(recursive) discover
[0.267s] INFO:colcon.colcon_core.package_discovery:Crawling recursively for packages in '/home/krishna/ROS2/catkin_ws/src/my_py_pkg'
[0.267s] Level 1:colcon.colcon_core.package_identification:_identify(.) by extensions ['ignore', 'ignore_ament_install']
[0.267s] Level 1:colcon.colcon_core.package_identification:_identify(.) by extension 'ignore'
[0.267s] Level 1:colcon.colcon_core.package_identification:_identify(.) by extension 'ignore_ament_install'
[0.268s] Level 1:colcon.colcon_core.package_identification:_identify(.) by extensions ['colcon_pkg']
[0.268s] Level 1:colcon.colcon_core.package_identification:_identify(.) by extension 'colcon_pkg'
[0.268s] Level 1:colcon.colcon_core.package_identification:_identify(.) by extensions ['colcon_meta']
[0.268s] Level 1:colcon.colcon_core.package_identification:_identify(.) by extension 'colcon_meta'
[0.268s] Level 1:colcon.colcon_core.package_identification:_identify(.) by extensions ['ros']
[0.268s] Level 1:colcon.colcon_core.package_identification:_identify(.) by extension 'ros'
[0.280s] DEBUG:colcon.colcon_core.package_identification:Package '.' with type 'ros.ament_python' and name 'my_py_pkg'
[0.280s] Level 1:colcon.colcon_core.package_discovery:discover_packages(recursive) using defaults
[0.280s] Level 1:colcon.colcon_core.package_discovery:discover_packages(ignore) discover
[0.280s] Level 1:colcon.colcon_core.package_discovery:discover_packages(ignore) using defaults
[0.280s] Level 1:colcon.colcon_core.package_discovery:discover_packages(path) discover
[0.280s] Level 1:colcon.colcon_core.package_discovery:discover_packages(path) using defaults
[0.297s] Level 5:colcon.colcon_core.verb:set package 'my_py_pkg' build argument 'cmake_args' from command line to 'None'
[0.297s] Level 5:colcon.colcon_core.verb:set package 'my_py_pkg' build argument 'cmake_target' from command line to 'None'
[0.297s] Level 5:colcon.colcon_core.verb:set package 'my_py_pkg' build argument 'cmake_target_skip_unavailable' from command line to 'False'
[0.297s] Level 5:colcon.colcon_core.verb:set package 'my_py_pkg' build argument 'cmake_clean_cache' from command line to 'False'
[0.297s] Level 5:colcon.colcon_core.verb:set package 'my_py_pkg' build argument 'cmake_clean_first' from command line to 'False'
[0.297s] Level 5:colcon.colcon_core.verb:set package 'my_py_pkg' build argument 'cmake_force_configure' from command line to 'False'
[0.297s] Level 5:colcon.colcon_core.verb:set package 'my_py_pkg' build argument 'ament_cmake_args' from command line to 'None'
[0.297s] Level 5:colcon.colcon_core.verb:set package 'my_py_pkg' build argument 'catkin_cmake_args' from command line to 'None'
[0.297s] Level 5:colcon.colcon_core.verb:set package 'my_py_pkg' build argument 'catkin_skip_building_tests' from command line to 'False'
[0.297s] DEBUG:colcon.colcon_core.verb:Building package 'my_py_pkg' with the following arguments: {'ament_cmake_args': None, 'build_base': '/home/krishna/ROS2/catkin_ws/src/my_py_pkg/build/my_py_pkg', 'catkin_cmake_args': None, 'catkin_skip_building_tests': False, 'cmake_args': None, 'cmake_clean_cache': False, 'cmake_clean_first': False, 'cmake_force_configure': False, 'cmake_target': None, 'cmake_target_skip_unavailable': False, 'install_base': '/home/krishna/ROS2/catkin_ws/src/my_py_pkg/install/my_py_pkg', 'merge_install': False, 'path': '/home/krishna/ROS2/catkin_ws/src/my_py_pkg', 'symlink_install': False, 'test_result_base': None}
[0.297s] INFO:colcon.colcon_core.executor:Executing jobs using 'parallel' executor
[0.299s] DEBUG:colcon.colcon_parallel_executor.executor.parallel:run_until_complete
[0.299s] INFO:colcon.colcon_ros.task.ament_python.build:Building ROS package in '/home/krishna/ROS2/catkin_ws/src/my_py_pkg' with build type 'ament_python'
[0.300s] Level 1:colcon.colcon_core.shell:create_environment_hook('my_py_pkg', 'ament_prefix_path')
[0.303s] INFO:colcon.colcon_core.plugin_system:Skipping extension 'colcon_core.shell.bat': Not used on non-Windows systems
[0.303s] INFO:colcon.colcon_core.shell:Creating environment hook '/home/krishna/ROS2/catkin_ws/src/my_py_pkg/install/my_py_pkg/share/my_py_pkg/hook/ament_prefix_path.ps1'
[0.304s] INFO:colcon.colcon_core.shell:Creating environment descriptor '/home/krishna/ROS2/catkin_ws/src/my_py_pkg/install/my_py_pkg/share/my_py_pkg/hook/ament_prefix_path.dsv'
[0.304s] INFO:colcon.colcon_core.shell:Creating environment hook '/home/krishna/ROS2/catkin_ws/src/my_py_pkg/install/my_py_pkg/share/my_py_pkg/hook/ament_prefix_path.sh'
[0.305s] INFO:colcon.colcon_core.shell:Skip shell extension 'powershell' for command environment: Not usable outside of PowerShell
[0.305s] DEBUG:colcon.colcon_core.shell:Skip shell extension 'dsv' for command environment
[0.308s] DEBUG:colcon.colcon_core.shell:Ignoring prefix path '/opt/ros/foxy'
[0.508s] INFO:colcon.colcon_core.task.python.build:Building Python package in '/home/krishna/ROS2/catkin_ws/src/my_py_pkg'
[0.509s] INFO:colcon.colcon_core.shell:Skip shell extension 'powershell' for command environment: Not usable outside of PowerShell
[0.510s] DEBUG:colcon.colcon_core.shell:Skip shell extension 'dsv' for command environment
[0.511s] DEBUG:colcon.colcon_core.shell:Ignoring prefix path '/opt/ros/foxy'
[0.518s] DEBUG:colcon.colcon_core.event_handler.log_command:Invoking command in '/home/krishna/ROS2/catkin_ws/src/my_py_pkg': PYTHONPATH=/home/krishna/ROS2/catkin_ws/src/my_py_pkg/install/my_py_pkg/lib/python3.8/site-packages:${PYTHONPATH} /usr/bin/python3 setup.py egg_info --egg-base build/my_py_pkg build --build-base /home/krishna/ROS2/catkin_ws/src/my_py_pkg/build/my_py_pkg/build install --prefix /home/krishna/ROS2/catkin_ws/src/my_py_pkg/install/my_py_pkg --record /home/krishna/ROS2/catkin_ws/src/my_py_pkg/build/my_py_pkg/install.log --single-version-externally-managed
[0.793s] DEBUG:colcon.colcon_core.event_handler.log_command:Invoked command in '/home/krishna/ROS2/catkin_ws/src/my_py_pkg' returned '0': PYTHONPATH=/home/krishna/ROS2/catkin_ws/src/my_py_pkg/install/my_py_pkg/lib/python3.8/site-packages:${PYTHONPATH} /usr/bin/python3 setup.py egg_info --egg-base build/my_py_pkg build --build-base /home/krishna/ROS2/catkin_ws/src/my_py_pkg/build/my_py_pkg/build install --prefix /home/krishna/ROS2/catkin_ws/src/my_py_pkg/install/my_py_pkg --record /home/krishna/ROS2/catkin_ws/src/my_py_pkg/build/my_py_pkg/install.log --single-version-externally-managed
[0.797s] Level 1:colcon.colcon_core.environment:checking '/home/krishna/ROS2/catkin_ws/src/my_py_pkg/install/my_py_pkg' for CMake module files
[0.797s] Level 1:colcon.colcon_core.environment:checking '/home/krishna/ROS2/catkin_ws/src/my_py_pkg/install/my_py_pkg' for CMake config files
[0.798s] Level 1:colcon.colcon_core.environment:checking '/home/krishna/ROS2/catkin_ws/src/my_py_pkg/install/my_py_pkg/lib'
[0.798s] Level 1:colcon.colcon_core.environment:checking '/home/krishna/ROS2/catkin_ws/src/my_py_pkg/install/my_py_pkg/bin'
[0.798s] Level 1:colcon.colcon_core.environment:checking '/home/krishna/ROS2/catkin_ws/src/my_py_pkg/install/my_py_pkg/lib/pkgconfig/my_py_pkg.pc'
[0.798s] Level 1:colcon.colcon_core.environment:checking '/home/krishna/ROS2/catkin_ws/src/my_py_pkg/install/my_py_pkg/lib/python3.8/site-packages'
[0.798s] Level 1:colcon.colcon_core.shell:create_environment_hook('my_py_pkg', 'pythonpath')
[0.799s] INFO:colcon.colcon_core.shell:Creating environment hook '/home/krishna/ROS2/catkin_ws/src/my_py_pkg/install/my_py_pkg/share/my_py_pkg/hook/pythonpath.ps1'
[0.799s] INFO:colcon.colcon_core.shell:Creating environment descriptor '/home/krishna/ROS2/catkin_ws/src/my_py_pkg/install/my_py_pkg/share/my_py_pkg/hook/pythonpath.dsv'
[0.799s] INFO:colcon.colcon_core.shell:Creating environment hook '/home/krishna/ROS2/catkin_ws/src/my_py_pkg/install/my_py_pkg/share/my_py_pkg/hook/pythonpath.sh'
[0.800s] Level 1:colcon.colcon_core.environment:create_environment_scripts_only(my_py_pkg)
[0.800s] INFO:colcon.colcon_core.shell:Creating package script '/home/krishna/ROS2/catkin_ws/src/my_py_pkg/install/my_py_pkg/share/my_py_pkg/package.ps1'
[0.801s] INFO:colcon.colcon_core.shell:Creating package descriptor '/home/krishna/ROS2/catkin_ws/src/my_py_pkg/install/my_py_pkg/share/my_py_pkg/package.dsv'
[0.801s] INFO:colcon.colcon_core.shell:Creating package script '/home/krishna/ROS2/catkin_ws/src/my_py_pkg/install/my_py_pkg/share/my_py_pkg/package.sh'
[0.802s] INFO:colcon.colcon_core.shell:Creating package script '/home/krishna/ROS2/catkin_ws/src/my_py_pkg/install/my_py_pkg/share/my_py_pkg/package.bash'
[0.803s] INFO:colcon.colcon_core.shell:Creating package script '/home/krishna/ROS2/catkin_ws/src/my_py_pkg/install/my_py_pkg/share/my_py_pkg/package.zsh'
[0.803s] Level 1:colcon.colcon_core.environment:create_file_with_runtime_dependencies(/home/krishna/ROS2/catkin_ws/src/my_py_pkg/install/my_py_pkg/share/colcon-core/packages/my_py_pkg)
[0.804s] DEBUG:colcon.colcon_parallel_executor.executor.parallel:closing loop
[0.804s] DEBUG:colcon.colcon_parallel_executor.executor.parallel:loop closed
[0.804s] DEBUG:colcon.colcon_parallel_executor.executor.parallel:run_until_complete finished with '0'
[0.804s] DEBUG:colcon.colcon_core.event_reactor:joining thread
[0.810s] INFO:colcon.colcon_core.plugin_system:Skipping extension 'colcon_notification.desktop_notification.terminal_notifier': Not used on non-Darwin systems
[0.810s] INFO:colcon.colcon_core.plugin_system:Skipping extension 'colcon_notification.desktop_notification.win32': Not used on non-Windows systems
[0.810s] INFO:colcon.colcon_notification.desktop_notification:Sending desktop notification using 'notify2'
[0.826s] DEBUG:colcon.colcon_core.event_reactor:joined thread
[0.827s] INFO:colcon.colcon_core.shell:Creating prefix script '/home/krishna/ROS2/catkin_ws/src/my_py_pkg/install/local_setup.ps1'
[0.828s] INFO:colcon.colcon_core.shell:Creating prefix util module '/home/krishna/ROS2/catkin_ws/src/my_py_pkg/install/_local_setup_util_ps1.py'
[0.829s] INFO:colcon.colcon_core.shell:Creating prefix chain script '/home/krishna/ROS2/catkin_ws/src/my_py_pkg/install/setup.ps1'
[0.833s] INFO:colcon.colcon_core.shell:Creating prefix script '/home/krishna/ROS2/catkin_ws/src/my_py_pkg/install/local_setup.sh'
[0.834s] INFO:colcon.colcon_core.shell:Creating prefix util module '/home/krishna/ROS2/catkin_ws/src/my_py_pkg/install/_local_setup_util_sh.py'
[0.835s] INFO:colcon.colcon_core.shell:Creating prefix chain script '/home/krishna/ROS2/catkin_ws/src/my_py_pkg/install/setup.sh'
[0.838s] INFO:colcon.colcon_core.shell:Creating prefix script '/home/krishna/ROS2/catkin_ws/src/my_py_pkg/install/local_setup.bash'
[0.839s] INFO:colcon.colcon_core.shell:Creating prefix chain script '/home/krishna/ROS2/catkin_ws/src/my_py_pkg/install/setup.bash'
[0.841s] INFO:colcon.colcon_core.shell:Creating prefix script '/home/krishna/ROS2/catkin_ws/src/my_py_pkg/install/local_setup.zsh'
[0.842s] INFO:colcon.colcon_core.shell:Creating prefix chain script '/home/krishna/ROS2/catkin_ws/src/my_py_pkg/install/setup.zsh'
